mode: set
github.com/mattermost/mattermost/server/public/model/access.go:39.43,40.48 1 0
github.com/mattermost/mattermost/server/public/model/access.go:40.48,42.3 1 0
github.com/mattermost/mattermost/server/public/model/access.go:44.2,44.44 1 0
github.com/mattermost/mattermost/server/public/model/access.go:44.44,46.3 1 0
github.com/mattermost/mattermost/server/public/model/access.go:48.2,48.25 1 0
github.com/mattermost/mattermost/server/public/model/access.go:48.25,50.3 1 0
github.com/mattermost/mattermost/server/public/model/access.go:52.2,52.31 1 0
github.com/mattermost/mattermost/server/public/model/access.go:52.31,54.3 1 0
github.com/mattermost/mattermost/server/public/model/access.go:56.2,56.90 1 0
github.com/mattermost/mattermost/server/public/model/access.go:56.90,58.3 1 0
github.com/mattermost/mattermost/server/public/model/access.go:60.2,60.23 1 0
github.com/mattermost/mattermost/server/public/model/access.go:60.23,61.99 1 0
github.com/mattermost/mattermost/server/public/model/access.go:61.99,63.4 1 0
github.com/mattermost/mattermost/server/public/model/access.go:66.2,66.12 1 0
github.com/mattermost/mattermost/server/public/model/access.go:69.40,70.23 1 0
github.com/mattermost/mattermost/server/public/model/access.go:70.23,72.3 1 0
github.com/mattermost/mattermost/server/public/model/access.go:74.2,74.32 1 0
github.com/mattermost/mattermost/server/public/model/access.go:74.32,76.3 1 0
github.com/mattermost/mattermost/server/public/model/access.go:78.2,78.14 1 0
github.com/mattermost/mattermost/server/public/model/access_policy.go:58.45,60.2 1 0
github.com/mattermost/mattermost/server/public/model/access_policy.go:69.62,70.14 1 0
github.com/mattermost/mattermost/server/public/model/access_policy.go:70.14,72.3 1 0
github.com/mattermost/mattermost/server/public/model/access_policy.go:73.2,73.25 1 0
github.com/mattermost/mattermost/server/public/model/access_policy.go:73.25,74.66 1 0
github.com/mattermost/mattermost/server/public/model/access_policy.go:74.66,76.4 1 0
github.com/mattermost/mattermost/server/public/model/access_policy.go:78.2,78.14 1 0
github.com/mattermost/mattermost/server/public/model/access_policy.go:177.77,179.34 2 0
github.com/mattermost/mattermost/server/public/model/access_policy.go:179.34,184.3 1 0
github.com/mattermost/mattermost/server/public/model/access_policy.go:185.2,188.20 2 0
github.com/mattermost/mattermost/server/public/model/access_policy.go:188.20,190.3 1 0
github.com/mattermost/mattermost/server/public/model/access_policy.go:191.2,191.15 1 0
github.com/mattermost/mattermost/server/public/model/access_policy.go:194.51,195.38 1 0
github.com/mattermost/mattermost/server/public/model/access_policy.go:195.38,196.49 1 0
github.com/mattermost/mattermost/server/public/model/access_policy.go:196.49,198.4 1 0
github.com/mattermost/mattermost/server/public/model/access_policy.go:201.2,201.19 1 0
github.com/mattermost/mattermost/server/public/model/access_policy.go:202.38,203.37 1 0
github.com/mattermost/mattermost/server/public/model/access_policy.go:204.38,205.37 1 0
github.com/mattermost/mattermost/server/public/model/access_policy.go:206.38,207.37 1 0
github.com/mattermost/mattermost/server/public/model/access_policy.go:208.38,209.37 1 0
github.com/mattermost/mattermost/server/public/model/access_policy.go:210.10,211.116 1 0
github.com/mattermost/mattermost/server/public/model/access_policy.go:215.57,216.17 1 0
github.com/mattermost/mattermost/server/public/model/access_policy.go:217.10,218.22 1 0
github.com/mattermost/mattermost/server/public/model/access_policy.go:218.22,220.4 1 0
github.com/mattermost/mattermost/server/public/model/access_policy.go:221.36,222.28 1 0
github.com/mattermost/mattermost/server/public/model/access_policy.go:222.28,224.4 1 0
github.com/mattermost/mattermost/server/public/model/access_policy.go:225.10,226.114 1 0
github.com/mattermost/mattermost/server/public/model/access_policy.go:228.2,228.12 1 0
github.com/mattermost/mattermost/server/public/model/access_policy.go:231.67,232.103 1 0
github.com/mattermost/mattermost/server/public/model/access_policy.go:232.103,234.3 1 0
github.com/mattermost/mattermost/server/public/model/access_policy.go:236.2,236.22 1 0
github.com/mattermost/mattermost/server/public/model/access_policy.go:236.22,238.3 1 0
github.com/mattermost/mattermost/server/public/model/access_policy.go:240.2,240.100 1 0
github.com/mattermost/mattermost/server/public/model/access_policy.go:240.100,242.3 1 0
github.com/mattermost/mattermost/server/public/model/access_policy.go:244.2,244.20 1 0
github.com/mattermost/mattermost/server/public/model/access_policy.go:244.20,246.3 1 0
github.com/mattermost/mattermost/server/public/model/access_policy.go:248.2,248.32 1 0
github.com/mattermost/mattermost/server/public/model/access_policy.go:248.32,250.3 1 0
github.com/mattermost/mattermost/server/public/model/access_policy.go:252.2,252.16 1 0
github.com/mattermost/mattermost/server/public/model/access_policy.go:253.37,254.24 1 0
github.com/mattermost/mattermost/server/public/model/access_policy.go:254.24,256.4 1 0
github.com/mattermost/mattermost/server/public/model/access_policy.go:258.3,258.25 1 0
github.com/mattermost/mattermost/server/public/model/access_policy.go:258.25,260.4 1 0
github.com/mattermost/mattermost/server/public/model/access_policy.go:261.38,262.47 1 0
github.com/mattermost/mattermost/server/public/model/access_policy.go:262.47,264.4 1 0
github.com/mattermost/mattermost/server/public/model/access_policy.go:266.3,266.24 1 0
github.com/mattermost/mattermost/server/public/model/access_policy.go:266.24,268.4 1 0
github.com/mattermost/mattermost/server/public/model/access_policy.go:270.3,270.25 1 0
github.com/mattermost/mattermost/server/public/model/access_policy.go:270.25,272.4 1 0
github.com/mattermost/mattermost/server/public/model/access_policy.go:275.2,275.12 1 0
github.com/mattermost/mattermost/server/public/model/access_policy.go:278.67,279.103 1 0
github.com/mattermost/mattermost/server/public/model/access_policy.go:279.103,281.3 1 0
github.com/mattermost/mattermost/server/public/model/access_policy.go:283.2,283.22 1 0
github.com/mattermost/mattermost/server/public/model/access_policy.go:283.22,285.3 1 0
github.com/mattermost/mattermost/server/public/model/access_policy.go:287.2,287.100 1 0
github.com/mattermost/mattermost/server/public/model/access_policy.go:287.100,289.3 1 0
github.com/mattermost/mattermost/server/public/model/access_policy.go:291.2,291.20 1 0
github.com/mattermost/mattermost/server/public/model/access_policy.go:291.20,293.3 1 0
github.com/mattermost/mattermost/server/public/model/access_policy.go:295.2,295.32 1 0
github.com/mattermost/mattermost/server/public/model/access_policy.go:295.32,297.3 1 0
github.com/mattermost/mattermost/server/public/model/access_policy.go:299.2,299.16 1 0
github.com/mattermost/mattermost/server/public/model/access_policy.go:300.37,301.24 1 0
github.com/mattermost/mattermost/server/public/model/access_policy.go:301.24,303.4 1 0
github.com/mattermost/mattermost/server/public/model/access_policy.go:305.3,305.25 1 0
github.com/mattermost/mattermost/server/public/model/access_policy.go:305.25,307.4 1 0
github.com/mattermost/mattermost/server/public/model/access_policy.go:308.38,309.47 1 0
github.com/mattermost/mattermost/server/public/model/access_policy.go:309.47,311.4 1 0
github.com/mattermost/mattermost/server/public/model/access_policy.go:314.2,314.12 1 0
github.com/mattermost/mattermost/server/public/model/access_policy.go:317.67,318.138 1 0
github.com/mattermost/mattermost/server/public/model/access_policy.go:318.138,320.3 1 0
github.com/mattermost/mattermost/server/public/model/access_policy.go:322.2,322.22 1 0
github.com/mattermost/mattermost/server/public/model/access_policy.go:322.22,324.3 1 0
github.com/mattermost/mattermost/server/public/model/access_policy.go:326.2,326.149 1 0
github.com/mattermost/mattermost/server/public/model/access_policy.go:326.149,328.3 1 0
github.com/mattermost/mattermost/server/public/model/access_policy.go:330.2,330.20 1 0
github.com/mattermost/mattermost/server/public/model/access_policy.go:330.20,332.3 1 0
github.com/mattermost/mattermost/server/public/model/access_policy.go:334.2,334.32 1 0
github.com/mattermost/mattermost/server/public/model/access_policy.go:334.32,336.3 1 0
github.com/mattermost/mattermost/server/public/model/access_policy.go:338.2,338.16 1 0
github.com/mattermost/mattermost/server/public/model/access_policy.go:339.37,340.24 1 0
github.com/mattermost/mattermost/server/public/model/access_policy.go:340.24,342.4 1 0
github.com/mattermost/mattermost/server/public/model/access_policy.go:344.3,344.25 1 0
github.com/mattermost/mattermost/server/public/model/access_policy.go:344.25,346.4 1 0
github.com/mattermost/mattermost/server/public/model/access_policy.go:347.38,348.47 1 0
github.com/mattermost/mattermost/server/public/model/access_policy.go:348.47,350.4 1 0
github.com/mattermost/mattermost/server/public/model/access_policy.go:351.41,352.47 1 0
github.com/mattermost/mattermost/server/public/model/access_policy.go:352.47,354.4 1 0
github.com/mattermost/mattermost/server/public/model/access_policy.go:358.3,358.24 1 0
github.com/mattermost/mattermost/server/public/model/access_policy.go:358.24,360.4 1 0
github.com/mattermost/mattermost/server/public/model/access_policy.go:361.3,361.32 1 0
github.com/mattermost/mattermost/server/public/model/access_policy.go:361.32,362.37 1 0
github.com/mattermost/mattermost/server/public/model/access_policy.go:362.37,364.5 1 0
github.com/mattermost/mattermost/server/public/model/access_policy.go:367.3,367.25 1 0
github.com/mattermost/mattermost/server/public/model/access_policy.go:367.25,369.4 1 0
github.com/mattermost/mattermost/server/public/model/access_policy.go:372.2,372.31 1 0
github.com/mattermost/mattermost/server/public/model/access_policy.go:372.31,373.29 1 0
github.com/mattermost/mattermost/server/public/model/access_policy.go:373.29,375.4 1 0
github.com/mattermost/mattermost/server/public/model/access_policy.go:376.3,376.39 1 0
github.com/mattermost/mattermost/server/public/model/access_policy.go:376.39,377.35 1 0
github.com/mattermost/mattermost/server/public/model/access_policy.go:377.35,379.5 1 0
github.com/mattermost/mattermost/server/public/model/access_policy.go:381.3,381.126 1 0
github.com/mattermost/mattermost/server/public/model/access_policy.go:381.126,383.4 1 0
github.com/mattermost/mattermost/server/public/model/access_policy.go:386.2,386.12 1 0
github.com/mattermost/mattermost/server/public/model/access_policy.go:401.67,402.138 1 0
github.com/mattermost/mattermost/server/public/model/access_policy.go:402.138,404.3 1 0
github.com/mattermost/mattermost/server/public/model/access_policy.go:406.2,406.22 1 0
github.com/mattermost/mattermost/server/public/model/access_policy.go:406.22,408.3 1 0
github.com/mattermost/mattermost/server/public/model/access_policy.go:410.2,410.149 1 0
github.com/mattermost/mattermost/server/public/model/access_policy.go:410.149,412.3 1 0
github.com/mattermost/mattermost/server/public/model/access_policy.go:414.2,414.20 1 0
github.com/mattermost/mattermost/server/public/model/access_policy.go:414.20,416.3 1 0
github.com/mattermost/mattermost/server/public/model/access_policy.go:418.2,418.32 1 0
github.com/mattermost/mattermost/server/public/model/access_policy.go:418.32,420.3 1 0
github.com/mattermost/mattermost/server/public/model/access_policy.go:422.2,422.16 1 0
github.com/mattermost/mattermost/server/public/model/access_policy.go:423.37,424.24 1 0
github.com/mattermost/mattermost/server/public/model/access_policy.go:424.24,426.4 1 0
github.com/mattermost/mattermost/server/public/model/access_policy.go:427.3,427.25 1 0
github.com/mattermost/mattermost/server/public/model/access_policy.go:427.25,429.4 1 0
github.com/mattermost/mattermost/server/public/model/access_policy.go:430.38,431.47 1 0
github.com/mattermost/mattermost/server/public/model/access_policy.go:431.47,433.4 1 0
github.com/mattermost/mattermost/server/public/model/access_policy.go:434.41,435.47 1 0
github.com/mattermost/mattermost/server/public/model/access_policy.go:435.47,437.4 1 0
github.com/mattermost/mattermost/server/public/model/access_policy.go:438.3,438.24 1 0
github.com/mattermost/mattermost/server/public/model/access_policy.go:438.24,440.4 1 0
github.com/mattermost/mattermost/server/public/model/access_policy.go:441.3,441.32 1 0
github.com/mattermost/mattermost/server/public/model/access_policy.go:441.32,442.37 1 0
github.com/mattermost/mattermost/server/public/model/access_policy.go:442.37,444.5 1 0
github.com/mattermost/mattermost/server/public/model/access_policy.go:446.3,446.25 1 0
github.com/mattermost/mattermost/server/public/model/access_policy.go:446.25,448.4 1 0
github.com/mattermost/mattermost/server/public/model/access_policy.go:451.2,452.31 2 0
github.com/mattermost/mattermost/server/public/model/access_policy.go:452.31,453.29 1 0
github.com/mattermost/mattermost/server/public/model/access_policy.go:453.29,455.4 1 0
github.com/mattermost/mattermost/server/public/model/access_policy.go:457.3,459.39 3 0
github.com/mattermost/mattermost/server/public/model/access_policy.go:459.39,460.35 1 0
github.com/mattermost/mattermost/server/public/model/access_policy.go:460.35,462.5 1 0
github.com/mattermost/mattermost/server/public/model/access_policy.go:463.4,463.53 1 0
github.com/mattermost/mattermost/server/public/model/access_policy.go:463.53,465.5 1 0
github.com/mattermost/mattermost/server/public/model/access_policy.go:466.4,466.44 1 0
github.com/mattermost/mattermost/server/public/model/access_policy.go:466.44,468.5 1 0
github.com/mattermost/mattermost/server/public/model/access_policy.go:472.3,472.37 1 0
github.com/mattermost/mattermost/server/public/model/access_policy.go:472.37,474.4 1 0
github.com/mattermost/mattermost/server/public/model/access_policy.go:477.3,477.64 1 0
github.com/mattermost/mattermost/server/public/model/access_policy.go:477.64,479.4 1 0
github.com/mattermost/mattermost/server/public/model/access_policy.go:486.3,486.20 1 0
github.com/mattermost/mattermost/server/public/model/access_policy.go:486.20,488.47 2 0
github.com/mattermost/mattermost/server/public/model/access_policy.go:488.47,490.5 1 0
github.com/mattermost/mattermost/server/public/model/access_policy.go:491.4,491.43 1 0
github.com/mattermost/mattermost/server/public/model/access_policy.go:491.43,493.5 1 0
github.com/mattermost/mattermost/server/public/model/access_policy.go:494.4,494.41 1 0
github.com/mattermost/mattermost/server/public/model/access_policy.go:494.41,496.5 1 0
github.com/mattermost/mattermost/server/public/model/access_policy.go:497.4,497.29 1 0
github.com/mattermost/mattermost/server/public/model/access_policy.go:501.3,501.39 1 0
github.com/mattermost/mattermost/server/public/model/access_policy.go:501.39,503.4 1 0
github.com/mattermost/mattermost/server/public/model/access_policy.go:506.2,506.12 1 0
github.com/mattermost/mattermost/server/public/model/access_policy.go:509.78,512.19 2 0
github.com/mattermost/mattermost/server/public/model/access_policy.go:513.38,515.32 2 0
github.com/mattermost/mattermost/server/public/model/access_policy.go:515.32,522.4 3 0
github.com/mattermost/mattermost/server/public/model/access_policy.go:523.38,524.44 1 0
github.com/mattermost/mattermost/server/public/model/access_policy.go:524.44,526.4 1 0
github.com/mattermost/mattermost/server/public/model/access_policy.go:527.3,527.43 1 0
github.com/mattermost/mattermost/server/public/model/access_policy.go:528.38,529.102 1 0
github.com/mattermost/mattermost/server/public/model/access_policy.go:529.102,531.4 1 0
github.com/mattermost/mattermost/server/public/model/access_policy.go:532.3,532.55 1 0
github.com/mattermost/mattermost/server/public/model/access_policy.go:532.55,534.4 1 0
github.com/mattermost/mattermost/server/public/model/access_policy.go:535.3,535.44 1 0
github.com/mattermost/mattermost/server/public/model/access_policy.go:535.44,537.4 1 0
github.com/mattermost/mattermost/server/public/model/access_policy.go:538.3,538.43 1 0
github.com/mattermost/mattermost/server/public/model/access_policy.go:539.38,540.102 1 0
github.com/mattermost/mattermost/server/public/model/access_policy.go:540.102,542.4 1 0
github.com/mattermost/mattermost/server/public/model/access_policy.go:545.3,545.107 1 0
github.com/mattermost/mattermost/server/public/model/access_policy.go:545.107,547.4 1 0
github.com/mattermost/mattermost/server/public/model/access_policy.go:555.3,555.51 1 0
github.com/mattermost/mattermost/server/public/model/access_policy.go:555.51,557.4 1 0
github.com/mattermost/mattermost/server/public/model/access_policy.go:558.3,558.44 1 0
github.com/mattermost/mattermost/server/public/model/access_policy.go:558.44,560.4 1 0
github.com/mattermost/mattermost/server/public/model/access_policy.go:563.3,566.47 4 0
github.com/mattermost/mattermost/server/public/model/access_policy.go:566.47,568.4 1 0
github.com/mattermost/mattermost/server/public/model/access_policy.go:569.3,570.13 2 0
github.com/mattermost/mattermost/server/public/model/access_policy.go:571.10,572.115 1 0
github.com/mattermost/mattermost/server/public/model/access_policy.go:575.2,575.42 1 0
github.com/mattermost/mattermost/server/public/model/access_policy.go:575.42,577.3 1 0
github.com/mattermost/mattermost/server/public/model/access_policy.go:579.2,579.12 1 0
github.com/mattermost/mattermost/server/public/model/access_policy.go:582.52,584.2 1 0
github.com/mattermost/mattermost/server/public/model/access_policy.go:586.53,587.17 1 0
github.com/mattermost/mattermost/server/public/model/access_policy.go:587.17,589.3 1 0
github.com/mattermost/mattermost/server/public/model/access_policy.go:591.2,591.22 1 0
github.com/mattermost/mattermost/server/public/model/access_policy.go:591.22,593.3 1 0
github.com/mattermost/mattermost/server/public/model/access_policy.go:595.2,595.12 1 0
github.com/mattermost/mattermost/server/public/model/access_policy.go:598.58,604.2 1 0
github.com/mattermost/mattermost/server/public/model/access_request.go:80.53,81.35 1 0
github.com/mattermost/mattermost/server/public/model/access_request.go:81.35,82.24 1 0
github.com/mattermost/mattermost/server/public/model/access_request.go:82.24,84.4 1 0
github.com/mattermost/mattermost/server/public/model/access_request.go:86.2,86.46 1 0
github.com/mattermost/mattermost/server/public/model/access_request.go:86.46,88.3 1 0
github.com/mattermost/mattermost/server/public/model/access_request.go:89.2,89.11 1 0
github.com/mattermost/mattermost/server/public/model/access_request.go:105.56,107.35 2 0
github.com/mattermost/mattermost/server/public/model/access_request.go:107.35,108.24 1 0
github.com/mattermost/mattermost/server/public/model/access_request.go:108.24,110.4 1 0
github.com/mattermost/mattermost/server/public/model/access_request.go:112.2,112.14 1 0
github.com/mattermost/mattermost/server/public/model/access_request.go:133.53,134.17 1 0
github.com/mattermost/mattermost/server/public/model/access_request.go:134.17,136.3 1 0
github.com/mattermost/mattermost/server/public/model/access_request.go:137.2,139.35 3 0
github.com/mattermost/mattermost/server/public/model/access_request.go:139.35,140.24 1 0
github.com/mattermost/mattermost/server/public/model/access_request.go:140.24,142.12 2 0
github.com/mattermost/mattermost/server/public/model/access_request.go:144.3,144.28 1 0
github.com/mattermost/mattermost/server/public/model/access_request.go:144.28,145.12 1 0
github.com/mattermost/mattermost/server/public/model/access_request.go:147.3,148.17 2 0
github.com/mattermost/mattermost/server/public/model/access_request.go:150.2,150.28 1 0
github.com/mattermost/mattermost/server/public/model/access_request.go:150.28,152.3 1 0
github.com/mattermost/mattermost/server/public/model/access_request.go:153.2,153.21 1 0
github.com/mattermost/mattermost/server/public/model/audit_record.go:73.35,75.2 1 0
github.com/mattermost/mattermost/server/public/model/audit_record.go:78.32,80.2 1 0
github.com/mattermost/mattermost/server/public/model/audit_record.go:83.133,84.37 1 0
github.com/mattermost/mattermost/server/public/model/audit_record.go:84.37,86.3 1 0
github.com/mattermost/mattermost/server/public/model/audit_record.go:88.2,88.37 1 0
github.com/mattermost/mattermost/server/public/model/audit_record.go:92.88,93.37 1 0
github.com/mattermost/mattermost/server/public/model/audit_record.go:93.37,95.3 1 0
github.com/mattermost/mattermost/server/public/model/audit_record.go:97.2,97.49 1 0
github.com/mattermost/mattermost/server/public/model/audit_record.go:101.100,102.37 1 0
github.com/mattermost/mattermost/server/public/model/audit_record.go:102.37,104.3 1 0
github.com/mattermost/mattermost/server/public/model/audit_record.go:106.2,107.35 2 0
github.com/mattermost/mattermost/server/public/model/audit_record.go:107.35,109.3 1 0
github.com/mattermost/mattermost/server/public/model/audit_record.go:111.2,111.53 1 0
github.com/mattermost/mattermost/server/public/model/audit_record.go:115.62,117.2 1 0
github.com/mattermost/mattermost/server/public/model/audit_record.go:120.63,122.2 1 0
github.com/mattermost/mattermost/server/public/model/audit_record.go:125.63,127.2 1 0
github.com/mattermost/mattermost/server/public/model/audit_record.go:131.55,133.2 1 0
github.com/mattermost/mattermost/server/public/model/audit_record.go:136.48,138.2 1 0
github.com/mattermost/mattermost/server/public/model/audit_record.go:141.58,143.2 1 0
github.com/mattermost/mattermost/server/public/model/audit_record.go:146.52,149.2 2 0
github.com/mattermost/mattermost/server/public/model/auditconv.go:13.63,14.16 1 0
github.com/mattermost/mattermost/server/public/model/auditconv.go:14.16,16.3 1 0
github.com/mattermost/mattermost/server/public/model/auditconv.go:17.2,17.25 1 0
github.com/mattermost/mattermost/server/public/model/auditconv.go:18.16,19.34 1 0
github.com/mattermost/mattermost/server/public/model/auditconv.go:20.15,21.35 1 0
github.com/mattermost/mattermost/server/public/model/auditconv.go:22.13,23.31 1 0
github.com/mattermost/mattermost/server/public/model/auditconv.go:24.12,25.32 1 0
github.com/mattermost/mattermost/server/public/model/auditconv.go:26.13,27.31 1 0
github.com/mattermost/mattermost/server/public/model/auditconv.go:28.12,29.32 1 0
github.com/mattermost/mattermost/server/public/model/auditconv.go:30.18,31.36 1 0
github.com/mattermost/mattermost/server/public/model/auditconv.go:32.17,33.37 1 0
github.com/mattermost/mattermost/server/public/model/auditconv.go:34.16,35.34 1 0
github.com/mattermost/mattermost/server/public/model/auditconv.go:36.15,37.35 1 0
github.com/mattermost/mattermost/server/public/model/auditconv.go:38.20,39.38 1 0
github.com/mattermost/mattermost/server/public/model/auditconv.go:40.19,41.39 1 0
github.com/mattermost/mattermost/server/public/model/auditconv.go:42.12,43.30 1 0
github.com/mattermost/mattermost/server/public/model/auditconv.go:44.11,45.31 1 0
github.com/mattermost/mattermost/server/public/model/auditconv.go:46.31,47.49 1 0
github.com/mattermost/mattermost/server/public/model/auditconv.go:48.30,49.50 1 0
github.com/mattermost/mattermost/server/public/model/auditconv.go:50.14,51.32 1 0
github.com/mattermost/mattermost/server/public/model/auditconv.go:52.13,53.33 1 0
github.com/mattermost/mattermost/server/public/model/auditconv.go:54.17,55.35 1 0
github.com/mattermost/mattermost/server/public/model/auditconv.go:56.16,57.36 1 0
github.com/mattermost/mattermost/server/public/model/auditconv.go:58.14,59.32 1 0
github.com/mattermost/mattermost/server/public/model/auditconv.go:60.13,61.33 1 0
github.com/mattermost/mattermost/server/public/model/auditconv.go:62.12,63.30 1 0
github.com/mattermost/mattermost/server/public/model/auditconv.go:64.11,65.31 1 0
github.com/mattermost/mattermost/server/public/model/auditconv.go:66.17,67.35 1 0
github.com/mattermost/mattermost/server/public/model/auditconv.go:68.16,69.36 1 0
github.com/mattermost/mattermost/server/public/model/auditconv.go:70.13,71.31 1 0
github.com/mattermost/mattermost/server/public/model/auditconv.go:72.12,73.32 1 0
github.com/mattermost/mattermost/server/public/model/auditconv.go:74.13,75.31 1 0
github.com/mattermost/mattermost/server/public/model/auditconv.go:76.12,77.32 1 0
github.com/mattermost/mattermost/server/public/model/auditconv.go:78.15,79.33 1 0
github.com/mattermost/mattermost/server/public/model/auditconv.go:80.14,81.34 1 0
github.com/mattermost/mattermost/server/public/model/auditconv.go:82.20,83.38 1 0
github.com/mattermost/mattermost/server/public/model/auditconv.go:84.19,85.39 1 0
github.com/mattermost/mattermost/server/public/model/auditconv.go:86.16,87.34 1 0
github.com/mattermost/mattermost/server/public/model/auditconv.go:88.15,89.35 1 0
github.com/mattermost/mattermost/server/public/model/auditconv.go:90.24,91.42 1 0
github.com/mattermost/mattermost/server/public/model/auditconv.go:92.23,93.43 1 0
github.com/mattermost/mattermost/server/public/model/auditconv.go:94.24,95.42 1 0
github.com/mattermost/mattermost/server/public/model/auditconv.go:96.23,97.43 1 0
github.com/mattermost/mattermost/server/public/model/auditconv.go:98.22,99.35 1 0
github.com/mattermost/mattermost/server/public/model/auditconv.go:100.21,101.36 1 0
github.com/mattermost/mattermost/server/public/model/auditconv.go:103.2,103.19 1 0
github.com/mattermost/mattermost/server/public/model/auditconv.go:113.47,115.14 2 0
github.com/mattermost/mattermost/server/public/model/auditconv.go:115.14,119.3 3 0
github.com/mattermost/mattermost/server/public/model/auditconv.go:120.2,120.16 1 0
github.com/mattermost/mattermost/server/public/model/auditconv.go:123.61,127.2 3 0
github.com/mattermost/mattermost/server/public/model/auditconv.go:129.36,131.2 1 0
github.com/mattermost/mattermost/server/public/model/auditconv.go:140.38,142.14 2 0
github.com/mattermost/mattermost/server/public/model/auditconv.go:142.14,146.3 3 0
github.com/mattermost/mattermost/server/public/model/auditconv.go:147.2,147.13 1 0
github.com/mattermost/mattermost/server/public/model/auditconv.go:150.58,154.2 3 0
github.com/mattermost/mattermost/server/public/model/auditconv.go:156.33,158.2 1 0
github.com/mattermost/mattermost/server/public/model/auditconv.go:167.38,169.14 2 0
github.com/mattermost/mattermost/server/public/model/auditconv.go:169.14,173.3 3 0
github.com/mattermost/mattermost/server/public/model/auditconv.go:174.2,174.13 1 0
github.com/mattermost/mattermost/server/public/model/auditconv.go:182.54,184.15 2 0
github.com/mattermost/mattermost/server/public/model/auditconv.go:184.15,185.25 1 0
github.com/mattermost/mattermost/server/public/model/auditconv.go:185.25,187.4 1 0
github.com/mattermost/mattermost/server/public/model/auditconv.go:189.2,189.18 1 0
github.com/mattermost/mattermost/server/public/model/auditconv.go:192.58,196.2 3 0
github.com/mattermost/mattermost/server/public/model/auditconv.go:198.33,200.2 1 0
github.com/mattermost/mattermost/server/public/model/auditconv.go:219.47,221.14 2 0
github.com/mattermost/mattermost/server/public/model/auditconv.go:221.14,235.3 13 0
github.com/mattermost/mattermost/server/public/model/auditconv.go:236.2,236.12 1 0
github.com/mattermost/mattermost/server/public/model/auditconv.go:239.63,253.2 13 0
github.com/mattermost/mattermost/server/public/model/auditconv.go:255.38,257.2 1 0
github.com/mattermost/mattermost/server/public/model/auditconv.go:267.60,269.15 2 0
github.com/mattermost/mattermost/server/public/model/auditconv.go:269.15,274.25 5 0
github.com/mattermost/mattermost/server/public/model/auditconv.go:274.25,276.4 1 0
github.com/mattermost/mattermost/server/public/model/auditconv.go:278.2,278.16 1 0
github.com/mattermost/mattermost/server/public/model/auditconv.go:281.66,286.2 4 0
github.com/mattermost/mattermost/server/public/model/auditconv.go:288.41,290.2 1 0
github.com/mattermost/mattermost/server/public/model/auditconv.go:299.35,301.14 2 0
github.com/mattermost/mattermost/server/public/model/auditconv.go:301.14,305.3 3 0
github.com/mattermost/mattermost/server/public/model/auditconv.go:306.2,306.12 1 0
github.com/mattermost/mattermost/server/public/model/auditconv.go:309.57,313.2 3 0
github.com/mattermost/mattermost/server/public/model/auditconv.go:315.32,317.2 1 0
github.com/mattermost/mattermost/server/public/model/auditconv.go:326.92,328.14 2 0
github.com/mattermost/mattermost/server/public/model/auditconv.go:328.14,329.20 1 0
github.com/mattermost/mattermost/server/public/model/auditconv.go:329.20,331.4 1 0
github.com/mattermost/mattermost/server/public/model/auditconv.go:332.3,332.28 1 0
github.com/mattermost/mattermost/server/public/model/auditconv.go:332.28,334.4 1 0
github.com/mattermost/mattermost/server/public/model/auditconv.go:335.3,335.29 1 0
github.com/mattermost/mattermost/server/public/model/auditconv.go:335.29,337.4 1 0
github.com/mattermost/mattermost/server/public/model/auditconv.go:339.2,339.14 1 0
github.com/mattermost/mattermost/server/public/model/auditconv.go:342.76,346.2 3 0
github.com/mattermost/mattermost/server/public/model/auditconv.go:348.51,350.2 1 0
github.com/mattermost/mattermost/server/public/model/auditconv.go:358.41,360.14 2 0
github.com/mattermost/mattermost/server/public/model/auditconv.go:360.14,363.3 2 0
github.com/mattermost/mattermost/server/public/model/auditconv.go:364.2,364.14 1 0
github.com/mattermost/mattermost/server/public/model/auditconv.go:367.59,370.2 2 0
github.com/mattermost/mattermost/server/public/model/auditconv.go:372.34,374.2 1 0
github.com/mattermost/mattermost/server/public/model/auditconv.go:386.50,388.14 2 0
github.com/mattermost/mattermost/server/public/model/auditconv.go:388.14,395.3 6 0
github.com/mattermost/mattermost/server/public/model/auditconv.go:396.2,396.11 1 0
github.com/mattermost/mattermost/server/public/model/auditconv.go:399.63,406.2 6 0
github.com/mattermost/mattermost/server/public/model/auditconv.go:408.38,410.2 1 0
github.com/mattermost/mattermost/server/public/model/auditconv.go:420.41,422.14 2 0
github.com/mattermost/mattermost/server/public/model/auditconv.go:422.14,424.20 2 0
github.com/mattermost/mattermost/server/public/model/auditconv.go:424.20,426.4 1 0
github.com/mattermost/mattermost/server/public/model/auditconv.go:426.9,428.4 1 0
github.com/mattermost/mattermost/server/public/model/auditconv.go:429.3,430.36 2 0
github.com/mattermost/mattermost/server/public/model/auditconv.go:432.2,432.14 1 0
github.com/mattermost/mattermost/server/public/model/auditconv.go:435.59,440.2 4 0
github.com/mattermost/mattermost/server/public/model/auditconv.go:442.34,444.2 1 0
github.com/mattermost/mattermost/server/public/model/auditconv.go:454.35,456.14 2 0
github.com/mattermost/mattermost/server/public/model/auditconv.go:456.14,461.3 4 0
github.com/mattermost/mattermost/server/public/model/auditconv.go:462.2,462.12 1 0
github.com/mattermost/mattermost/server/public/model/auditconv.go:465.57,470.2 4 0
github.com/mattermost/mattermost/server/public/model/auditconv.go:472.32,474.2 1 0
github.com/mattermost/mattermost/server/public/model/auditconv.go:485.50,487.14 2 0
github.com/mattermost/mattermost/server/public/model/auditconv.go:487.14,493.3 5 0
github.com/mattermost/mattermost/server/public/model/auditconv.go:494.2,494.14 1 0
github.com/mattermost/mattermost/server/public/model/auditconv.go:497.62,503.2 5 0
github.com/mattermost/mattermost/server/public/model/auditconv.go:505.37,507.2 1 0
github.com/mattermost/mattermost/server/public/model/auditconv.go:517.38,519.14 2 0
github.com/mattermost/mattermost/server/public/model/auditconv.go:519.14,524.3 4 0
github.com/mattermost/mattermost/server/public/model/auditconv.go:525.2,525.13 1 0
github.com/mattermost/mattermost/server/public/model/auditconv.go:528.58,533.2 4 0
github.com/mattermost/mattermost/server/public/model/auditconv.go:535.33,537.2 1 0
github.com/mattermost/mattermost/server/public/model/auditconv.go:549.38,551.14 2 0
github.com/mattermost/mattermost/server/public/model/auditconv.go:551.14,558.3 6 0
github.com/mattermost/mattermost/server/public/model/auditconv.go:559.2,559.13 1 0
github.com/mattermost/mattermost/server/public/model/auditconv.go:562.58,569.2 6 0
github.com/mattermost/mattermost/server/public/model/auditconv.go:571.33,573.2 1 0
github.com/mattermost/mattermost/server/public/model/auditconv.go:583.44,585.14 2 0
github.com/mattermost/mattermost/server/public/model/auditconv.go:585.14,590.3 4 0
github.com/mattermost/mattermost/server/public/model/auditconv.go:591.2,591.15 1 0
github.com/mattermost/mattermost/server/public/model/auditconv.go:594.60,599.2 4 0
github.com/mattermost/mattermost/server/public/model/auditconv.go:601.35,603.2 1 0
github.com/mattermost/mattermost/server/public/model/auditconv.go:612.59,614.14 2 0
github.com/mattermost/mattermost/server/public/model/auditconv.go:614.14,618.3 3 0
github.com/mattermost/mattermost/server/public/model/auditconv.go:619.2,619.14 1 0
github.com/mattermost/mattermost/server/public/model/auditconv.go:622.65,626.2 3 0
github.com/mattermost/mattermost/server/public/model/auditconv.go:628.40,630.2 1 0
github.com/mattermost/mattermost/server/public/model/auditconv.go:639.47,641.14 2 0
github.com/mattermost/mattermost/server/public/model/auditconv.go:641.14,645.3 3 0
github.com/mattermost/mattermost/server/public/model/auditconv.go:646.2,646.16 1 0
github.com/mattermost/mattermost/server/public/model/auditconv.go:649.61,653.2 3 0
github.com/mattermost/mattermost/server/public/model/auditconv.go:655.36,657.2 1 0
github.com/mattermost/mattermost/server/public/model/auditconv.go:668.71,670.14 2 0
github.com/mattermost/mattermost/server/public/model/auditconv.go:670.14,676.3 5 0
github.com/mattermost/mattermost/server/public/model/auditconv.go:677.2,677.13 1 0
github.com/mattermost/mattermost/server/public/model/auditconv.go:680.69,686.2 5 0
github.com/mattermost/mattermost/server/public/model/auditconv.go:688.44,690.2 1 0
github.com/mattermost/mattermost/server/public/model/auditconv.go:705.71,707.14 2 0
github.com/mattermost/mattermost/server/public/model/auditconv.go:707.14,717.3 9 0
github.com/mattermost/mattermost/server/public/model/auditconv.go:718.2,718.13 1 0
github.com/mattermost/mattermost/server/public/model/auditconv.go:721.69,731.2 9 0
github.com/mattermost/mattermost/server/public/model/auditconv.go:733.44,735.2 1 0
github.com/mattermost/mattermost/server/public/model/auditconv.go:749.60,751.14 2 0
github.com/mattermost/mattermost/server/public/model/auditconv.go:751.14,759.3 7 0
github.com/mattermost/mattermost/server/public/model/auditconv.go:760.2,760.11 1 0
github.com/mattermost/mattermost/server/public/model/auditconv.go:763.67,772.2 8 0
github.com/mattermost/mattermost/server/public/model/auditconv.go:774.42,776.2 1 0
github.com/mattermost/mattermost/server/public/model/audits.go:8.31,9.16 1 0
github.com/mattermost/mattermost/server/public/model/audits.go:9.16,12.3 1 0
github.com/mattermost/mattermost/server/public/model/audits.go:13.2,13.11 1 0
github.com/mattermost/mattermost/server/public/model/authorize.go:58.41,59.29 1 0
github.com/mattermost/mattermost/server/public/model/authorize.go:59.29,61.3 1 0
github.com/mattermost/mattermost/server/public/model/authorize.go:63.2,63.27 1 0
github.com/mattermost/mattermost/server/public/model/authorize.go:63.27,65.3 1 0
github.com/mattermost/mattermost/server/public/model/authorize.go:67.2,67.41 1 0
github.com/mattermost/mattermost/server/public/model/authorize.go:67.41,69.3 1 0
github.com/mattermost/mattermost/server/public/model/authorize.go:71.2,71.23 1 0
github.com/mattermost/mattermost/server/public/model/authorize.go:71.23,73.3 1 0
github.com/mattermost/mattermost/server/public/model/authorize.go:75.2,75.22 1 0
github.com/mattermost/mattermost/server/public/model/authorize.go:75.22,77.3 1 0
github.com/mattermost/mattermost/server/public/model/authorize.go:79.2,79.66 1 0
github.com/mattermost/mattermost/server/public/model/authorize.go:79.66,81.3 1 0
github.com/mattermost/mattermost/server/public/model/authorize.go:83.2,83.26 1 0
github.com/mattermost/mattermost/server/public/model/authorize.go:83.26,85.3 1 0
github.com/mattermost/mattermost/server/public/model/authorize.go:87.2,87.25 1 0
github.com/mattermost/mattermost/server/public/model/authorize.go:87.25,89.3 1 0
github.com/mattermost/mattermost/server/public/model/authorize.go:92.2,92.60 1 0
github.com/mattermost/mattermost/server/public/model/authorize.go:92.60,93.43 1 0
github.com/mattermost/mattermost/server/public/model/authorize.go:93.43,95.4 1 0
github.com/mattermost/mattermost/server/public/model/authorize.go:99.2,99.23 1 0
github.com/mattermost/mattermost/server/public/model/authorize.go:99.23,100.97 1 0
github.com/mattermost/mattermost/server/public/model/authorize.go:100.97,102.4 1 0
github.com/mattermost/mattermost/server/public/model/authorize.go:105.2,105.12 1 0
github.com/mattermost/mattermost/server/public/model/authorize.go:110.49,111.29 1 0
github.com/mattermost/mattermost/server/public/model/authorize.go:111.29,113.3 1 0
github.com/mattermost/mattermost/server/public/model/authorize.go:115.2,115.27 1 0
github.com/mattermost/mattermost/server/public/model/authorize.go:115.27,117.3 1 0
github.com/mattermost/mattermost/server/public/model/authorize.go:119.2,119.90 1 0
github.com/mattermost/mattermost/server/public/model/authorize.go:119.90,121.3 1 0
github.com/mattermost/mattermost/server/public/model/authorize.go:123.2,123.26 1 0
github.com/mattermost/mattermost/server/public/model/authorize.go:123.26,125.3 1 0
github.com/mattermost/mattermost/server/public/model/authorize.go:127.2,127.25 1 0
github.com/mattermost/mattermost/server/public/model/authorize.go:127.25,129.3 1 0
github.com/mattermost/mattermost/server/public/model/authorize.go:132.2,132.60 1 0
github.com/mattermost/mattermost/server/public/model/authorize.go:132.60,133.43 1 0
github.com/mattermost/mattermost/server/public/model/authorize.go:133.43,135.4 1 0
github.com/mattermost/mattermost/server/public/model/authorize.go:139.2,139.23 1 0
github.com/mattermost/mattermost/server/public/model/authorize.go:139.23,140.105 1 0
github.com/mattermost/mattermost/server/public/model/authorize.go:140.105,142.4 1 0
github.com/mattermost/mattermost/server/public/model/authorize.go:145.2,145.12 1 0
github.com/mattermost/mattermost/server/public/model/authorize.go:148.31,149.23 1 0
github.com/mattermost/mattermost/server/public/model/authorize.go:149.23,151.3 1 0
github.com/mattermost/mattermost/server/public/model/authorize.go:153.2,153.22 1 0
github.com/mattermost/mattermost/server/public/model/authorize.go:153.22,155.3 1 0
github.com/mattermost/mattermost/server/public/model/authorize.go:157.2,157.20 1 0
github.com/mattermost/mattermost/server/public/model/authorize.go:157.20,159.3 1 0
github.com/mattermost/mattermost/server/public/model/authorize.go:162.38,164.2 1 0
github.com/mattermost/mattermost/server/public/model/authorize.go:167.100,168.25 1 0
github.com/mattermost/mattermost/server/public/model/authorize.go:168.25,170.3 1 0
github.com/mattermost/mattermost/server/public/model/authorize.go:172.2,172.31 1 0
github.com/mattermost/mattermost/server/public/model/authorize.go:172.31,174.3 1 0
github.com/mattermost/mattermost/server/public/model/authorize.go:177.2,177.56 1 0
github.com/mattermost/mattermost/server/public/model/authorize.go:177.56,179.3 1 0
github.com/mattermost/mattermost/server/public/model/authorize.go:182.2,182.104 1 0
github.com/mattermost/mattermost/server/public/model/authorize.go:182.104,184.3 1 0
github.com/mattermost/mattermost/server/public/model/authorize.go:187.2,187.52 1 0
github.com/mattermost/mattermost/server/public/model/authorize.go:187.52,189.3 1 0
github.com/mattermost/mattermost/server/public/model/authorize.go:191.2,191.12 1 0
github.com/mattermost/mattermost/server/public/model/authorize.go:195.46,197.2 1 0
github.com/mattermost/mattermost/server/public/model/authorize.go:200.54,202.2 1 0
github.com/mattermost/mattermost/server/public/model/authorize.go:205.58,207.60 1 0
github.com/mattermost/mattermost/server/public/model/authorize.go:207.60,209.3 1 0
github.com/mattermost/mattermost/server/public/model/authorize.go:212.2,212.60 1 0
github.com/mattermost/mattermost/server/public/model/authorize.go:212.60,214.3 1 0
github.com/mattermost/mattermost/server/public/model/authorize.go:217.2,217.100 1 0
github.com/mattermost/mattermost/server/public/model/authorize.go:217.100,219.3 1 0
github.com/mattermost/mattermost/server/public/model/authorize.go:222.2,222.50 1 0
github.com/mattermost/mattermost/server/public/model/authorize.go:222.50,224.3 1 0
github.com/mattermost/mattermost/server/public/model/authorize.go:227.2,227.59 1 0
github.com/mattermost/mattermost/server/public/model/authorize.go:227.59,229.3 1 0
github.com/mattermost/mattermost/server/public/model/authorize.go:232.2,235.48 3 0
github.com/mattermost/mattermost/server/public/model/authorize.go:239.99,240.20 1 0
github.com/mattermost/mattermost/server/public/model/authorize.go:240.20,242.29 1 0
github.com/mattermost/mattermost/server/public/model/authorize.go:242.29,244.4 1 0
github.com/mattermost/mattermost/server/public/model/authorize.go:245.3,245.25 1 0
github.com/mattermost/mattermost/server/public/model/authorize.go:245.25,247.4 1 0
github.com/mattermost/mattermost/server/public/model/authorize.go:249.3,249.35 1 0
github.com/mattermost/mattermost/server/public/model/authorize.go:249.35,251.4 1 0
github.com/mattermost/mattermost/server/public/model/authorize.go:252.8,254.29 1 0
github.com/mattermost/mattermost/server/public/model/authorize.go:254.29,256.26 1 0
github.com/mattermost/mattermost/server/public/model/authorize.go:256.26,258.5 1 0
github.com/mattermost/mattermost/server/public/model/authorize.go:260.4,260.36 1 0
github.com/mattermost/mattermost/server/public/model/authorize.go:260.36,262.5 1 0
github.com/mattermost/mattermost/server/public/model/authorize.go:263.9,263.32 1 0
github.com/mattermost/mattermost/server/public/model/authorize.go:263.32,266.4 1 0
github.com/mattermost/mattermost/server/public/model/authorize.go:269.2,269.12 1 0
github.com/mattermost/mattermost/server/public/model/authorize.go:273.77,275.20 1 0
github.com/mattermost/mattermost/server/public/model/authorize.go:275.20,277.3 1 0
github.com/mattermost/mattermost/server/public/model/authorize.go:280.2,280.25 1 0
github.com/mattermost/mattermost/server/public/model/authorize.go:280.25,282.3 1 0
github.com/mattermost/mattermost/server/public/model/authorize.go:284.2,285.16 2 0
github.com/mattermost/mattermost/server/public/model/authorize.go:285.16,287.3 1 0
github.com/mattermost/mattermost/server/public/model/authorize.go:290.2,290.24 1 0
github.com/mattermost/mattermost/server/public/model/authorize.go:290.24,292.3 1 0
github.com/mattermost/mattermost/server/public/model/authorize.go:295.2,295.30 1 0
github.com/mattermost/mattermost/server/public/model/authorize.go:295.30,297.3 1 0
github.com/mattermost/mattermost/server/public/model/authorize.go:299.2,299.12 1 0
github.com/mattermost/mattermost/server/public/model/autotranslation.go:52.44,53.14 1 0
github.com/mattermost/mattermost/server/public/model/autotranslation.go:53.14,55.3 1 0
github.com/mattermost/mattermost/server/public/model/autotranslation.go:56.2,57.25 2 0
github.com/mattermost/mattermost/server/public/model/autotranslation.go:57.25,60.3 2 0
github.com/mattermost/mattermost/server/public/model/autotranslation.go:62.2,63.19 2 0
github.com/mattermost/mattermost/server/public/model/autotranslation.go:63.19,66.3 2 0
github.com/mattermost/mattermost/server/public/model/autotranslation.go:67.2,68.25 2 0
github.com/mattermost/mattermost/server/public/model/autotranslation.go:68.25,71.3 2 0
github.com/mattermost/mattermost/server/public/model/autotranslation.go:72.2,86.3 1 0
github.com/mattermost/mattermost/server/public/model/autotranslation.go:92.60,93.14 1 0
github.com/mattermost/mattermost/server/public/model/autotranslation.go:93.14,95.3 1 0
github.com/mattermost/mattermost/server/public/model/autotranslation.go:98.2,99.52 2 0
github.com/mattermost/mattermost/server/public/model/autotranslation.go:99.52,101.3 1 0
github.com/mattermost/mattermost/server/public/model/autotranslation.go:103.2,108.37 2 0
github.com/mattermost/mattermost/server/public/model/autotranslation.go:108.37,110.3 1 0
github.com/mattermost/mattermost/server/public/model/autotranslation.go:110.8,112.3 1 0
github.com/mattermost/mattermost/server/public/model/autotranslation.go:114.2,114.11 1 0
github.com/mattermost/mattermost/server/public/model/autotranslation.go:117.43,118.14 1 0
github.com/mattermost/mattermost/server/public/model/autotranslation.go:118.14,120.3 1 0
github.com/mattermost/mattermost/server/public/model/autotranslation.go:121.2,121.48 1 0
github.com/mattermost/mattermost/server/public/model/autotranslation.go:121.48,123.3 1 0
github.com/mattermost/mattermost/server/public/model/autotranslation.go:124.2,124.24 1 0
github.com/mattermost/mattermost/server/public/model/autotranslation.go:124.24,126.3 1 0
github.com/mattermost/mattermost/server/public/model/autotranslation.go:127.2,127.18 1 0
github.com/mattermost/mattermost/server/public/model/autotranslation.go:127.18,129.3 1 0
github.com/mattermost/mattermost/server/public/model/autotranslation.go:132.2,132.38 1 0
github.com/mattermost/mattermost/server/public/model/autotranslation.go:132.38,133.23 1 0
github.com/mattermost/mattermost/server/public/model/autotranslation.go:133.23,135.4 1 0
github.com/mattermost/mattermost/server/public/model/autotranslation.go:136.3,136.19 1 0
github.com/mattermost/mattermost/server/public/model/autotranslation.go:136.19,138.4 1 0
github.com/mattermost/mattermost/server/public/model/autotranslation.go:139.3,139.73 1 0
github.com/mattermost/mattermost/server/public/model/autotranslation.go:139.73,141.4 1 0
github.com/mattermost/mattermost/server/public/model/autotranslation.go:142.3,142.54 1 0
github.com/mattermost/mattermost/server/public/model/autotranslation.go:142.54,144.4 1 0
github.com/mattermost/mattermost/server/public/model/autotranslation.go:145.3,145.64 1 0
github.com/mattermost/mattermost/server/public/model/autotranslation.go:145.64,147.4 1 0
github.com/mattermost/mattermost/server/public/model/autotranslation.go:151.2,151.64 1 0
github.com/mattermost/mattermost/server/public/model/autotranslation.go:151.64,153.3 1 0
github.com/mattermost/mattermost/server/public/model/autotranslation.go:155.2,155.12 1 0
github.com/mattermost/mattermost/server/public/model/autotranslation.go:172.57,173.20 1 0
github.com/mattermost/mattermost/server/public/model/autotranslation.go:173.20,175.3 1 0
github.com/mattermost/mattermost/server/public/model/autotranslation.go:176.2,176.49 1 0
github.com/mattermost/mattermost/server/public/model/autotranslation.go:180.87,182.2 1 0
github.com/mattermost/mattermost/server/public/model/autotranslation.go:208.93,210.2 1 0
github.com/mattermost/mattermost/server/public/model/autotranslation.go:218.70,219.84 1 0
github.com/mattermost/mattermost/server/public/model/autotranslation.go:219.84,221.3 1 0
github.com/mattermost/mattermost/server/public/model/autotranslation.go:222.2,222.35 1 0
github.com/mattermost/mattermost/server/public/model/bot.go:36.42,48.2 1 0
github.com/mattermost/mattermost/server/public/model/bot.go:57.47,63.2 1 0
github.com/mattermost/mattermost/server/public/model/bot.go:78.38,80.2 1 0
github.com/mattermost/mattermost/server/public/model/bot.go:83.28,86.2 2 0
github.com/mattermost/mattermost/server/public/model/bot.go:89.41,90.34 1 0
github.com/mattermost/mattermost/server/public/model/bot.go:90.34,92.3 1 0
github.com/mattermost/mattermost/server/public/model/bot.go:94.2,94.68 1 0
github.com/mattermost/mattermost/server/public/model/bot.go:94.68,96.3 1 0
github.com/mattermost/mattermost/server/public/model/bot.go:98.2,98.68 1 0
github.com/mattermost/mattermost/server/public/model/bot.go:98.68,100.3 1 0
github.com/mattermost/mattermost/server/public/model/bot.go:102.2,102.81 1 0
github.com/mattermost/mattermost/server/public/model/bot.go:102.81,104.3 1 0
github.com/mattermost/mattermost/server/public/model/bot.go:106.2,106.12 1 0
github.com/mattermost/mattermost/server/public/model/bot.go:110.35,111.26 1 0
github.com/mattermost/mattermost/server/public/model/bot.go:111.26,113.3 1 0
github.com/mattermost/mattermost/server/public/model/bot.go:115.2,115.21 1 0
github.com/mattermost/mattermost/server/public/model/bot.go:115.21,117.3 1 0
github.com/mattermost/mattermost/server/public/model/bot.go:119.2,119.21 1 0
github.com/mattermost/mattermost/server/public/model/bot.go:119.21,121.3 1 0
github.com/mattermost/mattermost/server/public/model/bot.go:122.2,122.26 1 0
github.com/mattermost/mattermost/server/public/model/bot.go:126.25,131.2 4 0
github.com/mattermost/mattermost/server/public/model/bot.go:134.27,136.2 1 0
github.com/mattermost/mattermost/server/public/model/bot.go:139.29,141.2 1 0
github.com/mattermost/mattermost/server/public/model/bot.go:146.38,147.27 1 0
github.com/mattermost/mattermost/server/public/model/bot.go:147.27,149.3 1 0
github.com/mattermost/mattermost/server/public/model/bot.go:151.2,151.30 1 0
github.com/mattermost/mattermost/server/public/model/bot.go:151.30,153.3 1 0
github.com/mattermost/mattermost/server/public/model/bot.go:155.2,155.30 1 0
github.com/mattermost/mattermost/server/public/model/bot.go:155.30,157.3 1 0
github.com/mattermost/mattermost/server/public/model/bot.go:161.48,162.18 1 0
github.com/mattermost/mattermost/server/public/model/bot.go:162.18,164.3 1 0
github.com/mattermost/mattermost/server/public/model/bot.go:165.2,165.60 1 0
github.com/mattermost/mattermost/server/public/model/bot.go:165.60,167.3 1 0
github.com/mattermost/mattermost/server/public/model/bot.go:168.2,168.69 1 0
github.com/mattermost/mattermost/server/public/model/bot.go:168.69,170.3 1 0
github.com/mattermost/mattermost/server/public/model/bot.go:171.2,171.69 1 0
github.com/mattermost/mattermost/server/public/model/bot.go:171.69,173.3 1 0
github.com/mattermost/mattermost/server/public/model/bot.go:174.2,174.14 1 0
github.com/mattermost/mattermost/server/public/model/bot.go:178.32,186.2 1 0
github.com/mattermost/mattermost/server/public/model/bot.go:189.32,196.2 1 0
github.com/mattermost/mattermost/server/public/model/bot.go:199.33,204.23 4 0
github.com/mattermost/mattermost/server/public/model/bot.go:204.23,205.21 1 0
github.com/mattermost/mattermost/server/public/model/bot.go:205.21,208.4 2 0
github.com/mattermost/mattermost/server/public/model/bot.go:211.2,211.36 1 0
github.com/mattermost/mattermost/server/public/model/bot.go:216.59,218.2 1 0
github.com/mattermost/mattermost/server/public/model/bot.go:220.62,221.39 1 0
github.com/mattermost/mattermost/server/public/model/bot.go:221.39,223.3 1 0
github.com/mattermost/mattermost/server/public/model/bot.go:225.2,225.106 1 0
github.com/mattermost/mattermost/server/public/model/bot.go:225.106,227.3 1 0
github.com/mattermost/mattermost/server/public/model/bot.go:229.2,229.13 1 0
github.com/mattermost/mattermost/server/public/model/builtin.go:7.32,7.49 1 0
github.com/mattermost/mattermost/server/public/model/builtin.go:11.37,12.14 1 0
github.com/mattermost/mattermost/server/public/model/builtin.go:12.14,15.3 2 0
github.com/mattermost/mattermost/server/public/model/builtin.go:16.2,16.11 1 0
github.com/mattermost/mattermost/server/public/model/bundle_info.go:18.67,19.23 1 0
github.com/mattermost/mattermost/server/public/model/bundle_info.go:19.23,21.3 1 0
github.com/mattermost/mattermost/server/public/model/bundle_info.go:22.2,22.56 1 0
github.com/mattermost/mattermost/server/public/model/bundle_info.go:26.49,34.2 2 0
github.com/mattermost/mattermost/server/public/model/channel.go:58.51,59.18 1 0
github.com/mattermost/mattermost/server/public/model/channel.go:59.18,61.3 1 0
github.com/mattermost/mattermost/server/public/model/channel.go:63.2,64.9 2 0
github.com/mattermost/mattermost/server/public/model/channel.go:64.9,66.3 1 0
github.com/mattermost/mattermost/server/public/model/channel.go:68.2,68.29 1 0
github.com/mattermost/mattermost/server/public/model/channel.go:71.58,72.32 1 0
github.com/mattermost/mattermost/server/public/model/channel.go:72.32,74.3 1 0
github.com/mattermost/mattermost/server/public/model/channel.go:76.2,77.16 2 0
github.com/mattermost/mattermost/server/public/model/channel.go:77.16,79.3 1 0
github.com/mattermost/mattermost/server/public/model/channel.go:80.2,80.23 1 0
github.com/mattermost/mattermost/server/public/model/channel.go:127.55,128.43 1 0
github.com/mattermost/mattermost/server/public/model/channel.go:128.43,130.3 1 0
github.com/mattermost/mattermost/server/public/model/channel.go:131.2,131.32 1 0
github.com/mattermost/mattermost/server/public/model/channel.go:138.52,140.2 1 0
github.com/mattermost/mattermost/server/public/model/channel.go:142.46,166.2 1 0
github.com/mattermost/mattermost/server/public/model/channel.go:168.34,170.2 1 0
github.com/mattermost/mattermost/server/public/model/channel.go:197.51,206.2 1 0
github.com/mattermost/mattermost/server/public/model/channel.go:239.61,244.2 1 0
github.com/mattermost/mattermost/server/public/model/channel.go:297.38,298.32 1 0
github.com/mattermost/mattermost/server/public/model/channel.go:298.32,300.3 1 0
github.com/mattermost/mattermost/server/public/model/channel.go:303.39,305.27 2 0
github.com/mattermost/mattermost/server/public/model/channel.go:305.27,307.3 1 0
github.com/mattermost/mattermost/server/public/model/channel.go:308.2,308.15 1 0
github.com/mattermost/mattermost/server/public/model/channel.go:311.39,312.22 1 0
github.com/mattermost/mattermost/server/public/model/channel.go:312.22,314.3 1 0
github.com/mattermost/mattermost/server/public/model/channel.go:316.2,316.21 1 0
github.com/mattermost/mattermost/server/public/model/channel.go:316.21,318.3 1 0
github.com/mattermost/mattermost/server/public/model/channel.go:320.2,320.21 1 0
github.com/mattermost/mattermost/server/public/model/channel.go:320.21,322.3 1 0
github.com/mattermost/mattermost/server/public/model/channel.go:324.2,324.72 1 0
github.com/mattermost/mattermost/server/public/model/channel.go:324.72,326.3 1 0
github.com/mattermost/mattermost/server/public/model/channel.go:328.2,328.39 1 0
github.com/mattermost/mattermost/server/public/model/channel.go:328.39,330.3 1 0
github.com/mattermost/mattermost/server/public/model/channel.go:332.2,332.198 1 0
github.com/mattermost/mattermost/server/public/model/channel.go:332.198,334.3 1 0
github.com/mattermost/mattermost/server/public/model/channel.go:336.2,336.62 1 0
github.com/mattermost/mattermost/server/public/model/channel.go:336.62,338.3 1 0
github.com/mattermost/mattermost/server/public/model/channel.go:340.2,340.64 1 0
github.com/mattermost/mattermost/server/public/model/channel.go:340.64,342.3 1 0
github.com/mattermost/mattermost/server/public/model/channel.go:344.2,344.27 1 0
github.com/mattermost/mattermost/server/public/model/channel.go:344.27,346.3 1 0
github.com/mattermost/mattermost/server/public/model/channel.go:348.2,348.63 1 0
github.com/mattermost/mattermost/server/public/model/channel.go:348.63,350.152 2 0
github.com/mattermost/mattermost/server/public/model/channel.go:350.152,352.4 1 0
github.com/mattermost/mattermost/server/public/model/channel.go:355.2,355.81 1 0
github.com/mattermost/mattermost/server/public/model/channel.go:355.81,356.64 1 0
github.com/mattermost/mattermost/server/public/model/channel.go:356.64,358.4 1 0
github.com/mattermost/mattermost/server/public/model/channel.go:360.3,360.63 1 0
github.com/mattermost/mattermost/server/public/model/channel.go:360.63,362.4 1 0
github.com/mattermost/mattermost/server/public/model/channel.go:362.9,362.66 1 0
github.com/mattermost/mattermost/server/public/model/channel.go:362.66,364.4 1 0
github.com/mattermost/mattermost/server/public/model/channel.go:366.3,366.85 1 0
github.com/mattermost/mattermost/server/public/model/channel.go:366.85,368.4 1 0
github.com/mattermost/mattermost/server/public/model/channel.go:370.3,370.71 1 0
github.com/mattermost/mattermost/server/public/model/channel.go:370.71,372.4 1 0
github.com/mattermost/mattermost/server/public/model/channel.go:375.2,375.52 1 0
github.com/mattermost/mattermost/server/public/model/channel.go:375.52,377.3 1 0
github.com/mattermost/mattermost/server/public/model/channel.go:379.2,379.54 1 0
github.com/mattermost/mattermost/server/public/model/channel.go:379.54,381.3 1 0
github.com/mattermost/mattermost/server/public/model/channel.go:383.2,383.12 1 0
github.com/mattermost/mattermost/server/public/model/channel.go:389.44,390.18 1 0
github.com/mattermost/mattermost/server/public/model/channel.go:390.18,392.3 1 0
github.com/mattermost/mattermost/server/public/model/channel.go:394.2,394.20 1 0
github.com/mattermost/mattermost/server/public/model/channel.go:394.20,396.3 1 0
github.com/mattermost/mattermost/server/public/model/channel.go:398.2,398.25 1 0
github.com/mattermost/mattermost/server/public/model/channel.go:398.25,400.3 1 0
github.com/mattermost/mattermost/server/public/model/channel.go:402.2,402.12 1 0
github.com/mattermost/mattermost/server/public/model/channel.go:405.29,406.16 1 0
github.com/mattermost/mattermost/server/public/model/channel.go:406.16,408.3 1 0
github.com/mattermost/mattermost/server/public/model/channel.go:410.2,412.21 3 0
github.com/mattermost/mattermost/server/public/model/channel.go:412.21,414.3 1 0
github.com/mattermost/mattermost/server/public/model/channel.go:415.2,416.21 2 0
github.com/mattermost/mattermost/server/public/model/channel.go:419.31,423.2 3 0
github.com/mattermost/mattermost/server/public/model/channel.go:425.42,427.2 1 0
github.com/mattermost/mattermost/server/public/model/channel.go:430.44,432.2 1 0
github.com/mattermost/mattermost/server/public/model/channel.go:434.33,436.2 1 0
github.com/mattermost/mattermost/server/public/model/channel.go:438.34,440.2 1 0
github.com/mattermost/mattermost/server/public/model/channel.go:445.43,446.16 1 0
github.com/mattermost/mattermost/server/public/model/channel.go:447.80,448.14 1 0
github.com/mattermost/mattermost/server/public/model/channel.go:450.2,450.14 1 0
github.com/mattermost/mattermost/server/public/model/channel.go:453.38,455.2 1 0
github.com/mattermost/mattermost/server/public/model/channel.go:457.41,459.2 1 0
github.com/mattermost/mattermost/server/public/model/channel.go:461.46,462.30 1 0
github.com/mattermost/mattermost/server/public/model/channel.go:462.30,464.3 1 0
github.com/mattermost/mattermost/server/public/model/channel.go:466.2,466.23 1 0
github.com/mattermost/mattermost/server/public/model/channel.go:466.23,468.3 1 0
github.com/mattermost/mattermost/server/public/model/channel.go:470.2,470.25 1 0
github.com/mattermost/mattermost/server/public/model/channel.go:470.25,472.3 1 0
github.com/mattermost/mattermost/server/public/model/channel.go:474.2,474.26 1 0
github.com/mattermost/mattermost/server/public/model/channel.go:474.26,476.3 1 0
github.com/mattermost/mattermost/server/public/model/channel.go:478.2,478.35 1 0
github.com/mattermost/mattermost/server/public/model/channel.go:478.35,480.3 1 0
github.com/mattermost/mattermost/server/public/model/channel.go:483.2,483.29 1 0
github.com/mattermost/mattermost/server/public/model/channel.go:483.29,484.26 1 0
github.com/mattermost/mattermost/server/public/model/channel.go:484.26,486.4 1 0
github.com/mattermost/mattermost/server/public/model/channel.go:488.3,488.38 1 0
github.com/mattermost/mattermost/server/public/model/channel.go:488.38,490.4 1 0
github.com/mattermost/mattermost/server/public/model/channel.go:492.3,492.35 1 0
github.com/mattermost/mattermost/server/public/model/channel.go:492.35,494.4 1 0
github.com/mattermost/mattermost/server/public/model/channel.go:496.3,496.46 1 0
github.com/mattermost/mattermost/server/public/model/channel.go:496.46,498.4 1 0
github.com/mattermost/mattermost/server/public/model/channel.go:501.2,501.34 1 0
github.com/mattermost/mattermost/server/public/model/channel.go:501.34,503.3 1 0
github.com/mattermost/mattermost/server/public/model/channel.go:505.2,505.38 1 0
github.com/mattermost/mattermost/server/public/model/channel.go:505.38,507.3 1 0
github.com/mattermost/mattermost/server/public/model/channel.go:509.2,509.31 1 0
github.com/mattermost/mattermost/server/public/model/channel.go:509.31,511.3 1 0
github.com/mattermost/mattermost/server/public/model/channel.go:514.32,515.20 1 0
github.com/mattermost/mattermost/server/public/model/channel.go:515.20,517.3 1 0
github.com/mattermost/mattermost/server/public/model/channel.go:520.50,524.2 2 0
github.com/mattermost/mattermost/server/public/model/channel.go:526.45,528.2 1 0
github.com/mattermost/mattermost/server/public/model/channel.go:530.35,532.2 1 0
github.com/mattermost/mattermost/server/public/model/channel.go:534.61,537.17 2 0
github.com/mattermost/mattermost/server/public/model/channel.go:537.17,539.3 1 0
github.com/mattermost/mattermost/server/public/model/channel.go:541.2,541.21 1 0
github.com/mattermost/mattermost/server/public/model/channel.go:541.21,543.3 1 0
github.com/mattermost/mattermost/server/public/model/channel.go:545.2,545.14 1 0
github.com/mattermost/mattermost/server/public/model/channel.go:548.56,549.33 1 0
github.com/mattermost/mattermost/server/public/model/channel.go:549.33,551.3 1 0
github.com/mattermost/mattermost/server/public/model/channel.go:553.2,554.23 2 0
github.com/mattermost/mattermost/server/public/model/channel.go:554.23,556.3 1 0
github.com/mattermost/mattermost/server/public/model/channel.go:558.2,558.30 1 0
github.com/mattermost/mattermost/server/public/model/channel.go:558.30,560.3 1 0
github.com/mattermost/mattermost/server/public/model/channel.go:562.2,562.31 1 0
github.com/mattermost/mattermost/server/public/model/channel.go:565.38,572.2 1 0
github.com/mattermost/mattermost/server/public/model/channel.go:574.52,576.2 1 0
github.com/mattermost/mattermost/server/public/model/channel.go:578.55,579.23 1 0
github.com/mattermost/mattermost/server/public/model/channel.go:579.23,581.3 1 0
github.com/mattermost/mattermost/server/public/model/channel.go:582.2,582.33 1 0
github.com/mattermost/mattermost/server/public/model/channel.go:585.72,587.33 2 0
github.com/mattermost/mattermost/server/public/model/channel.go:587.33,589.3 1 0
github.com/mattermost/mattermost/server/public/model/channel.go:591.2,595.50 3 0
github.com/mattermost/mattermost/server/public/model/channel.go:595.50,597.3 1 0
github.com/mattermost/mattermost/server/public/model/channel.go:599.2,599.13 1 0
github.com/mattermost/mattermost/server/public/model/channel.go:602.55,606.29 3 0
github.com/mattermost/mattermost/server/public/model/channel.go:606.29,608.3 1 0
github.com/mattermost/mattermost/server/public/model/channel.go:610.2,610.39 1 0
github.com/mattermost/mattermost/server/public/model/channel_bookmark.go:37.61,39.2 1 0
github.com/mattermost/mattermost/server/public/model/channel_bookmark.go:48.73,50.2 1 0
github.com/mattermost/mattermost/server/public/model/channel_bookmark.go:71.54,85.2 1 0
github.com/mattermost/mattermost/server/public/model/channel_bookmark.go:88.52,91.2 2 0
github.com/mattermost/mattermost/server/public/model/channel_bookmark.go:96.75,105.2 8 0
github.com/mattermost/mattermost/server/public/model/channel_bookmark.go:107.47,108.22 1 0
github.com/mattermost/mattermost/server/public/model/channel_bookmark.go:108.22,110.3 1 0
github.com/mattermost/mattermost/server/public/model/channel_bookmark.go:112.2,112.21 1 0
github.com/mattermost/mattermost/server/public/model/channel_bookmark.go:112.21,114.3 1 0
github.com/mattermost/mattermost/server/public/model/channel_bookmark.go:116.2,116.21 1 0
github.com/mattermost/mattermost/server/public/model/channel_bookmark.go:116.21,118.3 1 0
github.com/mattermost/mattermost/server/public/model/channel_bookmark.go:120.2,120.29 1 0
github.com/mattermost/mattermost/server/public/model/channel_bookmark.go:120.29,122.3 1 0
github.com/mattermost/mattermost/server/public/model/channel_bookmark.go:124.2,124.27 1 0
github.com/mattermost/mattermost/server/public/model/channel_bookmark.go:124.27,126.3 1 0
github.com/mattermost/mattermost/server/public/model/channel_bookmark.go:128.2,128.88 1 0
github.com/mattermost/mattermost/server/public/model/channel_bookmark.go:128.88,130.3 1 0
github.com/mattermost/mattermost/server/public/model/channel_bookmark.go:132.2,132.41 1 0
github.com/mattermost/mattermost/server/public/model/channel_bookmark.go:132.41,134.3 1 0
github.com/mattermost/mattermost/server/public/model/channel_bookmark.go:136.2,136.86 1 0
github.com/mattermost/mattermost/server/public/model/channel_bookmark.go:136.86,138.3 1 0
github.com/mattermost/mattermost/server/public/model/channel_bookmark.go:140.2,140.36 1 0
github.com/mattermost/mattermost/server/public/model/channel_bookmark.go:140.36,141.49 1 0
github.com/mattermost/mattermost/server/public/model/channel_bookmark.go:141.49,143.4 1 0
github.com/mattermost/mattermost/server/public/model/channel_bookmark.go:144.3,144.188 1 0
github.com/mattermost/mattermost/server/public/model/channel_bookmark.go:144.188,146.4 1 0
github.com/mattermost/mattermost/server/public/model/channel_bookmark.go:147.3,147.21 1 0
github.com/mattermost/mattermost/server/public/model/channel_bookmark.go:147.21,149.4 1 0
github.com/mattermost/mattermost/server/public/model/channel_bookmark.go:150.3,150.23 1 0
github.com/mattermost/mattermost/server/public/model/channel_bookmark.go:150.23,152.4 1 0
github.com/mattermost/mattermost/server/public/model/channel_bookmark.go:155.2,155.53 1 0
github.com/mattermost/mattermost/server/public/model/channel_bookmark.go:155.53,157.3 1 0
github.com/mattermost/mattermost/server/public/model/channel_bookmark.go:159.2,159.54 1 0
github.com/mattermost/mattermost/server/public/model/channel_bookmark.go:159.54,161.3 1 0
github.com/mattermost/mattermost/server/public/model/channel_bookmark.go:163.2,163.138 1 0
github.com/mattermost/mattermost/server/public/model/channel_bookmark.go:163.138,165.3 1 0
github.com/mattermost/mattermost/server/public/model/channel_bookmark.go:167.2,167.141 1 0
github.com/mattermost/mattermost/server/public/model/channel_bookmark.go:167.141,169.3 1 0
github.com/mattermost/mattermost/server/public/model/channel_bookmark.go:171.2,171.79 1 0
github.com/mattermost/mattermost/server/public/model/channel_bookmark.go:171.79,173.3 1 0
github.com/mattermost/mattermost/server/public/model/channel_bookmark.go:175.2,175.40 1 0
github.com/mattermost/mattermost/server/public/model/channel_bookmark.go:175.40,177.3 1 0
github.com/mattermost/mattermost/server/public/model/channel_bookmark.go:179.2,179.52 1 0
github.com/mattermost/mattermost/server/public/model/channel_bookmark.go:179.52,181.3 1 0
github.com/mattermost/mattermost/server/public/model/channel_bookmark.go:183.2,183.48 1 0
github.com/mattermost/mattermost/server/public/model/channel_bookmark.go:183.48,185.3 1 0
github.com/mattermost/mattermost/server/public/model/channel_bookmark.go:187.2,187.12 1 0
github.com/mattermost/mattermost/server/public/model/channel_bookmark.go:190.37,191.16 1 0
github.com/mattermost/mattermost/server/public/model/channel_bookmark.go:191.16,193.3 1 0
github.com/mattermost/mattermost/server/public/model/channel_bookmark.go:195.2,197.21 3 0
github.com/mattermost/mattermost/server/public/model/channel_bookmark.go:197.21,199.3 1 0
github.com/mattermost/mattermost/server/public/model/channel_bookmark.go:200.2,200.25 1 0
github.com/mattermost/mattermost/server/public/model/channel_bookmark.go:203.39,207.2 3 0
github.com/mattermost/mattermost/server/public/model/channel_bookmark.go:209.92,231.28 2 0
github.com/mattermost/mattermost/server/public/model/channel_bookmark.go:231.28,233.3 1 0
github.com/mattermost/mattermost/server/public/model/channel_bookmark.go:235.2,235.13 1 0
github.com/mattermost/mattermost/server/public/model/channel_bookmark.go:247.59,251.2 1 0
github.com/mattermost/mattermost/server/public/model/channel_bookmark.go:253.62,254.25 1 0
github.com/mattermost/mattermost/server/public/model/channel_bookmark.go:254.25,256.3 1 0
github.com/mattermost/mattermost/server/public/model/channel_bookmark.go:258.2,258.30 1 0
github.com/mattermost/mattermost/server/public/model/channel_bookmark.go:258.30,260.3 1 0
github.com/mattermost/mattermost/server/public/model/channel_bookmark.go:261.2,261.28 1 0
github.com/mattermost/mattermost/server/public/model/channel_bookmark.go:261.28,263.3 1 0
github.com/mattermost/mattermost/server/public/model/channel_bookmark.go:264.2,264.26 1 0
github.com/mattermost/mattermost/server/public/model/channel_bookmark.go:264.26,266.3 1 0
github.com/mattermost/mattermost/server/public/model/channel_bookmark.go:267.2,267.27 1 0
github.com/mattermost/mattermost/server/public/model/channel_bookmark.go:267.27,269.3 1 0
github.com/mattermost/mattermost/server/public/model/channel_bookmark.go:270.2,270.24 1 0
github.com/mattermost/mattermost/server/public/model/channel_bookmark.go:270.24,272.3 1 0
github.com/mattermost/mattermost/server/public/model/channel_bookmark.go:280.66,282.23 2 0
github.com/mattermost/mattermost/server/public/model/channel_bookmark.go:282.23,284.3 1 0
github.com/mattermost/mattermost/server/public/model/channel_bookmark.go:286.2,286.10 1 0
github.com/mattermost/mattermost/server/public/model/channel_bookmark.go:290.76,293.2 2 0
github.com/mattermost/mattermost/server/public/model/channel_bookmark.go:310.68,312.22 2 0
github.com/mattermost/mattermost/server/public/model/channel_bookmark.go:312.22,314.3 1 0
github.com/mattermost/mattermost/server/public/model/channel_bookmark.go:315.2,315.22 1 0
github.com/mattermost/mattermost/server/public/model/channel_bookmark.go:315.22,317.3 1 0
github.com/mattermost/mattermost/server/public/model/channel_bookmark.go:318.2,318.10 1 0
github.com/mattermost/mattermost/server/public/model/channel_bookmark.go:349.99,371.42 2 0
github.com/mattermost/mattermost/server/public/model/channel_bookmark.go:371.42,373.29 2 0
github.com/mattermost/mattermost/server/public/model/channel_bookmark.go:373.29,375.4 1 0
github.com/mattermost/mattermost/server/public/model/channel_bookmark.go:376.3,386.4 1 0
github.com/mattermost/mattermost/server/public/model/channel_bookmark.go:388.2,388.12 1 0
github.com/mattermost/mattermost/server/public/model/channel_data.go:11.37,13.21 2 0
github.com/mattermost/mattermost/server/public/model/channel_data.go:13.21,15.3 1 0
github.com/mattermost/mattermost/server/public/model/channel_data.go:17.2,17.73 1 0
github.com/mattermost/mattermost/server/public/model/channel_join_request.go:63.53,64.11 1 0
github.com/mattermost/mattermost/server/public/model/channel_join_request.go:68.37,69.14 1 0
github.com/mattermost/mattermost/server/public/model/channel_join_request.go:71.2,71.14 1 0
github.com/mattermost/mattermost/server/public/model/channel_join_request.go:74.57,87.2 1 0
github.com/mattermost/mattermost/server/public/model/channel_join_request.go:89.45,91.2 1 0
github.com/mattermost/mattermost/server/public/model/channel_join_request.go:93.50,94.22 1 0
github.com/mattermost/mattermost/server/public/model/channel_join_request.go:94.22,96.3 1 0
github.com/mattermost/mattermost/server/public/model/channel_join_request.go:98.2,98.29 1 0
github.com/mattermost/mattermost/server/public/model/channel_join_request.go:98.29,100.3 1 0
github.com/mattermost/mattermost/server/public/model/channel_join_request.go:102.2,102.26 1 0
github.com/mattermost/mattermost/server/public/model/channel_join_request.go:102.26,104.3 1 0
github.com/mattermost/mattermost/server/public/model/channel_join_request.go:106.2,106.21 1 0
github.com/mattermost/mattermost/server/public/model/channel_join_request.go:106.21,108.3 1 0
github.com/mattermost/mattermost/server/public/model/channel_join_request.go:110.2,110.21 1 0
github.com/mattermost/mattermost/server/public/model/channel_join_request.go:110.21,112.3 1 0
github.com/mattermost/mattermost/server/public/model/channel_join_request.go:114.2,114.48 1 0
github.com/mattermost/mattermost/server/public/model/channel_join_request.go:114.48,116.3 1 0
github.com/mattermost/mattermost/server/public/model/channel_join_request.go:118.2,118.75 1 0
github.com/mattermost/mattermost/server/public/model/channel_join_request.go:118.75,120.3 1 0
github.com/mattermost/mattermost/server/public/model/channel_join_request.go:122.2,122.85 1 0
github.com/mattermost/mattermost/server/public/model/channel_join_request.go:122.85,124.3 1 0
github.com/mattermost/mattermost/server/public/model/channel_join_request.go:127.2,127.72 1 0
github.com/mattermost/mattermost/server/public/model/channel_join_request.go:127.72,129.3 1 0
github.com/mattermost/mattermost/server/public/model/channel_join_request.go:131.2,131.52 1 0
github.com/mattermost/mattermost/server/public/model/channel_join_request.go:131.52,133.3 1 0
github.com/mattermost/mattermost/server/public/model/channel_join_request.go:136.2,136.18 1 0
github.com/mattermost/mattermost/server/public/model/channel_join_request.go:137.72,138.46 1 0
github.com/mattermost/mattermost/server/public/model/channel_join_request.go:138.46,140.4 1 0
github.com/mattermost/mattermost/server/public/model/channel_join_request.go:143.2,143.12 1 0
github.com/mattermost/mattermost/server/public/model/channel_join_request.go:146.40,147.16 1 0
github.com/mattermost/mattermost/server/public/model/channel_join_request.go:147.16,149.3 1 0
github.com/mattermost/mattermost/server/public/model/channel_join_request.go:150.2,150.20 1 0
github.com/mattermost/mattermost/server/public/model/channel_join_request.go:150.20,152.3 1 0
github.com/mattermost/mattermost/server/public/model/channel_join_request.go:153.2,153.21 1 0
github.com/mattermost/mattermost/server/public/model/channel_join_request.go:153.21,155.3 1 0
github.com/mattermost/mattermost/server/public/model/channel_join_request.go:156.2,158.50 3 0
github.com/mattermost/mattermost/server/public/model/channel_join_request.go:161.42,165.2 3 0
github.com/mattermost/mattermost/server/public/model/channel_list.go:8.37,13.23 4 0
github.com/mattermost/mattermost/server/public/model/channel_list.go:13.23,14.23 1 0
github.com/mattermost/mattermost/server/public/model/channel_list.go:14.23,17.4 2 0
github.com/mattermost/mattermost/server/public/model/channel_list.go:19.3,19.21 1 0
github.com/mattermost/mattermost/server/public/model/channel_list.go:19.21,22.4 2 0
github.com/mattermost/mattermost/server/public/model/channel_list.go:25.2,25.36 1 0
github.com/mattermost/mattermost/server/public/model/channel_list.go:30.49,35.23 4 0
github.com/mattermost/mattermost/server/public/model/channel_list.go:35.23,36.23 1 0
github.com/mattermost/mattermost/server/public/model/channel_list.go:36.23,39.4 2 0
github.com/mattermost/mattermost/server/public/model/channel_list.go:41.3,41.21 1 0
github.com/mattermost/mattermost/server/public/model/channel_list.go:41.21,44.4 2 0
github.com/mattermost/mattermost/server/public/model/channel_list.go:46.3,46.25 1 0
github.com/mattermost/mattermost/server/public/model/channel_list.go:46.25,49.4 2 0
github.com/mattermost/mattermost/server/public/model/channel_list.go:52.2,52.36 1 0
github.com/mattermost/mattermost/server/public/model/channel_member.go:73.52,91.2 1 0
github.com/mattermost/mattermost/server/public/model/channel_member.go:95.70,98.31 1 0
github.com/mattermost/mattermost/server/public/model/channel_member.go:98.31,101.3 2 0
github.com/mattermost/mattermost/server/public/model/channel_member.go:129.45,130.29 1 0
github.com/mattermost/mattermost/server/public/model/channel_member.go:130.29,132.3 1 0
github.com/mattermost/mattermost/server/public/model/channel_member.go:134.2,134.26 1 0
github.com/mattermost/mattermost/server/public/model/channel_member.go:134.26,136.3 1 0
github.com/mattermost/mattermost/server/public/model/channel_member.go:138.2,138.84 1 0
github.com/mattermost/mattermost/server/public/model/channel_member.go:138.84,140.3 1 0
github.com/mattermost/mattermost/server/public/model/channel_member.go:142.2,142.39 1 0
github.com/mattermost/mattermost/server/public/model/channel_member.go:142.39,145.3 1 0
github.com/mattermost/mattermost/server/public/model/channel_member.go:147.2,147.12 1 0
github.com/mattermost/mattermost/server/public/model/channel_member.go:150.104,151.82 1 0
github.com/mattermost/mattermost/server/public/model/channel_member.go:151.82,152.71 1 0
github.com/mattermost/mattermost/server/public/model/channel_member.go:152.71,154.4 1 0
github.com/mattermost/mattermost/server/public/model/channel_member.go:157.2,157.89 1 0
github.com/mattermost/mattermost/server/public/model/channel_member.go:157.89,158.83 1 0
github.com/mattermost/mattermost/server/public/model/channel_member.go:158.83,160.4 1 0
github.com/mattermost/mattermost/server/public/model/channel_member.go:163.2,163.54 1 0
github.com/mattermost/mattermost/server/public/model/channel_member.go:163.54,164.67 1 0
github.com/mattermost/mattermost/server/public/model/channel_member.go:164.67,166.4 1 0
github.com/mattermost/mattermost/server/public/model/channel_member.go:169.2,169.55 1 0
github.com/mattermost/mattermost/server/public/model/channel_member.go:169.55,170.58 1 0
github.com/mattermost/mattermost/server/public/model/channel_member.go:170.58,172.4 1 0
github.com/mattermost/mattermost/server/public/model/channel_member.go:175.2,175.83 1 0
github.com/mattermost/mattermost/server/public/model/channel_member.go:175.83,176.94 1 0
github.com/mattermost/mattermost/server/public/model/channel_member.go:176.94,178.4 1 0
github.com/mattermost/mattermost/server/public/model/channel_member.go:181.2,181.79 1 0
github.com/mattermost/mattermost/server/public/model/channel_member.go:181.79,182.102 1 0
github.com/mattermost/mattermost/server/public/model/channel_member.go:182.102,184.4 1 0
github.com/mattermost/mattermost/server/public/model/channel_member.go:187.2,188.86 2 0
github.com/mattermost/mattermost/server/public/model/channel_member.go:188.86,190.3 1 0
github.com/mattermost/mattermost/server/public/model/channel_member.go:192.2,192.12 1 0
github.com/mattermost/mattermost/server/public/model/channel_member.go:195.35,197.2 1 0
github.com/mattermost/mattermost/server/public/model/channel_member.go:199.37,201.2 1 0
github.com/mattermost/mattermost/server/public/model/channel_member.go:203.45,205.2 1 0
github.com/mattermost/mattermost/server/public/model/channel_member.go:207.53,208.24 1 0
github.com/mattermost/mattermost/server/public/model/channel_member.go:208.24,210.3 1 0
github.com/mattermost/mattermost/server/public/model/channel_member.go:210.8,212.3 1 0
github.com/mattermost/mattermost/server/public/model/channel_member.go:215.47,217.2 1 0
github.com/mattermost/mattermost/server/public/model/channel_member.go:219.57,224.2 1 0
github.com/mattermost/mattermost/server/public/model/channel_member.go:226.65,228.2 1 0
github.com/mattermost/mattermost/server/public/model/channel_member.go:230.46,232.2 1 0
github.com/mattermost/mattermost/server/public/model/channel_member.go:234.70,236.2 1 0
github.com/mattermost/mattermost/server/public/model/channel_member.go:238.76,240.2 1 0
github.com/mattermost/mattermost/server/public/model/channel_member.go:242.47,251.2 1 0
github.com/mattermost/mattermost/server/public/model/channel_member.go:283.64,291.2 1 0
github.com/mattermost/mattermost/server/public/model/channel_mentions.go:13.47,16.36 2 0
github.com/mattermost/mattermost/server/public/model/channel_mentions.go:16.36,18.73 2 0
github.com/mattermost/mattermost/server/public/model/channel_mentions.go:18.73,20.31 2 0
github.com/mattermost/mattermost/server/public/model/channel_mentions.go:20.31,23.5 2 0
github.com/mattermost/mattermost/server/public/model/channel_mentions.go:27.2,27.14 1 0
github.com/mattermost/mattermost/server/public/model/channel_mentions.go:32.80,36.41 3 0
github.com/mattermost/mattermost/server/public/model/channel_mentions.go:36.41,37.24 1 0
github.com/mattermost/mattermost/server/public/model/channel_mentions.go:37.24,38.12 1 0
[...]
github.com/mattermost/mattermost/server/public/model/view.go:163.69,165.3 1 0
github.com/mattermost/mattermost/server/public/model/view.go:167.2,167.21 1 0
github.com/mattermost/mattermost/server/public/model/view.go:167.21,169.3 1 0
github.com/mattermost/mattermost/server/public/model/view.go:171.2,171.21 1 0
github.com/mattermost/mattermost/server/public/model/view.go:171.21,173.3 1 0
github.com/mattermost/mattermost/server/public/model/view.go:175.2,175.59 1 0
github.com/mattermost/mattermost/server/public/model/view.go:175.59,177.3 1 0
github.com/mattermost/mattermost/server/public/model/view.go:179.2,179.12 1 0
github.com/mattermost/mattermost/server/public/model/view.go:183.76,184.32 1 0
github.com/mattermost/mattermost/server/public/model/view.go:184.32,186.3 1 0
github.com/mattermost/mattermost/server/public/model/view.go:187.2,187.12 1 0
github.com/mattermost/mattermost/server/public/model/view.go:190.59,191.18 1 0
github.com/mattermost/mattermost/server/public/model/view.go:191.18,193.3 1 0
github.com/mattermost/mattermost/server/public/model/view.go:195.2,196.16 2 0
github.com/mattermost/mattermost/server/public/model/view.go:196.16,198.3 1 0
github.com/mattermost/mattermost/server/public/model/view.go:200.2,200.40 1 0
github.com/mattermost/mattermost/server/public/model/view.go:200.40,202.3 1 0
github.com/mattermost/mattermost/server/public/model/view.go:204.2,204.38 1 0
github.com/mattermost/mattermost/server/public/model/view.go:204.38,206.3 1 0
github.com/mattermost/mattermost/server/public/model/view.go:208.2,208.52 1 0
github.com/mattermost/mattermost/server/public/model/view.go:208.52,210.3 1 0
github.com/mattermost/mattermost/server/public/model/view.go:212.2,212.45 1 0
github.com/mattermost/mattermost/server/public/model/view.go:212.45,213.25 1 0
github.com/mattermost/mattermost/server/public/model/view.go:213.25,215.4 1 0
github.com/mattermost/mattermost/server/public/model/view.go:216.3,216.40 1 0
github.com/mattermost/mattermost/server/public/model/view.go:216.40,218.4 1 0
github.com/mattermost/mattermost/server/public/model/view.go:219.3,219.30 1 0
github.com/mattermost/mattermost/server/public/model/view.go:219.30,221.4 1 0
github.com/mattermost/mattermost/server/public/model/view.go:224.2,224.12 1 0
github.com/mattermost/mattermost/server/public/model/view.go:227.26,228.16 1 0
github.com/mattermost/mattermost/server/public/model/view.go:228.16,230.3 1 0
github.com/mattermost/mattermost/server/public/model/view.go:232.2,232.21 1 0
github.com/mattermost/mattermost/server/public/model/view.go:232.21,234.3 1 0
github.com/mattermost/mattermost/server/public/model/view.go:235.2,236.16 2 0
github.com/mattermost/mattermost/server/public/model/view.go:239.28,241.2 1 0
github.com/mattermost/mattermost/server/public/model/view.go:243.40,244.18 1 0
github.com/mattermost/mattermost/server/public/model/view.go:244.18,246.3 1 0
github.com/mattermost/mattermost/server/public/model/view.go:247.2,247.24 1 0
github.com/mattermost/mattermost/server/public/model/view.go:247.24,249.3 1 0
github.com/mattermost/mattermost/server/public/model/view.go:250.2,250.30 1 0
github.com/mattermost/mattermost/server/public/model/view.go:250.30,252.3 1 0
github.com/mattermost/mattermost/server/public/model/view.go:253.2,253.28 1 0
github.com/mattermost/mattermost/server/public/model/view.go:253.28,255.3 1 0
github.com/mattermost/mattermost/server/public/model/view.go:256.2,256.24 1 0
github.com/mattermost/mattermost/server/public/model/view.go:256.24,259.3 2 0
github.com/mattermost/mattermost/server/public/model/websocket_client.go:67.74,69.2 1 0
github.com/mattermost/mattermost/server/public/model/websocket_client.go:71.158,74.20 3 0
github.com/mattermost/mattermost/server/public/model/websocket_client.go:74.20,78.3 1 0
github.com/mattermost/mattermost/server/public/model/websocket_client.go:80.2,80.63 1 0
github.com/mattermost/mattermost/server/public/model/websocket_client.go:85.110,87.2 1 0
github.com/mattermost/mattermost/server/public/model/websocket_client.go:89.124,91.16 2 0
github.com/mattermost/mattermost/server/public/model/websocket_client.go:91.16,93.3 1 0
github.com/mattermost/mattermost/server/public/model/websocket_client.go:95.2,116.20 5 0
github.com/mattermost/mattermost/server/public/model/websocket_client.go:121.75,123.2 1 0
github.com/mattermost/mattermost/server/public/model/websocket_client.go:127.111,129.2 1 0
github.com/mattermost/mattermost/server/public/model/websocket_client.go:133.49,135.2 1 0
github.com/mattermost/mattermost/server/public/model/websocket_client.go:139.83,142.16 3 0
github.com/mattermost/mattermost/server/public/model/websocket_client.go:142.16,144.3 1 0
github.com/mattermost/mattermost/server/public/model/websocket_client.go:147.2,149.51 2 0
github.com/mattermost/mattermost/server/public/model/websocket_client.go:149.51,155.3 5 0
github.com/mattermost/mattermost/server/public/model/websocket_client.go:157.2,162.12 4 0
github.com/mattermost/mattermost/server/public/model/websocket_client.go:167.37,169.52 1 0
github.com/mattermost/mattermost/server/public/model/websocket_client.go:169.52,171.3 1 0
github.com/mattermost/mattermost/server/public/model/websocket_client.go:172.2,176.18 3 0
github.com/mattermost/mattermost/server/public/model/websocket_client.go:180.38,181.6 1 0
github.com/mattermost/mattermost/server/public/model/websocket_client.go:181.6,182.10 1 0
github.com/mattermost/mattermost/server/public/model/websocket_client.go:183.31,184.23 1 0
github.com/mattermost/mattermost/server/public/model/websocket_client.go:185.21,186.33 1 0
github.com/mattermost/mattermost/server/public/model/websocket_client.go:187.23,188.42 1 0
github.com/mattermost/mattermost/server/public/model/websocket_client.go:188.42,190.6 1 0
github.com/mattermost/mattermost/server/public/model/websocket_client.go:191.21,192.59 1 0
github.com/mattermost/mattermost/server/public/model/websocket_client.go:194.29,195.10 1 0
github.com/mattermost/mattermost/server/public/model/websocket_client.go:201.38,214.12 1 0
github.com/mattermost/mattermost/server/public/model/websocket_client.go:214.12,215.16 1 0
github.com/mattermost/mattermost/server/public/model/websocket_client.go:215.16,221.54 5 0
github.com/mattermost/mattermost/server/public/model/websocket_client.go:221.54,223.5 1 0
github.com/mattermost/mattermost/server/public/model/websocket_client.go:224.4,226.20 3 0
github.com/mattermost/mattermost/server/public/model/websocket_client.go:229.3,232.7 3 0
github.com/mattermost/mattermost/server/public/model/websocket_client.go:232.7,236.18 3 0
github.com/mattermost/mattermost/server/public/model/websocket_client.go:236.18,237.100 1 0
github.com/mattermost/mattermost/server/public/model/websocket_client.go:237.100,239.6 1 0
github.com/mattermost/mattermost/server/public/model/websocket_client.go:240.5,240.11 1 0
github.com/mattermost/mattermost/server/public/model/websocket_client.go:243.4,244.18 2 0
github.com/mattermost/mattermost/server/public/model/websocket_client.go:244.18,250.5 2 0
github.com/mattermost/mattermost/server/public/model/websocket_client.go:252.4,253.22 2 0
github.com/mattermost/mattermost/server/public/model/websocket_client.go:253.22,255.13 2 0
github.com/mattermost/mattermost/server/public/model/websocket_client.go:257.4,257.23 1 0
github.com/mattermost/mattermost/server/public/model/websocket_client.go:257.23,259.13 2 0
github.com/mattermost/mattermost/server/public/model/websocket_client.go:262.4,263.87 2 0
github.com/mattermost/mattermost/server/public/model/websocket_client.go:263.87,265.13 2 0
github.com/mattermost/mattermost/server/public/model/websocket_client.go:271.77,282.2 6 0
github.com/mattermost/mattermost/server/public/model/websocket_client.go:284.89,291.16 6 0
github.com/mattermost/mattermost/server/public/model/websocket_client.go:291.16,293.3 1 0
github.com/mattermost/mattermost/server/public/model/websocket_client.go:295.2,301.12 3 0
github.com/mattermost/mattermost/server/public/model/websocket_client.go:306.68,313.2 2 0
github.com/mattermost/mattermost/server/public/model/websocket_client.go:316.43,318.2 1 0
github.com/mattermost/mattermost/server/public/model/websocket_client.go:322.64,327.2 2 0
github.com/mattermost/mattermost/server/public/model/websocket_client.go:330.67,335.2 2 0
github.com/mattermost/mattermost/server/public/model/websocket_client.go:338.61,343.2 2 0
github.com/mattermost/mattermost/server/public/model/websocket_client.go:346.85,352.2 2 0
github.com/mattermost/mattermost/server/public/model/websocket_client.go:354.53,358.2 3 0
github.com/mattermost/mattermost/server/public/model/websocket_client.go:360.63,361.40 1 0
github.com/mattermost/mattermost/server/public/model/websocket_client.go:361.40,363.3 1 0
github.com/mattermost/mattermost/server/public/model/websocket_client.go:364.2,368.12 3 0
github.com/mattermost/mattermost/server/public/model/websocket_client.go:376.44,377.6 1 0
github.com/mattermost/mattermost/server/public/model/websocket_client.go:377.6,378.10 1 0
github.com/mattermost/mattermost/server/public/model/websocket_client.go:379.29,380.36 1 0
github.com/mattermost/mattermost/server/public/model/websocket_client.go:380.36,382.5 1 0
github.com/mattermost/mattermost/server/public/model/websocket_client.go:383.4,383.77 1 0
github.com/mattermost/mattermost/server/public/model/websocket_client.go:385.33,387.77 2 0
github.com/mattermost/mattermost/server/public/model/websocket_client.go:388.31,389.10 1 0
github.com/mattermost/mattermost/server/public/model/websocket_message.go:170.58,171.15 1 0
github.com/mattermost/mattermost/server/public/model/websocket_message.go:171.15,173.3 1 0
github.com/mattermost/mattermost/server/public/model/websocket_message.go:175.2,176.25 2 0
github.com/mattermost/mattermost/server/public/model/websocket_message.go:176.25,179.3 2 0
github.com/mattermost/mattermost/server/public/model/websocket_message.go:180.2,189.11 9 0
github.com/mattermost/mattermost/server/public/model/websocket_message.go:192.79,195.2 2 0
github.com/mattermost/mattermost/server/public/model/websocket_message.go:203.79,204.14 1 0
github.com/mattermost/mattermost/server/public/model/websocket_message.go:204.14,206.3 1 0
github.com/mattermost/mattermost/server/public/model/websocket_message.go:208.2,210.20 2 0
github.com/mattermost/mattermost/server/public/model/websocket_message.go:210.20,213.3 2 0
github.com/mattermost/mattermost/server/public/model/websocket_message.go:215.2,215.19 1 0
github.com/mattermost/mattermost/server/public/model/websocket_message.go:215.19,218.3 2 0
github.com/mattermost/mattermost/server/public/model/websocket_message.go:220.2,220.24 1 0
github.com/mattermost/mattermost/server/public/model/websocket_message.go:220.24,223.3 2 0
github.com/mattermost/mattermost/server/public/model/websocket_message.go:225.2,225.11 1 0
github.com/mattermost/mattermost/server/public/model/websocket_message.go:247.60,258.2 6 0
github.com/mattermost/mattermost/server/public/model/websocket_message.go:260.67,264.2 3 0
github.com/mattermost/mattermost/server/public/model/websocket_message.go:269.97,273.43 3 0
github.com/mattermost/mattermost/server/public/model/websocket_message.go:273.43,275.3 1 0
github.com/mattermost/mattermost/server/public/model/websocket_message.go:277.2,283.32 5 0
github.com/mattermost/mattermost/server/public/model/websocket_message.go:286.54,288.2 1 0
github.com/mattermost/mattermost/server/public/model/websocket_message.go:290.152,301.2 1 0
github.com/mattermost/mattermost/server/public/model/websocket_message.go:303.50,312.2 2 0
github.com/mattermost/mattermost/server/public/model/websocket_message.go:314.54,323.2 2 0
github.com/mattermost/mattermost/server/public/model/websocket_message.go:325.52,327.2 1 0
github.com/mattermost/mattermost/server/public/model/websocket_message.go:329.62,331.2 1 0
github.com/mattermost/mattermost/server/public/model/websocket_message.go:333.47,335.2 1 0
github.com/mattermost/mattermost/server/public/model/websocket_message.go:337.78,341.2 3 0
github.com/mattermost/mattermost/server/public/model/websocket_message.go:343.72,347.2 3 0
github.com/mattermost/mattermost/server/public/model/websocket_message.go:349.87,353.2 3 0
github.com/mattermost/mattermost/server/public/model/websocket_message.go:355.66,359.2 3 0
github.com/mattermost/mattermost/server/public/model/websocket_message.go:361.42,363.2 1 0
github.com/mattermost/mattermost/server/public/model/websocket_message.go:365.58,367.2 1 0
github.com/mattermost/mattermost/server/public/model/websocket_message.go:369.52,370.31 1 0
github.com/mattermost/mattermost/server/public/model/websocket_message.go:370.31,372.3 1 0
github.com/mattermost/mattermost/server/public/model/websocket_message.go:373.2,378.4 1 0
github.com/mattermost/mattermost/server/public/model/websocket_message.go:382.74,383.31 1 0
github.com/mattermost/mattermost/server/public/model/websocket_message.go:383.31,386.3 2 0
github.com/mattermost/mattermost/server/public/model/websocket_message.go:388.2,393.4 1 0
github.com/mattermost/mattermost/server/public/model/websocket_message.go:398.55,408.2 1 0
github.com/mattermost/mattermost/server/public/model/websocket_message.go:410.70,413.57 3 0
github.com/mattermost/mattermost/server/public/model/websocket_message.go:413.57,415.3 1 0
github.com/mattermost/mattermost/server/public/model/websocket_message.go:416.2,417.33 2 0
github.com/mattermost/mattermost/server/public/model/websocket_message.go:417.33,421.17 2 0
github.com/mattermost/mattermost/server/public/model/websocket_message.go:421.17,423.4 1 0
github.com/mattermost/mattermost/server/public/model/websocket_message.go:425.3,426.51 2 0
github.com/mattermost/mattermost/server/public/model/websocket_message.go:426.51,428.4 1 0
github.com/mattermost/mattermost/server/public/model/websocket_message.go:429.3,429.25 1 0
github.com/mattermost/mattermost/server/public/model/websocket_message.go:431.2,434.17 4 0
github.com/mattermost/mattermost/server/public/model/websocket_message.go:447.56,449.2 1 0
github.com/mattermost/mattermost/server/public/model/websocket_message.go:451.98,453.2 1 0
github.com/mattermost/mattermost/server/public/model/websocket_message.go:455.74,457.2 1 0
github.com/mattermost/mattermost/server/public/model/websocket_message.go:459.44,461.2 1 0
github.com/mattermost/mattermost/server/public/model/websocket_message.go:463.60,465.2 1 0
github.com/mattermost/mattermost/server/public/model/websocket_message.go:467.54,469.2 1 0
github.com/mattermost/mattermost/server/public/model/websocket_message.go:471.76,474.2 2 0
github.com/mattermost/mattermost/server/public/model/websocket_message.go:476.36,478.2 1 0
github.com/mattermost/mattermost/server/public/model/websocket_message.go:480.45,482.2 1 0
github.com/mattermost/mattermost/server/public/model/websocket_request.go:30.63,32.16 2 0
github.com/mattermost/mattermost/server/public/model/websocket_request.go:32.16,34.3 1 0
github.com/mattermost/mattermost/server/public/model/websocket_request.go:35.2,37.16 3 0
github.com/mattermost/mattermost/server/public/model/websocket_request.go:37.16,39.3 1 0
github.com/mattermost/mattermost/server/public/model/websocket_request.go:40.2,40.18 1 0
github.com/mattermost/mattermost/server/public/model/wrangler.go:17.45,19.2 1 0
github.com/mattermost/mattermost/server/public/model/wrangler.go:22.47,23.24 1 0
github.com/mattermost/mattermost/server/public/model/wrangler.go:23.24,25.3 1 0
github.com/mattermost/mattermost/server/public/model/wrangler.go:27.2,27.21 1 0
github.com/mattermost/mattermost/server/public/model/wrangler.go:31.61,33.2 1 0
github.com/mattermost/mattermost/server/public/model/xml_helpers.go:20.77,21.14 1 0
github.com/mattermost/mattermost/server/public/model/xml_helpers.go:21.14,23.3 1 0
github.com/mattermost/mattermost/server/public/model/xml_helpers.go:25.2,25.45 1 0
github.com/mattermost/mattermost/server/public/model/xml_helpers.go:25.45,27.3 1 0
github.com/mattermost/mattermost/server/public/model/xml_helpers.go:30.2,31.19 2 0
github.com/mattermost/mattermost/server/public/model/xml_helpers.go:31.19,33.3 1 0
github.com/mattermost/mattermost/server/public/model/xml_helpers.go:34.2,36.25 2 0
github.com/mattermost/mattermost/server/public/model/xml_helpers.go:36.25,38.98 2 0
github.com/mattermost/mattermost/server/public/model/xml_helpers.go:38.98,40.4 1 0
github.com/mattermost/mattermost/server/public/model/xml_helpers.go:43.2,43.35 1 0
github.com/mattermost/mattermost/server/public/model/xml_helpers.go:47.80,50.6 2 0
github.com/mattermost/mattermost/server/public/model/xml_helpers.go:50.6,52.17 2 0
github.com/mattermost/mattermost/server/public/model/xml_helpers.go:52.17,54.4 1 0
github.com/mattermost/mattermost/server/public/model/xml_helpers.go:56.3,56.26 1 0
github.com/mattermost/mattermost/server/public/model/xml_helpers.go:57.25,58.31 1 0
github.com/mattermost/mattermost/server/public/model/xml_helpers.go:58.31,60.55 2 0
github.com/mattermost/mattermost/server/public/model/xml_helpers.go:60.55,62.6 1 0
github.com/mattermost/mattermost/server/public/model/xml_helpers.go:63.5,63.34 1 0
github.com/mattermost/mattermost/server/public/model/xml_helpers.go:64.10,65.36 1 0
github.com/mattermost/mattermost/server/public/model/xml_helpers.go:65.36,67.6 1 0
github.com/mattermost/mattermost/server/public/model/xml_helpers.go:69.23,70.14 1 0
github.com/mattermost/mattermost/server/public/model/xml_helpers.go:85.83,86.14 1 0
github.com/mattermost/mattermost/server/public/model/xml_helpers.go:86.14,88.3 1 0
github.com/mattermost/mattermost/server/public/model/xml_helpers.go:90.2,90.45 1 0
github.com/mattermost/mattermost/server/public/model/xml_helpers.go:90.45,92.3 1 0
github.com/mattermost/mattermost/server/public/model/xml_helpers.go:95.2,96.19 2 0
github.com/mattermost/mattermost/server/public/model/xml_helpers.go:96.19,98.3 1 0
github.com/mattermost/mattermost/server/public/model/xml_helpers.go:99.2,101.25 2 0
github.com/mattermost/mattermost/server/public/model/xml_helpers.go:101.25,105.26 3 0
github.com/mattermost/mattermost/server/public/model/xml_helpers.go:106.15,107.21 1 0
github.com/mattermost/mattermost/server/public/model/xml_helpers.go:108.12,110.24 2 0
github.com/mattermost/mattermost/server/public/model/xml_helpers.go:111.11,113.18 2 0
github.com/mattermost/mattermost/server/public/model/xml_helpers.go:113.18,115.5 1 0
github.com/mattermost/mattermost/server/public/model/xml_helpers.go:116.4,117.27 2 0
github.com/mattermost/mattermost/server/public/model/xml_helpers.go:120.3,120.98 1 0
github.com/mattermost/mattermost/server/public/model/xml_helpers.go:120.98,122.4 1 0
github.com/mattermost/mattermost/server/public/model/xml_helpers.go:125.2,125.35 1 0
github.com/mattermost/mattermost/server/public/model/xml_helpers.go:130.86,133.6 2 0
github.com/mattermost/mattermost/server/public/model/xml_helpers.go:133.6,135.17 2 0
github.com/mattermost/mattermost/server/public/model/xml_helpers.go:135.17,137.4 1 0
github.com/mattermost/mattermost/server/public/model/xml_helpers.go:139.3,139.26 1 0
github.com/mattermost/mattermost/server/public/model/xml_helpers.go:140.25,141.31 1 0
github.com/mattermost/mattermost/server/public/model/xml_helpers.go:141.31,143.55 2 0
github.com/mattermost/mattermost/server/public/model/xml_helpers.go:143.55,145.6 1 0
github.com/mattermost/mattermost/server/public/model/xml_helpers.go:146.5,146.33 1 0
github.com/mattermost/mattermost/server/public/model/xml_helpers.go:146.33,148.68 2 0
github.com/mattermost/mattermost/server/public/model/xml_helpers.go:148.68,150.7 1 0
github.com/mattermost/mattermost/server/public/model/xml_helpers.go:151.6,151.25 1 0
github.com/mattermost/mattermost/server/public/model/xml_helpers.go:152.11,154.6 1 0
github.com/mattermost/mattermost/server/public/model/xml_helpers.go:155.10,156.36 1 0
github.com/mattermost/mattermost/server/public/model/xml_helpers.go:156.36,158.6 1 0
github.com/mattermost/mattermost/server/public/model/xml_helpers.go:160.23,161.14 1 0
