mode: set
server/public/model/access.go:39.43,40.48 1 0
server/public/model/access.go:40.48,42.3 1 0
server/public/model/access.go:44.2,44.44 1 0
server/public/model/access.go:44.44,46.3 1 0
server/public/model/access.go:48.2,48.25 1 0
server/public/model/access.go:48.25,50.3 1 0
server/public/model/access.go:52.2,52.31 1 0
server/public/model/access.go:52.31,54.3 1 0
server/public/model/access.go:56.2,56.90 1 0
server/public/model/access.go:56.90,58.3 1 0
server/public/model/access.go:60.2,60.23 1 0
server/public/model/access.go:60.23,61.99 1 0
server/public/model/access.go:61.99,63.4 1 0
server/public/model/access.go:66.2,66.12 1 0
server/public/model/access.go:69.40,70.23 1 0
server/public/model/access.go:70.23,72.3 1 0
server/public/model/access.go:74.2,74.32 1 0
server/public/model/access.go:74.32,76.3 1 0
server/public/model/access.go:78.2,78.14 1 0
server/public/model/access_policy.go:58.45,60.2 1 0
server/public/model/access_policy.go:69.62,70.14 1 0
server/public/model/access_policy.go:70.14,72.3 1 0
server/public/model/access_policy.go:73.2,73.25 1 0
server/public/model/access_policy.go:73.25,74.66 1 0
server/public/model/access_policy.go:74.66,76.4 1 0
server/public/model/access_policy.go:78.2,78.14 1 0
server/public/model/access_policy.go:177.77,179.34 2 0
server/public/model/access_policy.go:179.34,184.3 1 0
server/public/model/access_policy.go:185.2,188.20 2 0
server/public/model/access_policy.go:188.20,190.3 1 0
server/public/model/access_policy.go:191.2,191.15 1 0
server/public/model/access_policy.go:194.51,195.38 1 0
server/public/model/access_policy.go:195.38,196.49 1 0
server/public/model/access_policy.go:196.49,198.4 1 0
server/public/model/access_policy.go:201.2,201.19 1 0
server/public/model/access_policy.go:202.38,203.37 1 0
server/public/model/access_policy.go:204.38,205.37 1 0
server/public/model/access_policy.go:206.38,207.37 1 0
server/public/model/access_policy.go:208.38,209.37 1 0
server/public/model/access_policy.go:210.10,211.116 1 0
server/public/model/access_policy.go:215.57,216.17 1 0
server/public/model/access_policy.go:217.10,218.22 1 0
server/public/model/access_policy.go:218.22,220.4 1 0
server/public/model/access_policy.go:221.36,222.28 1 0
server/public/model/access_policy.go:222.28,224.4 1 0
server/public/model/access_policy.go:225.10,226.114 1 0
server/public/model/access_policy.go:228.2,228.12 1 0
server/public/model/access_policy.go:231.67,232.103 1 0
server/public/model/access_policy.go:232.103,234.3 1 0
server/public/model/access_policy.go:236.2,236.22 1 0
server/public/model/access_policy.go:236.22,238.3 1 0
server/public/model/access_policy.go:240.2,240.100 1 0
server/public/model/access_policy.go:240.100,242.3 1 0
server/public/model/access_policy.go:244.2,244.20 1 0
server/public/model/access_policy.go:244.20,246.3 1 0
server/public/model/access_policy.go:248.2,248.32 1 0
server/public/model/access_policy.go:248.32,250.3 1 0
server/public/model/access_policy.go:252.2,252.16 1 0
server/public/model/access_policy.go:253.37,254.24 1 0
server/public/model/access_policy.go:254.24,256.4 1 0
server/public/model/access_policy.go:258.3,258.25 1 0
server/public/model/access_policy.go:258.25,260.4 1 0
server/public/model/access_policy.go:261.38,262.47 1 0
server/public/model/access_policy.go:262.47,264.4 1 0
server/public/model/access_policy.go:266.3,266.24 1 0
server/public/model/access_policy.go:266.24,268.4 1 0
server/public/model/access_policy.go:270.3,270.25 1 0
server/public/model/access_policy.go:270.25,272.4 1 0
server/public/model/access_policy.go:275.2,275.12 1 0
server/public/model/access_policy.go:278.67,279.103 1 0
server/public/model/access_policy.go:279.103,281.3 1 0
server/public/model/access_policy.go:283.2,283.22 1 0
server/public/model/access_policy.go:283.22,285.3 1 0
server/public/model/access_policy.go:287.2,287.100 1 0
server/public/model/access_policy.go:287.100,289.3 1 0
server/public/model/access_policy.go:291.2,291.20 1 0
server/public/model/access_policy.go:291.20,293.3 1 0
server/public/model/access_policy.go:295.2,295.32 1 0
server/public/model/access_policy.go:295.32,297.3 1 0
server/public/model/access_policy.go:299.2,299.16 1 0
server/public/model/access_policy.go:300.37,301.24 1 0
server/public/model/access_policy.go:301.24,303.4 1 0
server/public/model/access_policy.go:305.3,305.25 1 0
server/public/model/access_policy.go:305.25,307.4 1 0
server/public/model/access_policy.go:308.38,309.47 1 0
server/public/model/access_policy.go:309.47,311.4 1 0
server/public/model/access_policy.go:314.2,314.12 1 0
server/public/model/access_policy.go:317.67,318.138 1 0
server/public/model/access_policy.go:318.138,320.3 1 0
server/public/model/access_policy.go:322.2,322.22 1 0
server/public/model/access_policy.go:322.22,324.3 1 0
server/public/model/access_policy.go:326.2,326.149 1 0
server/public/model/access_policy.go:326.149,328.3 1 0
server/public/model/access_policy.go:330.2,330.20 1 0
server/public/model/access_policy.go:330.20,332.3 1 0
server/public/model/access_policy.go:334.2,334.32 1 0
server/public/model/access_policy.go:334.32,336.3 1 0
server/public/model/access_policy.go:338.2,338.16 1 0
server/public/model/access_policy.go:339.37,340.24 1 0
server/public/model/access_policy.go:340.24,342.4 1 0
server/public/model/access_policy.go:344.3,344.25 1 0
server/public/model/access_policy.go:344.25,346.4 1 0
server/public/model/access_policy.go:347.38,348.47 1 0
server/public/model/access_policy.go:348.47,350.4 1 0
server/public/model/access_policy.go:351.41,352.47 1 0
server/public/model/access_policy.go:352.47,354.4 1 0
server/public/model/access_policy.go:358.3,358.24 1 0
server/public/model/access_policy.go:358.24,360.4 1 0
server/public/model/access_policy.go:361.3,361.32 1 0
server/public/model/access_policy.go:361.32,362.37 1 0
server/public/model/access_policy.go:362.37,364.5 1 0
server/public/model/access_policy.go:367.3,367.25 1 0
server/public/model/access_policy.go:367.25,369.4 1 0
server/public/model/access_policy.go:372.2,372.31 1 0
server/public/model/access_policy.go:372.31,373.29 1 0
server/public/model/access_policy.go:373.29,375.4 1 0
server/public/model/access_policy.go:376.3,376.39 1 0
server/public/model/access_policy.go:376.39,377.35 1 0
server/public/model/access_policy.go:377.35,379.5 1 0
server/public/model/access_policy.go:381.3,381.126 1 0
server/public/model/access_policy.go:381.126,383.4 1 0
server/public/model/access_policy.go:386.2,386.12 1 0
server/public/model/access_policy.go:401.67,402.138 1 0
server/public/model/access_policy.go:402.138,404.3 1 0
server/public/model/access_policy.go:406.2,406.22 1 0
server/public/model/access_policy.go:406.22,408.3 1 0
server/public/model/access_policy.go:410.2,410.149 1 0
server/public/model/access_policy.go:410.149,412.3 1 0
server/public/model/access_policy.go:414.2,414.20 1 0
server/public/model/access_policy.go:414.20,416.3 1 0
server/public/model/access_policy.go:418.2,418.32 1 0
server/public/model/access_policy.go:418.32,420.3 1 0
server/public/model/access_policy.go:422.2,422.16 1 0
server/public/model/access_policy.go:423.37,424.24 1 0
server/public/model/access_policy.go:424.24,426.4 1 0
server/public/model/access_policy.go:427.3,427.25 1 0
server/public/model/access_policy.go:427.25,429.4 1 0
server/public/model/access_policy.go:430.38,431.47 1 0
server/public/model/access_policy.go:431.47,433.4 1 0
server/public/model/access_policy.go:434.41,435.47 1 0
server/public/model/access_policy.go:435.47,437.4 1 0
server/public/model/access_policy.go:438.3,438.24 1 0
server/public/model/access_policy.go:438.24,440.4 1 0
server/public/model/access_policy.go:441.3,441.32 1 0
server/public/model/access_policy.go:441.32,442.37 1 0
server/public/model/access_policy.go:442.37,444.5 1 0
server/public/model/access_policy.go:446.3,446.25 1 0
server/public/model/access_policy.go:446.25,448.4 1 0
server/public/model/access_policy.go:451.2,452.31 2 0
server/public/model/access_policy.go:452.31,453.29 1 0
server/public/model/access_policy.go:453.29,455.4 1 0
server/public/model/access_policy.go:457.3,459.39 3 0
server/public/model/access_policy.go:459.39,460.35 1 0
server/public/model/access_policy.go:460.35,462.5 1 0
server/public/model/access_policy.go:463.4,463.53 1 0
server/public/model/access_policy.go:463.53,465.5 1 0
server/public/model/access_policy.go:466.4,466.44 1 0
server/public/model/access_policy.go:466.44,468.5 1 0
server/public/model/access_policy.go:472.3,472.37 1 0
server/public/model/access_policy.go:472.37,474.4 1 0
server/public/model/access_policy.go:477.3,477.64 1 0
server/public/model/access_policy.go:477.64,479.4 1 0
server/public/model/access_policy.go:486.3,486.20 1 0
server/public/model/access_policy.go:486.20,488.47 2 0
server/public/model/access_policy.go:488.47,490.5 1 0
server/public/model/access_policy.go:491.4,491.43 1 0
server/public/model/access_policy.go:491.43,493.5 1 0
server/public/model/access_policy.go:494.4,494.41 1 0
server/public/model/access_policy.go:494.41,496.5 1 0
server/public/model/access_policy.go:497.4,497.29 1 0
server/public/model/access_policy.go:501.3,501.39 1 0
server/public/model/access_policy.go:501.39,503.4 1 0
server/public/model/access_policy.go:506.2,506.12 1 0
server/public/model/access_policy.go:509.78,512.19 2 0
server/public/model/access_policy.go:513.38,515.32 2 0
server/public/model/access_policy.go:515.32,522.4 3 0
server/public/model/access_policy.go:523.38,524.44 1 0
server/public/model/access_policy.go:524.44,526.4 1 0
server/public/model/access_policy.go:527.3,527.43 1 0
server/public/model/access_policy.go:528.38,529.102 1 0
server/public/model/access_policy.go:529.102,531.4 1 0
server/public/model/access_policy.go:532.3,532.55 1 0
server/public/model/access_policy.go:532.55,534.4 1 0
server/public/model/access_policy.go:535.3,535.44 1 0
server/public/model/access_policy.go:535.44,537.4 1 0
server/public/model/access_policy.go:538.3,538.43 1 0
server/public/model/access_policy.go:539.38,540.102 1 0
server/public/model/access_policy.go:540.102,542.4 1 0
server/public/model/access_policy.go:545.3,545.107 1 0
server/public/model/access_policy.go:545.107,547.4 1 0
server/public/model/access_policy.go:555.3,555.51 1 0
server/public/model/access_policy.go:555.51,557.4 1 0
server/public/model/access_policy.go:558.3,558.44 1 0
server/public/model/access_policy.go:558.44,560.4 1 0
server/public/model/access_policy.go:563.3,566.47 4 0
server/public/model/access_policy.go:566.47,568.4 1 0
server/public/model/access_policy.go:569.3,570.13 2 0
server/public/model/access_policy.go:571.10,572.115 1 0
server/public/model/access_policy.go:575.2,575.42 1 0
server/public/model/access_policy.go:575.42,577.3 1 0
server/public/model/access_policy.go:579.2,579.12 1 0
server/public/model/access_policy.go:582.52,584.2 1 0
server/public/model/access_policy.go:586.53,587.17 1 0
server/public/model/access_policy.go:587.17,589.3 1 0
server/public/model/access_policy.go:591.2,591.22 1 0
server/public/model/access_policy.go:591.22,593.3 1 0
server/public/model/access_policy.go:595.2,595.12 1 0
server/public/model/access_policy.go:598.58,604.2 1 0
server/public/model/access_request.go:80.53,81.35 1 0
server/public/model/access_request.go:81.35,82.24 1 0
server/public/model/access_request.go:82.24,84.4 1 0
server/public/model/access_request.go:86.2,86.46 1 0
server/public/model/access_request.go:86.46,88.3 1 0
server/public/model/access_request.go:89.2,89.11 1 0
server/public/model/access_request.go:105.56,107.35 2 0
server/public/model/access_request.go:107.35,108.24 1 0
server/public/model/access_request.go:108.24,110.4 1 0
server/public/model/access_request.go:112.2,112.14 1 0
server/public/model/access_request.go:133.53,134.17 1 0
server/public/model/access_request.go:134.17,136.3 1 0
server/public/model/access_request.go:137.2,139.35 3 0
server/public/model/access_request.go:139.35,140.24 1 0
server/public/model/access_request.go:140.24,142.12 2 0
server/public/model/access_request.go:144.3,144.28 1 0
server/public/model/access_request.go:144.28,145.12 1 0
server/public/model/access_request.go:147.3,148.17 2 0
server/public/model/access_request.go:150.2,150.28 1 0
server/public/model/access_request.go:150.28,152.3 1 0
server/public/model/access_request.go:153.2,153.21 1 0
server/public/model/audit_record.go:73.35,75.2 1 0
server/public/model/audit_record.go:78.32,80.2 1 0
server/public/model/audit_record.go:83.133,84.37 1 0
server/public/model/audit_record.go:84.37,86.3 1 0
server/public/model/audit_record.go:88.2,88.37 1 0
server/public/model/audit_record.go:92.88,93.37 1 0
server/public/model/audit_record.go:93.37,95.3 1 0
server/public/model/audit_record.go:97.2,97.49 1 0
server/public/model/audit_record.go:101.100,102.37 1 0
server/public/model/audit_record.go:102.37,104.3 1 0
server/public/model/audit_record.go:106.2,107.35 2 0
server/public/model/audit_record.go:107.35,109.3 1 0
server/public/model/audit_record.go:111.2,111.53 1 0
server/public/model/audit_record.go:115.62,117.2 1 0
server/public/model/audit_record.go:120.63,122.2 1 0
server/public/model/audit_record.go:125.63,127.2 1 0
server/public/model/audit_record.go:131.55,133.2 1 0
server/public/model/audit_record.go:136.48,138.2 1 0
server/public/model/audit_record.go:141.58,143.2 1 0
server/public/model/audit_record.go:146.52,149.2 2 0
server/public/model/auditconv.go:13.63,14.16 1 0
server/public/model/auditconv.go:14.16,16.3 1 0
server/public/model/auditconv.go:17.2,17.25 1 0
server/public/model/auditconv.go:18.16,19.34 1 0
server/public/model/auditconv.go:20.15,21.35 1 0
server/public/model/auditconv.go:22.13,23.31 1 0
server/public/model/auditconv.go:24.12,25.32 1 0
server/public/model/auditconv.go:26.13,27.31 1 0
server/public/model/auditconv.go:28.12,29.32 1 0
server/public/model/auditconv.go:30.18,31.36 1 0
server/public/model/auditconv.go:32.17,33.37 1 0
server/public/model/auditconv.go:34.16,35.34 1 0
server/public/model/auditconv.go:36.15,37.35 1 0
server/public/model/auditconv.go:38.20,39.38 1 0
server/public/model/auditconv.go:40.19,41.39 1 0
server/public/model/auditconv.go:42.12,43.30 1 0
server/public/model/auditconv.go:44.11,45.31 1 0
server/public/model/auditconv.go:46.31,47.49 1 0
server/public/model/auditconv.go:48.30,49.50 1 0
server/public/model/auditconv.go:50.14,51.32 1 0
server/public/model/auditconv.go:52.13,53.33 1 0
server/public/model/auditconv.go:54.17,55.35 1 0
server/public/model/auditconv.go:56.16,57.36 1 0
server/public/model/auditconv.go:58.14,59.32 1 0
server/public/model/auditconv.go:60.13,61.33 1 0
server/public/model/auditconv.go:62.12,63.30 1 0
server/public/model/auditconv.go:64.11,65.31 1 0
server/public/model/auditconv.go:66.17,67.35 1 0
server/public/model/auditconv.go:68.16,69.36 1 0
server/public/model/auditconv.go:70.13,71.31 1 0
server/public/model/auditconv.go:72.12,73.32 1 0
server/public/model/auditconv.go:74.13,75.31 1 0
server/public/model/auditconv.go:76.12,77.32 1 0
server/public/model/auditconv.go:78.15,79.33 1 0
server/public/model/auditconv.go:80.14,81.34 1 0
server/public/model/auditconv.go:82.20,83.38 1 0
server/public/model/auditconv.go:84.19,85.39 1 0
server/public/model/auditconv.go:86.16,87.34 1 0
server/public/model/auditconv.go:88.15,89.35 1 0
server/public/model/auditconv.go:90.24,91.42 1 0
server/public/model/auditconv.go:92.23,93.43 1 0
server/public/model/auditconv.go:94.24,95.42 1 0
server/public/model/auditconv.go:96.23,97.43 1 0
server/public/model/auditconv.go:98.22,99.35 1 0
server/public/model/auditconv.go:100.21,101.36 1 0
server/public/model/auditconv.go:103.2,103.19 1 0
server/public/model/auditconv.go:113.47,115.14 2 0
server/public/model/auditconv.go:115.14,119.3 3 0
server/public/model/auditconv.go:120.2,120.16 1 0
server/public/model/auditconv.go:123.61,127.2 3 0
server/public/model/auditconv.go:129.36,131.2 1 0
server/public/model/auditconv.go:140.38,142.14 2 0
server/public/model/auditconv.go:142.14,146.3 3 0
server/public/model/auditconv.go:147.2,147.13 1 0
server/public/model/auditconv.go:150.58,154.2 3 0
server/public/model/auditconv.go:156.33,158.2 1 0
server/public/model/auditconv.go:167.38,169.14 2 0
server/public/model/auditconv.go:169.14,173.3 3 0
server/public/model/auditconv.go:174.2,174.13 1 0
server/public/model/auditconv.go:182.54,184.15 2 0
server/public/model/auditconv.go:184.15,185.25 1 0
server/public/model/auditconv.go:185.25,187.4 1 0
server/public/model/auditconv.go:189.2,189.18 1 0
server/public/model/auditconv.go:192.58,196.2 3 0
server/public/model/auditconv.go:198.33,200.2 1 0
server/public/model/auditconv.go:219.47,221.14 2 0
server/public/model/auditconv.go:221.14,235.3 13 0
server/public/model/auditconv.go:236.2,236.12 1 0
server/public/model/auditconv.go:239.63,253.2 13 0
server/public/model/auditconv.go:255.38,257.2 1 0
server/public/model/auditconv.go:267.60,269.15 2 0
server/public/model/auditconv.go:269.15,274.25 5 0
server/public/model/auditconv.go:274.25,276.4 1 0
server/public/model/auditconv.go:278.2,278.16 1 0
server/public/model/auditconv.go:281.66,286.2 4 0
server/public/model/auditconv.go:288.41,290.2 1 0
server/public/model/auditconv.go:299.35,301.14 2 0
server/public/model/auditconv.go:301.14,305.3 3 0
server/public/model/auditconv.go:306.2,306.12 1 0
server/public/model/auditconv.go:309.57,313.2 3 0
server/public/model/auditconv.go:315.32,317.2 1 0
server/public/model/auditconv.go:326.92,328.14 2 0
server/public/model/auditconv.go:328.14,329.20 1 0
server/public/model/auditconv.go:329.20,331.4 1 0
server/public/model/auditconv.go:332.3,332.28 1 0
server/public/model/auditconv.go:332.28,334.4 1 0
server/public/model/auditconv.go:335.3,335.29 1 0
server/public/model/auditconv.go:335.29,337.4 1 0
server/public/model/auditconv.go:339.2,339.14 1 0
server/public/model/auditconv.go:342.76,346.2 3 0
server/public/model/auditconv.go:348.51,350.2 1 0
server/public/model/auditconv.go:358.41,360.14 2 0
server/public/model/auditconv.go:360.14,363.3 2 0
server/public/model/auditconv.go:364.2,364.14 1 0
server/public/model/auditconv.go:367.59,370.2 2 0
server/public/model/auditconv.go:372.34,374.2 1 0
server/public/model/auditconv.go:386.50,388.14 2 0
server/public/model/auditconv.go:388.14,395.3 6 0
server/public/model/auditconv.go:396.2,396.11 1 0
server/public/model/auditconv.go:399.63,406.2 6 0
server/public/model/auditconv.go:408.38,410.2 1 0
server/public/model/auditconv.go:420.41,422.14 2 0
server/public/model/auditconv.go:422.14,424.20 2 0
server/public/model/auditconv.go:424.20,426.4 1 0
server/public/model/auditconv.go:426.9,428.4 1 0
server/public/model/auditconv.go:429.3,430.36 2 0
server/public/model/auditconv.go:432.2,432.14 1 0
server/public/model/auditconv.go:435.59,440.2 4 0
server/public/model/auditconv.go:442.34,444.2 1 0
server/public/model/auditconv.go:454.35,456.14 2 0
server/public/model/auditconv.go:456.14,461.3 4 0
server/public/model/auditconv.go:462.2,462.12 1 0
server/public/model/auditconv.go:465.57,470.2 4 0
server/public/model/auditconv.go:472.32,474.2 1 0
server/public/model/auditconv.go:485.50,487.14 2 0
server/public/model/auditconv.go:487.14,493.3 5 0
server/public/model/auditconv.go:494.2,494.14 1 0
server/public/model/auditconv.go:497.62,503.2 5 0
server/public/model/auditconv.go:505.37,507.2 1 0
server/public/model/auditconv.go:517.38,519.14 2 0
server/public/model/auditconv.go:519.14,524.3 4 0
server/public/model/auditconv.go:525.2,525.13 1 0
server/public/model/auditconv.go:528.58,533.2 4 0
server/public/model/auditconv.go:535.33,537.2 1 0
server/public/model/auditconv.go:549.38,551.14 2 0
server/public/model/auditconv.go:551.14,558.3 6 0
server/public/model/auditconv.go:559.2,559.13 1 0
server/public/model/auditconv.go:562.58,569.2 6 0
server/public/model/auditconv.go:571.33,573.2 1 0
server/public/model/auditconv.go:583.44,585.14 2 0
server/public/model/auditconv.go:585.14,590.3 4 0
server/public/model/auditconv.go:591.2,591.15 1 0
server/public/model/auditconv.go:594.60,599.2 4 0
server/public/model/auditconv.go:601.35,603.2 1 0
server/public/model/auditconv.go:612.59,614.14 2 0
server/public/model/auditconv.go:614.14,618.3 3 0
server/public/model/auditconv.go:619.2,619.14 1 0
server/public/model/auditconv.go:622.65,626.2 3 0
server/public/model/auditconv.go:628.40,630.2 1 0
server/public/model/auditconv.go:639.47,641.14 2 0
server/public/model/auditconv.go:641.14,645.3 3 0
server/public/model/auditconv.go:646.2,646.16 1 0
server/public/model/auditconv.go:649.61,653.2 3 0
server/public/model/auditconv.go:655.36,657.2 1 0
server/public/model/auditconv.go:668.71,670.14 2 0
server/public/model/auditconv.go:670.14,676.3 5 0
server/public/model/auditconv.go:677.2,677.13 1 0
server/public/model/auditconv.go:680.69,686.2 5 0
server/public/model/auditconv.go:688.44,690.2 1 0
server/public/model/auditconv.go:705.71,707.14 2 0
server/public/model/auditconv.go:707.14,717.3 9 0
server/public/model/auditconv.go:718.2,718.13 1 0
server/public/model/auditconv.go:721.69,731.2 9 0
server/public/model/auditconv.go:733.44,735.2 1 0
server/public/model/auditconv.go:749.60,751.14 2 0
server/public/model/auditconv.go:751.14,759.3 7 0
server/public/model/auditconv.go:760.2,760.11 1 0
server/public/model/auditconv.go:763.67,772.2 8 0
server/public/model/auditconv.go:774.42,776.2 1 0
server/public/model/audits.go:8.31,9.16 1 0
server/public/model/audits.go:9.16,12.3 1 0
server/public/model/audits.go:13.2,13.11 1 0
server/public/model/authorize.go:58.41,59.29 1 0
server/public/model/authorize.go:59.29,61.3 1 0
server/public/model/authorize.go:63.2,63.27 1 0
server/public/model/authorize.go:63.27,65.3 1 0
server/public/model/authorize.go:67.2,67.41 1 0
server/public/model/authorize.go:67.41,69.3 1 0
server/public/model/authorize.go:71.2,71.23 1 0
server/public/model/authorize.go:71.23,73.3 1 0
server/public/model/authorize.go:75.2,75.22 1 0
server/public/model/authorize.go:75.22,77.3 1 0
server/public/model/authorize.go:79.2,79.66 1 0
server/public/model/authorize.go:79.66,81.3 1 0
server/public/model/authorize.go:83.2,83.26 1 0
server/public/model/authorize.go:83.26,85.3 1 0
server/public/model/authorize.go:87.2,87.25 1 0
server/public/model/authorize.go:87.25,89.3 1 0
server/public/model/authorize.go:92.2,92.60 1 0
server/public/model/authorize.go:92.60,93.43 1 0
server/public/model/authorize.go:93.43,95.4 1 0
server/public/model/authorize.go:99.2,99.23 1 0
server/public/model/authorize.go:99.23,100.97 1 0
server/public/model/authorize.go:100.97,102.4 1 0
server/public/model/authorize.go:105.2,105.12 1 0
server/public/model/authorize.go:110.49,111.29 1 0
server/public/model/authorize.go:111.29,113.3 1 0
server/public/model/authorize.go:115.2,115.27 1 0
server/public/model/authorize.go:115.27,117.3 1 0
server/public/model/authorize.go:119.2,119.90 1 0
server/public/model/authorize.go:119.90,121.3 1 0
server/public/model/authorize.go:123.2,123.26 1 0
server/public/model/authorize.go:123.26,125.3 1 0
server/public/model/authorize.go:127.2,127.25 1 0
server/public/model/authorize.go:127.25,129.3 1 0
server/public/model/authorize.go:132.2,132.60 1 0
server/public/model/authorize.go:132.60,133.43 1 0
server/public/model/authorize.go:133.43,135.4 1 0
server/public/model/authorize.go:139.2,139.23 1 0
server/public/model/authorize.go:139.23,140.105 1 0
server/public/model/authorize.go:140.105,142.4 1 0
server/public/model/authorize.go:145.2,145.12 1 0
server/public/model/authorize.go:148.31,149.23 1 0
server/public/model/authorize.go:149.23,151.3 1 0
server/public/model/authorize.go:153.2,153.22 1 0
server/public/model/authorize.go:153.22,155.3 1 0
server/public/model/authorize.go:157.2,157.20 1 0
server/public/model/authorize.go:157.20,159.3 1 0
server/public/model/authorize.go:162.38,164.2 1 0
server/public/model/authorize.go:167.100,168.25 1 0
server/public/model/authorize.go:168.25,170.3 1 0
server/public/model/authorize.go:172.2,172.31 1 0
server/public/model/authorize.go:172.31,174.3 1 0
server/public/model/authorize.go:177.2,177.56 1 0
server/public/model/authorize.go:177.56,179.3 1 0
server/public/model/authorize.go:182.2,182.104 1 0
server/public/model/authorize.go:182.104,184.3 1 0
server/public/model/authorize.go:187.2,187.52 1 0
server/public/model/authorize.go:187.52,189.3 1 0
server/public/model/authorize.go:191.2,191.12 1 0
server/public/model/authorize.go:195.46,197.2 1 0
server/public/model/authorize.go:200.54,202.2 1 0
server/public/model/authorize.go:205.58,207.60 1 0
server/public/model/authorize.go:207.60,209.3 1 0
server/public/model/authorize.go:212.2,212.60 1 0
server/public/model/authorize.go:212.60,214.3 1 0
server/public/model/authorize.go:217.2,217.100 1 0
server/public/model/authorize.go:217.100,219.3 1 0
server/public/model/authorize.go:222.2,222.50 1 0
server/public/model/authorize.go:222.50,224.3 1 0
server/public/model/authorize.go:227.2,227.59 1 0
server/public/model/authorize.go:227.59,229.3 1 0
server/public/model/authorize.go:232.2,235.48 3 0
server/public/model/authorize.go:239.99,240.20 1 0
server/public/model/authorize.go:240.20,242.29 1 0
server/public/model/authorize.go:242.29,244.4 1 0
server/public/model/authorize.go:245.3,245.25 1 0
server/public/model/authorize.go:245.25,247.4 1 0
server/public/model/authorize.go:249.3,249.35 1 0
server/public/model/authorize.go:249.35,251.4 1 0
server/public/model/authorize.go:252.8,254.29 1 0
server/public/model/authorize.go:254.29,256.26 1 0
server/public/model/authorize.go:256.26,258.5 1 0
server/public/model/authorize.go:260.4,260.36 1 0
server/public/model/authorize.go:260.36,262.5 1 0
server/public/model/authorize.go:263.9,263.32 1 0
server/public/model/authorize.go:263.32,266.4 1 0
server/public/model/authorize.go:269.2,269.12 1 0
server/public/model/authorize.go:273.77,275.20 1 0
server/public/model/authorize.go:275.20,277.3 1 0
server/public/model/authorize.go:280.2,280.25 1 0
server/public/model/authorize.go:280.25,282.3 1 0
server/public/model/authorize.go:284.2,285.16 2 0
server/public/model/authorize.go:285.16,287.3 1 0
server/public/model/authorize.go:290.2,290.24 1 0
server/public/model/authorize.go:290.24,292.3 1 0
server/public/model/authorize.go:295.2,295.30 1 0
server/public/model/authorize.go:295.30,297.3 1 0
server/public/model/authorize.go:299.2,299.12 1 0
server/public/model/autotranslation.go:52.44,53.14 1 0
server/public/model/autotranslation.go:53.14,55.3 1 0
server/public/model/autotranslation.go:56.2,57.25 2 0
server/public/model/autotranslation.go:57.25,60.3 2 0
server/public/model/autotranslation.go:62.2,63.19 2 0
server/public/model/autotranslation.go:63.19,66.3 2 0
server/public/model/autotranslation.go:67.2,68.25 2 0
server/public/model/autotranslation.go:68.25,71.3 2 0
server/public/model/autotranslation.go:72.2,86.3 1 0
server/public/model/autotranslation.go:92.60,93.14 1 0
server/public/model/autotranslation.go:93.14,95.3 1 0
server/public/model/autotranslation.go:98.2,99.52 2 0
server/public/model/autotranslation.go:99.52,101.3 1 0
server/public/model/autotranslation.go:103.2,108.37 2 0
server/public/model/autotranslation.go:108.37,110.3 1 0
server/public/model/autotranslation.go:110.8,112.3 1 0
server/public/model/autotranslation.go:114.2,114.11 1 0
server/public/model/autotranslation.go:117.43,118.14 1 0
server/public/model/autotranslation.go:118.14,120.3 1 0
server/public/model/autotranslation.go:121.2,121.48 1 0
server/public/model/autotranslation.go:121.48,123.3 1 0
server/public/model/autotranslation.go:124.2,124.24 1 0
server/public/model/autotranslation.go:124.24,126.3 1 0
server/public/model/autotranslation.go:127.2,127.18 1 0
server/public/model/autotranslation.go:127.18,129.3 1 0
server/public/model/autotranslation.go:132.2,132.38 1 0
server/public/model/autotranslation.go:132.38,133.23 1 0
server/public/model/autotranslation.go:133.23,135.4 1 0
server/public/model/autotranslation.go:136.3,136.19 1 0
server/public/model/autotranslation.go:136.19,138.4 1 0
server/public/model/autotranslation.go:139.3,139.73 1 0
server/public/model/autotranslation.go:139.73,141.4 1 0
server/public/model/autotranslation.go:142.3,142.54 1 0
server/public/model/autotranslation.go:142.54,144.4 1 0
server/public/model/autotranslation.go:145.3,145.64 1 0
server/public/model/autotranslation.go:145.64,147.4 1 0
server/public/model/autotranslation.go:151.2,151.64 1 0
server/public/model/autotranslation.go:151.64,153.3 1 0
server/public/model/autotranslation.go:155.2,155.12 1 0
server/public/model/autotranslation.go:172.57,173.20 1 0
server/public/model/autotranslation.go:173.20,175.3 1 0
server/public/model/autotranslation.go:176.2,176.49 1 0
server/public/model/autotranslation.go:180.87,182.2 1 0
server/public/model/autotranslation.go:208.93,210.2 1 0
server/public/model/autotranslation.go:218.70,219.84 1 0
server/public/model/autotranslation.go:219.84,221.3 1 0
server/public/model/autotranslation.go:222.2,222.35 1 0
server/public/model/bot.go:36.42,48.2 1 0
server/public/model/bot.go:57.47,63.2 1 0
server/public/model/bot.go:78.38,80.2 1 0
server/public/model/bot.go:83.28,86.2 2 0
server/public/model/bot.go:89.41,90.34 1 0
server/public/model/bot.go:90.34,92.3 1 0
server/public/model/bot.go:94.2,94.68 1 0
server/public/model/bot.go:94.68,96.3 1 0
server/public/model/bot.go:98.2,98.68 1 0
server/public/model/bot.go:98.68,100.3 1 0
server/public/model/bot.go:102.2,102.81 1 0
server/public/model/bot.go:102.81,104.3 1 0
server/public/model/bot.go:106.2,106.12 1 0
server/public/model/bot.go:110.35,111.26 1 0
server/public/model/bot.go:111.26,113.3 1 0
server/public/model/bot.go:115.2,115.21 1 0
server/public/model/bot.go:115.21,117.3 1 0
server/public/model/bot.go:119.2,119.21 1 0
server/public/model/bot.go:119.21,121.3 1 0
server/public/model/bot.go:122.2,122.26 1 0
server/public/model/bot.go:126.25,131.2 4 0
server/public/model/bot.go:134.27,136.2 1 0
server/public/model/bot.go:139.29,141.2 1 0
server/public/model/bot.go:146.38,147.27 1 0
server/public/model/bot.go:147.27,149.3 1 0
server/public/model/bot.go:151.2,151.30 1 0
server/public/model/bot.go:151.30,153.3 1 0
server/public/model/bot.go:155.2,155.30 1 0
server/public/model/bot.go:155.30,157.3 1 0
server/public/model/bot.go:161.48,162.18 1 0
server/public/model/bot.go:162.18,164.3 1 0
server/public/model/bot.go:165.2,165.60 1 0
server/public/model/bot.go:165.60,167.3 1 0
server/public/model/bot.go:168.2,168.69 1 0
server/public/model/bot.go:168.69,170.3 1 0
server/public/model/bot.go:171.2,171.69 1 0
server/public/model/bot.go:171.69,173.3 1 0
server/public/model/bot.go:174.2,174.14 1 0
server/public/model/bot.go:178.32,186.2 1 0
server/public/model/bot.go:189.32,196.2 1 0
server/public/model/bot.go:199.33,204.23 4 0
server/public/model/bot.go:204.23,205.21 1 0
server/public/model/bot.go:205.21,208.4 2 0
server/public/model/bot.go:211.2,211.36 1 0
server/public/model/bot.go:216.59,218.2 1 0
server/public/model/bot.go:220.62,221.39 1 0
server/public/model/bot.go:221.39,223.3 1 0
server/public/model/bot.go:225.2,225.106 1 0
server/public/model/bot.go:225.106,227.3 1 0
server/public/model/bot.go:229.2,229.13 1 0
server/public/model/builtin.go:7.32,7.49 1 0
server/public/model/builtin.go:11.37,12.14 1 0
server/public/model/builtin.go:12.14,15.3 2 0
server/public/model/builtin.go:16.2,16.11 1 0
server/public/model/bundle_info.go:18.67,19.23 1 0
server/public/model/bundle_info.go:19.23,21.3 1 0
server/public/model/bundle_info.go:22.2,22.56 1 0
server/public/model/bundle_info.go:26.49,34.2 2 0
server/public/model/channel.go:58.51,59.18 1 0
server/public/model/channel.go:59.18,61.3 1 0
server/public/model/channel.go:63.2,64.9 2 0
server/public/model/channel.go:64.9,66.3 1 0
server/public/model/channel.go:68.2,68.29 1 0
server/public/model/channel.go:71.58,72.32 1 0
server/public/model/channel.go:72.32,74.3 1 0
server/public/model/channel.go:76.2,77.16 2 0
server/public/model/channel.go:77.16,79.3 1 0
server/public/model/channel.go:80.2,80.23 1 0
server/public/model/channel.go:127.55,128.43 1 0
server/public/model/channel.go:128.43,130.3 1 0
server/public/model/channel.go:131.2,131.32 1 0
server/public/model/channel.go:138.52,140.2 1 0
server/public/model/channel.go:142.46,166.2 1 0
server/public/model/channel.go:168.34,170.2 1 0
server/public/model/channel.go:197.51,206.2 1 0
server/public/model/channel.go:239.61,244.2 1 0
server/public/model/channel.go:297.38,298.32 1 0
server/public/model/channel.go:298.32,300.3 1 0
server/public/model/channel.go:303.39,305.27 2 0
server/public/model/channel.go:305.27,307.3 1 0
server/public/model/channel.go:308.2,308.15 1 0
server/public/model/channel.go:311.39,312.22 1 0
server/public/model/channel.go:312.22,314.3 1 0
server/public/model/channel.go:316.2,316.21 1 0
server/public/model/channel.go:316.21,318.3 1 0
server/public/model/channel.go:320.2,320.21 1 0
server/public/model/channel.go:320.21,322.3 1 0
server/public/model/channel.go:324.2,324.72 1 0
server/public/model/channel.go:324.72,326.3 1 0
server/public/model/channel.go:328.2,328.39 1 0
server/public/model/channel.go:328.39,330.3 1 0
server/public/model/channel.go:332.2,332.198 1 0
server/public/model/channel.go:332.198,334.3 1 0
server/public/model/channel.go:336.2,336.62 1 0
server/public/model/channel.go:336.62,338.3 1 0
server/public/model/channel.go:340.2,340.64 1 0
server/public/model/channel.go:340.64,342.3 1 0
server/public/model/channel.go:344.2,344.27 1 0
server/public/model/channel.go:344.27,346.3 1 0
server/public/model/channel.go:348.2,348.63 1 0
server/public/model/channel.go:348.63,350.152 2 0
server/public/model/channel.go:350.152,352.4 1 0
server/public/model/channel.go:355.2,355.81 1 0
server/public/model/channel.go:355.81,356.64 1 0
server/public/model/channel.go:356.64,358.4 1 0
server/public/model/channel.go:360.3,360.63 1 0
server/public/model/channel.go:360.63,362.4 1 0
server/public/model/channel.go:362.9,362.66 1 0
server/public/model/channel.go:362.66,364.4 1 0
server/public/model/channel.go:366.3,366.85 1 0
server/public/model/channel.go:366.85,368.4 1 0
server/public/model/channel.go:370.3,370.71 1 0
server/public/model/channel.go:370.71,372.4 1 0
server/public/model/channel.go:375.2,375.52 1 0
server/public/model/channel.go:375.52,377.3 1 0
server/public/model/channel.go:379.2,379.54 1 0
server/public/model/channel.go:379.54,381.3 1 0
server/public/model/channel.go:383.2,383.12 1 0
server/public/model/channel.go:389.44,390.18 1 0
server/public/model/channel.go:390.18,392.3 1 0
server/public/model/channel.go:394.2,394.20 1 0
server/public/model/channel.go:394.20,396.3 1 0
server/public/model/channel.go:398.2,398.25 1 0
server/public/model/channel.go:398.25,400.3 1 0
server/public/model/channel.go:402.2,402.12 1 0
server/public/model/channel.go:405.29,406.16 1 0
server/public/model/channel.go:406.16,408.3 1 0
server/public/model/channel.go:410.2,412.21 3 0
server/public/model/channel.go:412.21,414.3 1 0
server/public/model/channel.go:415.2,416.21 2 0
server/public/model/channel.go:419.31,423.2 3 0
server/public/model/channel.go:425.42,427.2 1 0
server/public/model/channel.go:430.44,432.2 1 0
server/public/model/channel.go:434.33,436.2 1 0
server/public/model/channel.go:438.34,440.2 1 0
server/public/model/channel.go:445.43,446.16 1 0
server/public/model/channel.go:447.80,448.14 1 0
server/public/model/channel.go:450.2,450.14 1 0
server/public/model/channel.go:453.38,455.2 1 0
server/public/model/channel.go:457.41,459.2 1 0
server/public/model/channel.go:461.46,462.30 1 0
server/public/model/channel.go:462.30,464.3 1 0
server/public/model/channel.go:466.2,466.23 1 0
server/public/model/channel.go:466.23,468.3 1 0
server/public/model/channel.go:470.2,470.25 1 0
server/public/model/channel.go:470.25,472.3 1 0
server/public/model/channel.go:474.2,474.26 1 0
server/public/model/channel.go:474.26,476.3 1 0
server/public/model/channel.go:478.2,478.35 1 0
server/public/model/channel.go:478.35,480.3 1 0
server/public/model/channel.go:483.2,483.29 1 0
server/public/model/channel.go:483.29,484.26 1 0
server/public/model/channel.go:484.26,486.4 1 0
server/public/model/channel.go:488.3,488.38 1 0
server/public/model/channel.go:488.38,490.4 1 0
server/public/model/channel.go:492.3,492.35 1 0
server/public/model/channel.go:492.35,494.4 1 0
server/public/model/channel.go:496.3,496.46 1 0
server/public/model/channel.go:496.46,498.4 1 0
server/public/model/channel.go:501.2,501.34 1 0
server/public/model/channel.go:501.34,503.3 1 0
server/public/model/channel.go:505.2,505.38 1 0
server/public/model/channel.go:505.38,507.3 1 0
server/public/model/channel.go:509.2,509.31 1 0
server/public/model/channel.go:509.31,511.3 1 0
server/public/model/channel.go:514.32,515.20 1 0
server/public/model/channel.go:515.20,517.3 1 0
server/public/model/channel.go:520.50,524.2 2 0
server/public/model/channel.go:526.45,528.2 1 0
server/public/model/channel.go:530.35,532.2 1 0
server/public/model/channel.go:534.61,537.17 2 0
server/public/model/channel.go:537.17,539.3 1 0
server/public/model/channel.go:541.2,541.21 1 0
server/public/model/channel.go:541.21,543.3 1 0
server/public/model/channel.go:545.2,545.14 1 0
server/public/model/channel.go:548.56,549.33 1 0
server/public/model/channel.go:549.33,551.3 1 0
server/public/model/channel.go:553.2,554.23 2 0
server/public/model/channel.go:554.23,556.3 1 0
server/public/model/channel.go:558.2,558.30 1 0
server/public/model/channel.go:558.30,560.3 1 0
server/public/model/channel.go:562.2,562.31 1 0
server/public/model/channel.go:565.38,572.2 1 0
server/public/model/channel.go:574.52,576.2 1 0
server/public/model/channel.go:578.55,579.23 1 0
server/public/model/channel.go:579.23,581.3 1 0
server/public/model/channel.go:582.2,582.33 1 0
server/public/model/channel.go:585.72,587.33 2 0
server/public/model/channel.go:587.33,589.3 1 0
server/public/model/channel.go:591.2,595.50 3 0
server/public/model/channel.go:595.50,597.3 1 0
server/public/model/channel.go:599.2,599.13 1 0
server/public/model/channel.go:602.55,606.29 3 0
server/public/model/channel.go:606.29,608.3 1 0
server/public/model/channel.go:610.2,610.39 1 0
server/public/model/channel_bookmark.go:37.61,39.2 1 0
server/public/model/channel_bookmark.go:48.73,50.2 1 0
server/public/model/channel_bookmark.go:71.54,85.2 1 0
server/public/model/channel_bookmark.go:88.52,91.2 2 0
server/public/model/channel_bookmark.go:96.75,105.2 8 0
server/public/model/channel_bookmark.go:107.47,108.22 1 0
server/public/model/channel_bookmark.go:108.22,110.3 1 0
server/public/model/channel_bookmark.go:112.2,112.21 1 0
server/public/model/channel_bookmark.go:112.21,114.3 1 0
server/public/model/channel_bookmark.go:116.2,116.21 1 0
server/public/model/channel_bookmark.go:116.21,118.3 1 0
server/public/model/channel_bookmark.go:120.2,120.29 1 0
server/public/model/channel_bookmark.go:120.29,122.3 1 0
server/public/model/channel_bookmark.go:124.2,124.27 1 0
server/public/model/channel_bookmark.go:124.27,126.3 1 0
server/public/model/channel_bookmark.go:128.2,128.88 1 0
server/public/model/channel_bookmark.go:128.88,130.3 1 0
server/public/model/channel_bookmark.go:132.2,132.41 1 0
server/public/model/channel_bookmark.go:132.41,134.3 1 0
server/public/model/channel_bookmark.go:136.2,136.86 1 0
server/public/model/channel_bookmark.go:136.86,138.3 1 0
server/public/model/channel_bookmark.go:140.2,140.36 1 0
server/public/model/channel_bookmark.go:140.36,141.49 1 0
server/public/model/channel_bookmark.go:141.49,143.4 1 0
server/public/model/channel_bookmark.go:144.3,144.188 1 0
server/public/model/channel_bookmark.go:144.188,146.4 1 0
server/public/model/channel_bookmark.go:147.3,147.21 1 0
server/public/model/channel_bookmark.go:147.21,149.4 1 0
server/public/model/channel_bookmark.go:150.3,150.23 1 0
server/public/model/channel_bookmark.go:150.23,152.4 1 0
server/public/model/channel_bookmark.go:155.2,155.53 1 0
server/public/model/channel_bookmark.go:155.53,157.3 1 0
server/public/model/channel_bookmark.go:159.2,159.54 1 0
server/public/model/channel_bookmark.go:159.54,161.3 1 0
server/public/model/channel_bookmark.go:163.2,163.138 1 0
server/public/model/channel_bookmark.go:163.138,165.3 1 0
server/public/model/channel_bookmark.go:167.2,167.141 1 0
server/public/model/channel_bookmark.go:167.141,169.3 1 0
server/public/model/channel_bookmark.go:171.2,171.79 1 0
server/public/model/channel_bookmark.go:171.79,173.3 1 0
server/public/model/channel_bookmark.go:175.2,175.40 1 0
server/public/model/channel_bookmark.go:175.40,177.3 1 0
server/public/model/channel_bookmark.go:179.2,179.52 1 0
server/public/model/channel_bookmark.go:179.52,181.3 1 0
server/public/model/channel_bookmark.go:183.2,183.48 1 0
server/public/model/channel_bookmark.go:183.48,185.3 1 0
server/public/model/channel_bookmark.go:187.2,187.12 1 0
server/public/model/channel_bookmark.go:190.37,191.16 1 0
server/public/model/channel_bookmark.go:191.16,193.3 1 0
server/public/model/channel_bookmark.go:195.2,197.21 3 0
server/public/model/channel_bookmark.go:197.21,199.3 1 0
server/public/model/channel_bookmark.go:200.2,200.25 1 0
server/public/model/channel_bookmark.go:203.39,207.2 3 0
server/public/model/channel_bookmark.go:209.92,231.28 2 0
server/public/model/channel_bookmark.go:231.28,233.3 1 0
server/public/model/channel_bookmark.go:235.2,235.13 1 0
server/public/model/channel_bookmark.go:247.59,251.2 1 0
server/public/model/channel_bookmark.go:253.62,254.25 1 0
server/public/model/channel_bookmark.go:254.25,256.3 1 0
server/public/model/channel_bookmark.go:258.2,258.30 1 0
server/public/model/channel_bookmark.go:258.30,260.3 1 0
server/public/model/channel_bookmark.go:261.2,261.28 1 0
server/public/model/channel_bookmark.go:261.28,263.3 1 0
server/public/model/channel_bookmark.go:264.2,264.26 1 0
server/public/model/channel_bookmark.go:264.26,266.3 1 0
server/public/model/channel_bookmark.go:267.2,267.27 1 0
server/public/model/channel_bookmark.go:267.27,269.3 1 0
server/public/model/channel_bookmark.go:270.2,270.24 1 0
server/public/model/channel_bookmark.go:270.24,272.3 1 0
server/public/model/channel_bookmark.go:280.66,282.23 2 0
server/public/model/channel_bookmark.go:282.23,284.3 1 0
server/public/model/channel_bookmark.go:286.2,286.10 1 0
server/public/model/channel_bookmark.go:290.76,293.2 2 0
server/public/model/channel_bookmark.go:310.68,312.22 2 0
server/public/model/channel_bookmark.go:312.22,314.3 1 0
server/public/model/channel_bookmark.go:315.2,315.22 1 0
server/public/model/channel_bookmark.go:315.22,317.3 1 0
server/public/model/channel_bookmark.go:318.2,318.10 1 0
server/public/model/channel_bookmark.go:349.99,371.42 2 0
server/public/model/channel_bookmark.go:371.42,373.29 2 0
server/public/model/channel_bookmark.go:373.29,375.4 1 0
server/public/model/channel_bookmark.go:376.3,386.4 1 0
server/public/model/channel_bookmark.go:388.2,388.12 1 0
server/public/model/channel_data.go:11.37,13.21 2 0
server/public/model/channel_data.go:13.21,15.3 1 0
server/public/model/channel_data.go:17.2,17.73 1 0
server/public/model/channel_join_request.go:63.53,64.11 1 0
server/public/model/channel_join_request.go:68.37,69.14 1 0
server/public/model/channel_join_request.go:71.2,71.14 1 0
server/public/model/channel_join_request.go:74.57,87.2 1 0
server/public/model/channel_join_request.go:89.45,91.2 1 0
server/public/model/channel_join_request.go:93.50,94.22 1 0
server/public/model/channel_join_request.go:94.22,96.3 1 0
server/public/model/channel_join_request.go:98.2,98.29 1 0
server/public/model/channel_join_request.go:98.29,100.3 1 0
server/public/model/channel_join_request.go:102.2,102.26 1 0
server/public/model/channel_join_request.go:102.26,104.3 1 0
server/public/model/channel_join_request.go:106.2,106.21 1 0
server/public/model/channel_join_request.go:106.21,108.3 1 0
server/public/model/channel_join_request.go:110.2,110.21 1 0
server/public/model/channel_join_request.go:110.21,112.3 1 0
server/public/model/channel_join_request.go:114.2,114.48 1 0
server/public/model/channel_join_request.go:114.48,116.3 1 0
server/public/model/channel_join_request.go:118.2,118.75 1 0
server/public/model/channel_join_request.go:118.75,120.3 1 0
server/public/model/channel_join_request.go:122.2,122.85 1 0
server/public/model/channel_join_request.go:122.85,124.3 1 0
server/public/model/channel_join_request.go:127.2,127.72 1 0
server/public/model/channel_join_request.go:127.72,129.3 1 0
server/public/model/channel_join_request.go:131.2,131.52 1 0
server/public/model/channel_join_request.go:131.52,133.3 1 0
server/public/model/channel_join_request.go:136.2,136.18 1 0
server/public/model/channel_join_request.go:137.72,138.46 1 0
server/public/model/channel_join_request.go:138.46,140.4 1 0
server/public/model/channel_join_request.go:143.2,143.12 1 0
server/public/model/channel_join_request.go:146.40,147.16 1 0
server/public/model/channel_join_request.go:147.16,149.3 1 0
server/public/model/channel_join_request.go:150.2,150.20 1 0
server/public/model/channel_join_request.go:150.20,152.3 1 0
server/public/model/channel_join_request.go:153.2,153.21 1 0
server/public/model/channel_join_request.go:153.21,155.3 1 0
server/public/model/channel_join_request.go:156.2,158.50 3 0
server/public/model/channel_join_request.go:161.42,165.2 3 0
server/public/model/channel_list.go:8.37,13.23 4 0
server/public/model/channel_list.go:13.23,14.23 1 0
server/public/model/channel_list.go:14.23,17.4 2 0
server/public/model/channel_list.go:19.3,19.21 1 0
server/public/model/channel_list.go:19.21,22.4 2 0
server/public/model/channel_list.go:25.2,25.36 1 0
server/public/model/channel_list.go:30.49,35.23 4 0
server/public/model/channel_list.go:35.23,36.23 1 0
server/public/model/channel_list.go:36.23,39.4 2 0
server/public/model/channel_list.go:41.3,41.21 1 0
server/public/model/channel_list.go:41.21,44.4 2 0
server/public/model/channel_list.go:46.3,46.25 1 0
server/public/model/channel_list.go:46.25,49.4 2 0
server/public/model/channel_list.go:52.2,52.36 1 0
server/public/model/channel_member.go:73.52,91.2 1 0
server/public/model/channel_member.go:95.70,98.31 1 0
server/public/model/channel_member.go:98.31,101.3 2 0
server/public/model/channel_member.go:129.45,130.29 1 0
server/public/model/channel_member.go:130.29,132.3 1 0
server/public/model/channel_member.go:134.2,134.26 1 0
server/public/model/channel_member.go:134.26,136.3 1 0
server/public/model/channel_member.go:138.2,138.84 1 0
server/public/model/channel_member.go:138.84,140.3 1 0
server/public/model/channel_member.go:142.2,142.39 1 0
server/public/model/channel_member.go:142.39,145.3 1 0
server/public/model/channel_member.go:147.2,147.12 1 0
server/public/model/channel_member.go:150.104,151.82 1 0
server/public/model/channel_member.go:151.82,152.71 1 0
server/public/model/channel_member.go:152.71,154.4 1 0
server/public/model/channel_member.go:157.2,157.89 1 0
server/public/model/channel_member.go:157.89,158.83 1 0
server/public/model/channel_member.go:158.83,160.4 1 0
server/public/model/channel_member.go:163.2,163.54 1 0
server/public/model/channel_member.go:163.54,164.67 1 0
server/public/model/channel_member.go:164.67,166.4 1 0
server/public/model/channel_member.go:169.2,169.55 1 0
server/public/model/channel_member.go:169.55,170.58 1 0
server/public/model/channel_member.go:170.58,172.4 1 0
server/public/model/channel_member.go:175.2,175.83 1 0
server/public/model/channel_member.go:175.83,176.94 1 0
server/public/model/channel_member.go:176.94,178.4 1 0
server/public/model/channel_member.go:181.2,181.79 1 0
server/public/model/channel_member.go:181.79,182.102 1 0
server/public/model/channel_member.go:182.102,184.4 1 0
server/public/model/channel_member.go:187.2,188.86 2 0
server/public/model/channel_member.go:188.86,190.3 1 0
server/public/model/channel_member.go:192.2,192.12 1 0
server/public/model/channel_member.go:195.35,197.2 1 0
server/public/model/channel_member.go:199.37,201.2 1 0
server/public/model/channel_member.go:203.45,205.2 1 0
server/public/model/channel_member.go:207.53,208.24 1 0
server/public/model/channel_member.go:208.24,210.3 1 0
server/public/model/channel_member.go:210.8,212.3 1 0
server/public/model/channel_member.go:215.47,217.2 1 0
server/public/model/channel_member.go:219.57,224.2 1 0
server/public/model/channel_member.go:226.65,228.2 1 0
server/public/model/channel_member.go:230.46,232.2 1 0
server/public/model/channel_member.go:234.70,236.2 1 0
server/public/model/channel_member.go:238.76,240.2 1 0
server/public/model/channel_member.go:242.47,251.2 1 0
server/public/model/channel_member.go:283.64,291.2 1 0
server/public/model/channel_mentions.go:13.47,16.36 2 0
server/public/model/channel_mentions.go:16.36,18.73 2 0
server/public/model/channel_mentions.go:18.73,20.31 2 0
server/public/model/channel_mentions.go:20.31,23.5 2 0
server/public/model/channel_mentions.go:27.2,27.14 1 0
server/public/model/channel_mentions.go:32.80,36.41 3 0
server/public/model/channel_mentions.go:36.41,37.24 1 0
server/public/model/channel_mentions.go:37.24,38.12 1 0
server/public/model/channel_mentions.go:42.3,42.84 1 0
server/public/model/channel_mentions.go:42.84,44.31 2 0
server/public/model/channel_mentions.go:44.31,47.5 2 0
server/public/model/channel_mentions.go:51.3,51.81 1 0
server/public/model/channel_mentions.go:51.81,53.31 2 0
server/public/model/channel_mentions.go:53.31,56.5 2 0
server/public/model/channel_mentions.go:60.3,60.43 1 0
server/public/model/channel_mentions.go:60.43,61.20 1 0
server/public/model/channel_mentions.go:61.20,62.13 1 0
server/public/model/channel_mentions.go:66.4,67.35 2 0
server/public/model/channel_mentions.go:68.16,69.17 1 0
server/public/model/channel_mentions.go:70.12,72.13 1 0
server/public/model/channel_mentions.go:75.4,75.75 1 0
server/public/model/channel_mentions.go:75.75,77.32 2 0
server/public/model/channel_mentions.go:77.32,80.6 2 0
server/public/model/channel_mentions.go:85.2,85.14 1 0
server/public/model/channel_sidebar.go:61.61,63.2 1 0
server/public/model/channel_sidebar.go:85.39,87.18 1 0
server/public/model/channel_sidebar.go:87.18,89.3 1 0
server/public/model/channel_sidebar.go:92.2,92.41 1 0
server/public/model/channel_sidebar.go:95.60,97.2 1 0
server/public/model/channel_sidebar.go:99.63,101.2 1 0
server/public/model/channel_stats.go:14.47,16.2 1 0
server/public/model/channel_stats.go:18.46,20.2 1 0
server/public/model/channel_stats.go:22.51,24.2 1 0
server/public/model/client4.go:89.62,90.11 1 0
server/public/model/client4.go:90.11,92.3 1 0
server/public/model/client4.go:92.8,94.3 1 0
server/public/model/client4.go:98.49,99.33 1 0
server/public/model/client4.go:99.33,101.3 1 0
server/public/model/client4.go:101.8,101.42 1 0
server/public/model/client4.go:101.42,103.3 1 0
server/public/model/client4.go:105.2,105.11 1 0
server/public/model/client4.go:105.11,107.3 1 0
server/public/model/client4.go:108.2,108.16 1 0
server/public/model/client4.go:111.34,112.19 1 0
server/public/model/client4.go:112.19,115.3 2 0
server/public/model/client4.go:118.42,121.2 2 0
server/public/model/client4.go:123.55,125.54 1 0
server/public/model/client4.go:125.54,127.4 1 0
server/public/model/client4.go:130.2,133.15 3 0
server/public/model/client4.go:136.48,137.14 1 0
server/public/model/client4.go:137.14,139.3 1 0
server/public/model/client4.go:141.2,147.3 1 0
server/public/model/client4.go:152.76,154.44 2 0
server/public/model/client4.go:154.44,156.3 1 0
server/public/model/client4.go:157.2,157.64 1 0
server/public/model/client4.go:157.64,159.3 1 0
server/public/model/client4.go:160.2,160.38 1 0
server/public/model/client4.go:165.73,166.44 1 0
server/public/model/client4.go:166.44,168.3 1 0
server/public/model/client4.go:169.2,170.16 2 0
server/public/model/client4.go:170.16,172.3 1 0
server/public/model/client4.go:173.2,173.36 1 0
server/public/model/client4.go:176.42,179.2 2 0
server/public/model/client4.go:182.45,184.2 1 0
server/public/model/client4.go:186.47,189.2 2 0
server/public/model/client4.go:191.37,194.2 2 0
server/public/model/client4.go:196.44,198.2 1 0
server/public/model/client4.go:200.46,202.2 1 0
server/public/model/client4.go:204.56,206.2 1 0
server/public/model/client4.go:208.71,210.2 1 0
server/public/model/client4.go:212.80,214.2 1 0
server/public/model/client4.go:216.72,218.2 1 0
server/public/model/client4.go:220.55,222.2 1 0
server/public/model/client4.go:224.68,226.2 1 0
server/public/model/client4.go:228.68,230.2 1 0
server/public/model/client4.go:232.62,234.2 1 0
server/public/model/client4.go:236.43,238.2 1 0
server/public/model/client4.go:240.58,242.2 1 0
server/public/model/client4.go:244.44,246.2 1 0
server/public/model/client4.go:248.56,250.2 1 0
server/public/model/client4.go:252.76,254.2 1 0
server/public/model/client4.go:256.64,258.2 1 0
server/public/model/client4.go:260.70,262.2 1 0
server/public/model/client4.go:264.63,266.2 1 0
server/public/model/client4.go:268.61,270.2 1 0
server/public/model/client4.go:272.62,274.2 1 0
server/public/model/client4.go:276.47,278.2 1 0
server/public/model/client4.go:280.67,282.2 1 0
server/public/model/client4.go:284.62,286.2 1 0
server/public/model/client4.go:288.78,290.2 1 0
server/public/model/client4.go:292.82,294.2 1 0
server/public/model/client4.go:296.91,298.2 1 0
server/public/model/client4.go:300.69,302.2 1 0
server/public/model/client4.go:304.76,306.2 1 0
server/public/model/client4.go:308.44,310.2 1 0
server/public/model/client4.go:312.54,314.2 1 0
server/public/model/client4.go:316.53,318.2 1 0
server/public/model/client4.go:320.45,322.2 1 0
server/public/model/client4.go:324.46,326.2 1 0
server/public/model/client4.go:328.56,330.2 1 0
server/public/model/client4.go:332.44,334.2 1 0
server/public/model/client4.go:336.56,338.2 1 0
server/public/model/client4.go:340.46,342.2 1 0
server/public/model/client4.go:344.60,346.2 1 0
server/public/model/client4.go:348.46,350.2 1 0
server/public/model/client4.go:352.60,354.2 1 0
server/public/model/client4.go:356.45,358.2 1 0
server/public/model/client4.go:360.57,362.2 1 0
server/public/model/client4.go:364.44,366.2 1 0
server/public/model/client4.go:368.48,370.2 1 0
server/public/model/client4.go:372.55,374.2 1 0
server/public/model/client4.go:376.44,378.2 1 0
server/public/model/client4.go:380.50,382.2 1 0
server/public/model/client4.go:384.45,386.2 1 0
server/public/model/client4.go:388.52,390.2 1 0
server/public/model/client4.go:392.47,394.2 1 0
server/public/model/client4.go:396.44,398.2 1 0
server/public/model/client4.go:400.46,402.2 1 0
server/public/model/client4.go:404.55,406.2 1 0
server/public/model/client4.go:408.67,410.2 1 0
server/public/model/client4.go:412.56,414.2 1 0
server/public/model/client4.go:416.70,418.2 1 0
server/public/model/client4.go:420.78,422.2 1 0
server/public/model/client4.go:424.55,426.2 1 0
server/public/model/client4.go:428.67,430.2 1 0
server/public/model/client4.go:432.63,434.2 1 0
server/public/model/client4.go:436.62,438.2 1 0
server/public/model/client4.go:440.51,442.2 1 0
server/public/model/client4.go:444.43,446.2 1 0
server/public/model/client4.go:448.43,450.2 1 0
server/public/model/client4.go:452.44,454.2 1 0
server/public/model/client4.go:456.52,458.2 1 0
server/public/model/client4.go:460.73,462.2 1 0
server/public/model/client4.go:464.52,466.2 1 0
server/public/model/client4.go:468.47,470.2 1 0
server/public/model/client4.go:472.62,474.2 1 0
server/public/model/client4.go:476.66,478.2 1 0
server/public/model/client4.go:480.45,482.2 1 0
server/public/model/client4.go:484.45,486.2 1 0
server/public/model/client4.go:488.58,490.2 1 0
server/public/model/client4.go:492.61,494.2 1 0
server/public/model/client4.go:496.48,498.2 1 0
server/public/model/client4.go:500.44,502.2 1 0
server/public/model/client4.go:504.48,506.2 1 0
server/public/model/client4.go:508.59,510.2 1 0
server/public/model/client4.go:512.52,514.2 1 0
server/public/model/client4.go:516.63,518.2 1 0
server/public/model/client4.go:520.71,522.2 1 0
server/public/model/client4.go:524.43,526.2 1 0
server/public/model/client4.go:528.44,530.2 1 0
server/public/model/client4.go:532.46,534.2 1 0
server/public/model/client4.go:536.54,538.2 1 0
server/public/model/client4.go:540.48,542.2 1 0
server/public/model/client4.go:544.48,546.2 1 0
server/public/model/client4.go:548.68,550.2 1 0
server/public/model/client4.go:552.62,554.2 1 0
server/public/model/client4.go:556.54,558.2 1 0
server/public/model/client4.go:560.55,562.2 1 0
server/public/model/client4.go:564.49,566.2 1 0
server/public/model/client4.go:568.70,570.2 1 0
server/public/model/client4.go:572.53,574.2 1 0
server/public/model/client4.go:576.45,578.2 1 0
server/public/model/client4.go:580.69,582.2 1 0
server/public/model/client4.go:584.58,586.2 1 0
server/public/model/client4.go:588.99,591.2 2 0
server/public/model/client4.go:593.110,595.2 1 0
server/public/model/client4.go:597.46,599.2 1 0
server/public/model/client4.go:601.46,603.2 1 0
server/public/model/client4.go:605.56,607.2 1 0
server/public/model/client4.go:609.56,611.2 1 0
server/public/model/client4.go:613.52,615.2 1 0
server/public/model/client4.go:617.74,619.2 1 0
server/public/model/client4.go:621.78,623.2 1 0
server/public/model/client4.go:625.53,627.2 1 0
server/public/model/client4.go:629.48,631.2 1 0
server/public/model/client4.go:633.50,635.2 1 0
server/public/model/client4.go:637.45,639.2 1 0
server/public/model/client4.go:641.62,643.2 1 0
server/public/model/client4.go:645.64,647.2 1 0
server/public/model/client4.go:649.75,651.2 1 0
server/public/model/client4.go:653.45,655.2 1 0
server/public/model/client4.go:657.60,659.2 1 0
server/public/model/client4.go:661.67,663.2 1 0
server/public/model/client4.go:665.56,667.2 1 0
server/public/model/client4.go:669.79,671.2 1 0
server/public/model/client4.go:673.67,675.2 1 0
server/public/model/client4.go:677.80,679.2 1 0
server/public/model/client4.go:681.67,683.2 1 0
server/public/model/client4.go:685.81,687.2 1 0
server/public/model/client4.go:689.89,691.2 1 0
server/public/model/client4.go:693.91,695.2 1 0
server/public/model/client4.go:697.75,699.2 1 0
server/public/model/client4.go:701.60,703.2 1 0
server/public/model/client4.go:705.42,707.2 1 0
server/public/model/client4.go:709.73,711.2 1 0
server/public/model/client4.go:713.43,715.2 1 0
server/public/model/client4.go:717.46,719.2 1 0
server/public/model/client4.go:721.46,723.2 1 0
server/public/model/client4.go:725.51,727.2 1 0
server/public/model/client4.go:729.48,731.2 1 0
server/public/model/client4.go:734.98,736.2 1 0
server/public/model/client4.go:740.92,742.2 1 0
server/public/model/client4.go:746.100,748.16 2 0
server/public/model/client4.go:748.16,750.3 1 0
server/public/model/client4.go:751.2,751.73 1 0
server/public/model/client4.go:756.91,758.2 1 0
server/public/model/client4.go:762.99,764.16 2 0
server/public/model/client4.go:764.16,766.3 1 0
server/public/model/client4.go:767.2,767.72 1 0
server/public/model/client4.go:772.101,774.16 2 0
server/public/model/client4.go:774.16,776.3 1 0
server/public/model/client4.go:777.2,777.74 1 0
server/public/model/client4.go:782.88,784.2 1 0
server/public/model/client4.go:788.102,790.16 2 0
server/public/model/client4.go:790.16,792.3 1 0
server/public/model/client4.go:793.2,793.75 1 0
server/public/model/client4.go:798.141,800.2 1 0
server/public/model/client4.go:802.167,804.16 2 0
server/public/model/client4.go:804.16,806.3 1 0
server/public/model/client4.go:807.2,807.73 1 0
server/public/model/client4.go:810.109,812.2 1 0
server/public/model/client4.go:814.128,816.2 1 0
server/public/model/client4.go:818.105,820.16 2 0
server/public/model/client4.go:820.16,822.3 1 0
server/public/model/client4.go:823.2,823.41 1 0
server/public/model/client4.go:826.132,828.16 2 0
server/public/model/client4.go:828.16,830.3 1 0
server/public/model/client4.go:831.2,832.49 2 0
server/public/model/client4.go:835.133,837.16 2 0
server/public/model/client4.go:837.16,839.3 1 0
server/public/model/client4.go:840.2,841.50 2 0
server/public/model/client4.go:844.134,846.16 2 0
server/public/model/client4.go:846.16,848.3 1 0
server/public/model/client4.go:849.2,850.54 2 0
server/public/model/client4.go:853.122,855.16 2 0
server/public/model/client4.go:855.16,857.3 1 0
server/public/model/client4.go:858.2,859.46 2 0
server/public/model/client4.go:862.106,864.16 2 0
server/public/model/client4.go:864.16,866.3 1 0
server/public/model/client4.go:867.2,867.42 1 0
server/public/model/client4.go:870.107,872.16 2 0
server/public/model/client4.go:872.16,874.3 1 0
server/public/model/client4.go:875.2,875.46 1 0
server/public/model/client4.go:878.105,880.16 2 0
server/public/model/client4.go:880.16,882.3 1 0
server/public/model/client4.go:883.2,883.41 1 0
server/public/model/client4.go:886.106,888.16 2 0
server/public/model/client4.go:888.16,890.3 1 0
server/public/model/client4.go:891.2,891.45 1 0
server/public/model/client4.go:894.108,896.16 2 0
server/public/model/client4.go:896.16,898.3 1 0
server/public/model/client4.go:899.2,899.47 1 0
server/public/model/client4.go:902.95,904.16 2 0
server/public/model/client4.go:904.16,906.3 1 0
server/public/model/client4.go:907.2,907.38 1 0
server/public/model/client4.go:910.109,912.16 2 0
server/public/model/client4.go:912.16,914.3 1 0
server/public/model/client4.go:915.2,915.48 1 0
server/public/model/client4.go:921.159,923.16 2 0
server/public/model/client4.go:923.16,925.3 1 0
server/public/model/client4.go:927.2,927.28 1 0
server/public/model/client4.go:927.28,929.3 1 0
server/public/model/client4.go:931.2,931.23 1 0
server/public/model/client4.go:931.23,933.3 1 0
server/public/model/client4.go:935.2,935.23 1 0
server/public/model/client4.go:935.23,937.3 1 0
server/public/model/client4.go:939.2,939.27 1 0
server/public/model/client4.go:939.27,940.34 1 0
server/public/model/client4.go:940.34,942.4 1 0
server/public/model/client4.go:945.2,946.16 2 0
server/public/model/client4.go:946.16,948.3 1 0
server/public/model/client4.go:950.2,950.26 1 0
server/public/model/client4.go:950.26,952.3 1 0
server/public/model/client4.go:954.2,954.26 1 0
server/public/model/client4.go:954.26,957.3 2 0
server/public/model/client4.go:959.2,959.16 1 0
server/public/model/client4.go:962.138,964.16 2 0
server/public/model/client4.go:964.16,966.3 1 0
server/public/model/client4.go:967.2,968.55 2 0
server/public/model/client4.go:971.145,973.16 2 0
server/public/model/client4.go:973.16,975.3 1 0
server/public/model/client4.go:976.2,977.55 2 0
server/public/model/client4.go:980.172,982.16 2 0
server/public/model/client4.go:982.16,984.3 1 0
server/public/model/client4.go:985.2,986.66 2 0
server/public/model/client4.go:989.185,991.16 2 0
server/public/model/client4.go:991.16,993.3 1 0
server/public/model/client4.go:994.2,994.89 1 0
server/public/model/client4.go:1000.104,1005.2 4 0
server/public/model/client4.go:1009.105,1014.2 4 0
server/public/model/client4.go:1017.111,1023.2 5 0
server/public/model/client4.go:1028.132,1034.2 5 0
server/public/model/client4.go:1037.115,1043.2 5 0
server/public/model/client4.go:1045.93,1047.16 2 0
server/public/model/client4.go:1047.16,1049.3 1 0
server/public/model/client4.go:1050.2,1054.41 4 0
server/public/model/client4.go:1057.112,1062.16 5 0
server/public/model/client4.go:1062.16,1064.3 1 0
server/public/model/client4.go:1065.2,1069.41 4 0
server/public/model/client4.go:1072.105,1076.16 4 0
server/public/model/client4.go:1076.16,1078.3 1 0
server/public/model/client4.go:1079.2,1080.54 2 0
server/public/model/client4.go:1084.66,1086.16 2 0
server/public/model/client4.go:1086.16,1088.3 1 0
server/public/model/client4.go:1089.2,1092.30 4 0
server/public/model/client4.go:1096.115,1098.16 2 0
server/public/model/client4.go:1098.16,1100.3 1 0
server/public/model/client4.go:1101.2,1103.16 3 0
server/public/model/client4.go:1103.16,1105.3 1 0
server/public/model/client4.go:1106.2,1106.41 1 0
server/public/model/client4.go:1112.89,1114.16 2 0
server/public/model/client4.go:1114.16,1116.3 1 0
server/public/model/client4.go:1117.2,1118.41 2 0
server/public/model/client4.go:1122.114,1123.19 1 0
server/public/model/client4.go:1123.19,1125.3 1 0
server/public/model/client4.go:1127.2,1130.16 4 0
server/public/model/client4.go:1130.16,1132.3 1 0
server/public/model/client4.go:1133.2,1134.41 2 0
server/public/model/client4.go:1138.118,1139.20 1 0
server/public/model/client4.go:1139.20,1141.3 1 0
server/public/model/client4.go:1143.2,1146.16 4 0
server/public/model/client4.go:1146.16,1148.3 1 0
server/public/model/client4.go:1149.2,1150.41 2 0
server/public/model/client4.go:1154.85,1156.16 2 0
server/public/model/client4.go:1156.16,1158.3 1 0
server/public/model/client4.go:1159.2,1160.41 2 0
server/public/model/client4.go:1164.95,1166.16 2 0
server/public/model/client4.go:1166.16,1168.3 1 0
server/public/model/client4.go:1169.2,1170.41 2 0
server/public/model/client4.go:1174.107,1176.16 2 0
server/public/model/client4.go:1176.16,1178.3 1 0
server/public/model/client4.go:1179.2,1180.41 2 0
server/public/model/client4.go:1184.101,1186.16 2 0
server/public/model/client4.go:1186.16,1188.3 1 0
server/public/model/client4.go:1189.2,1190.41 2 0
server/public/model/client4.go:1194.107,1198.16 4 0
server/public/model/client4.go:1198.16,1200.3 1 0
server/public/model/client4.go:1201.2,1202.41 2 0
server/public/model/client4.go:1206.158,1212.16 6 0
server/public/model/client4.go:1212.16,1214.3 1 0
server/public/model/client4.go:1215.2,1216.53 2 0
server/public/model/client4.go:1220.179,1227.16 7 0
server/public/model/client4.go:1227.16,1229.3 1 0
server/public/model/client4.go:1230.2,1231.53 2 0
server/public/model/client4.go:1235.137,1240.16 5 0
server/public/model/client4.go:1240.16,1242.3 1 0
server/public/model/client4.go:1243.2,1244.53 2 0
server/public/model/client4.go:1248.105,1250.16 2 0
server/public/model/client4.go:1250.16,1252.3 1 0
server/public/model/client4.go:1253.2,1254.33 2 0
server/public/model/client4.go:1258.104,1260.16 2 0
server/public/model/client4.go:1260.16,1262.3 1 0
server/public/model/client4.go:1263.2,1264.33 2 0
server/public/model/client4.go:1268.113,1273.16 5 0
server/public/model/client4.go:1273.16,1275.3 1 0
server/public/model/client4.go:1276.2,1277.43 2 0
server/public/model/client4.go:1281.155,1283.16 2 0
server/public/model/client4.go:1283.16,1285.3 1 0
server/public/model/client4.go:1286.2,1289.16 4 0
server/public/model/client4.go:1289.16,1291.3 1 0
server/public/model/client4.go:1292.2,1293.43 2 0
server/public/model/client4.go:1297.134,1303.16 6 0
server/public/model/client4.go:1303.16,1305.3 1 0
server/public/model/client4.go:1306.2,1307.43 2 0
server/public/model/client4.go:1311.137,1318.16 7 0
server/public/model/client4.go:1318.16,1320.3 1 0
server/public/model/client4.go:1321.2,1322.43 2 0
server/public/model/client4.go:1326.148,1333.16 7 0
server/public/model/client4.go:1333.16,1335.3 1 0
server/public/model/client4.go:1336.2,1337.43 2 0
server/public/model/client4.go:1341.140,1348.16 7 0
server/public/model/client4.go:1348.16,1350.3 1 0
server/public/model/client4.go:1351.2,1352.43 2 0
server/public/model/client4.go:1356.137,1362.16 6 0
server/public/model/client4.go:1362.16,1364.3 1 0
server/public/model/client4.go:1365.2,1366.43 2 0
server/public/model/client4.go:1370.140,1376.16 6 0
server/public/model/client4.go:1376.16,1378.3 1 0
server/public/model/client4.go:1379.2,1380.43 2 0
server/public/model/client4.go:1384.148,1391.16 7 0
server/public/model/client4.go:1391.16,1393.3 1 0
server/public/model/client4.go:1394.2,1395.43 2 0
server/public/model/client4.go:1399.151,1408.2 2 0
server/public/model/client4.go:1411.156,1413.20 2 0
server/public/model/client4.go:1413.20,1419.3 5 0
server/public/model/client4.go:1420.2,1421.16 2 0
server/public/model/client4.go:1421.16,1423.3 1 0
server/public/model/client4.go:1424.2,1425.43 2 0
server/public/model/client4.go:1429.124,1435.16 6 0
server/public/model/client4.go:1435.16,1437.3 1 0
server/public/model/client4.go:1438.2,1439.43 2 0
server/public/model/client4.go:1443.136,1449.16 6 0
server/public/model/client4.go:1449.16,1451.3 1 0
server/public/model/client4.go:1452.2,1453.43 2 0
server/public/model/client4.go:1457.149,1464.16 7 0
server/public/model/client4.go:1464.16,1466.3 1 0
server/public/model/client4.go:1467.2,1468.43 2 0
server/public/model/client4.go:1472.100,1474.16 2 0
server/public/model/client4.go:1474.16,1476.3 1 0
server/public/model/client4.go:1477.2,1478.43 2 0
server/public/model/client4.go:1482.141,1484.24 2 0
server/public/model/client4.go:1484.24,1486.3 1 0
server/public/model/client4.go:1487.2,1488.16 2 0
server/public/model/client4.go:1488.16,1490.3 1 0
server/public/model/client4.go:1491.2,1492.43 2 0
server/public/model/client4.go:1496.108,1498.16 2 0
server/public/model/client4.go:1498.16,1500.3 1 0
server/public/model/client4.go:1501.2,1502.43 2 0
server/public/model/client4.go:1507.131,1509.16 2 0
server/public/model/client4.go:1509.16,1511.3 1 0
server/public/model/client4.go:1512.2,1513.54 2 0
server/public/model/client4.go:1517.100,1519.16 2 0
server/public/model/client4.go:1519.16,1521.3 1 0
server/public/model/client4.go:1522.2,1523.43 2 0
server/public/model/client4.go:1527.89,1529.16 2 0
server/public/model/client4.go:1529.16,1531.3 1 0
server/public/model/client4.go:1532.2,1533.41 2 0
server/public/model/client4.go:1537.109,1539.16 2 0
server/public/model/client4.go:1539.16,1541.3 1 0
server/public/model/client4.go:1542.2,1543.41 2 0
server/public/model/client4.go:1547.120,1549.16 2 0
server/public/model/client4.go:1549.16,1551.3 1 0
server/public/model/client4.go:1552.2,1553.45 2 0
server/public/model/client4.go:1559.109,1565.16 5 0
server/public/model/client4.go:1565.16,1567.3 1 0
server/public/model/client4.go:1568.2,1569.30 2 0
server/public/model/client4.go:1574.104,1576.16 2 0
server/public/model/client4.go:1576.16,1578.3 1 0
server/public/model/client4.go:1579.2,1580.46 2 0
server/public/model/client4.go:1584.123,1587.16 3 0
server/public/model/client4.go:1587.16,1589.3 1 0
server/public/model/client4.go:1590.2,1591.30 2 0
server/public/model/client4.go:1595.118,1598.16 3 0
server/public/model/client4.go:1598.16,1600.3 1 0
server/public/model/client4.go:1601.2,1602.30 2 0
server/public/model/client4.go:1606.94,1608.16 2 0
server/public/model/client4.go:1608.16,1610.3 1 0
server/public/model/client4.go:1611.2,1612.30 2 0
server/public/model/client4.go:1616.93,1618.16 2 0
server/public/model/client4.go:1618.16,1620.3 1 0
server/public/model/client4.go:1621.2,1622.30 2 0
server/public/model/client4.go:1626.97,1629.16 3 0
server/public/model/client4.go:1629.16,1631.3 1 0
server/public/model/client4.go:1632.2,1633.30 2 0
server/public/model/client4.go:1637.104,1641.16 4 0
server/public/model/client4.go:1641.16,1643.3 1 0
server/public/model/client4.go:1644.2,1646.30 2 0
server/public/model/client4.go:1650.94,1652.16 2 0
server/public/model/client4.go:1652.16,1654.3 1 0
server/public/model/client4.go:1655.2,1656.30 2 0
server/public/model/client4.go:1660.85,1662.16 2 0
server/public/model/client4.go:1662.16,1664.3 1 0
server/public/model/client4.go:1665.2,1666.30 2 0
server/public/model/client4.go:1670.94,1674.16 4 0
server/public/model/client4.go:1674.16,1676.3 1 0
server/public/model/client4.go:1677.2,1678.30 2 0
server/public/model/client4.go:1682.97,1684.16 2 0
server/public/model/client4.go:1684.16,1686.3 1 0
server/public/model/client4.go:1687.2,1688.40 2 0
server/public/model/client4.go:1692.141,1694.20 2 0
server/public/model/client4.go:1694.20,1696.3 1 0
server/public/model/client4.go:1697.2,1698.16 2 0
server/public/model/client4.go:1698.16,1700.3 1 0
server/public/model/client4.go:1701.2,1702.41 2 0
server/public/model/client4.go:1706.83,1708.16 2 0
server/public/model/client4.go:1708.16,1710.3 1 0
server/public/model/client4.go:1711.2,1712.30 2 0
server/public/model/client4.go:1717.96,1720.16 3 0
server/public/model/client4.go:1720.16,1722.3 1 0
server/public/model/client4.go:1723.2,1724.30 2 0
server/public/model/client4.go:1728.100,1731.16 3 0
server/public/model/client4.go:1731.16,1733.3 1 0
server/public/model/client4.go:1734.2,1735.30 2 0
server/public/model/client4.go:1739.104,1741.16 2 0
server/public/model/client4.go:1741.16,1743.3 1 0
server/public/model/client4.go:1744.2,1745.46 2 0
server/public/model/client4.go:1749.99,1752.16 3 0
server/public/model/client4.go:1752.16,1754.3 1 0
server/public/model/client4.go:1755.2,1756.30 2 0
server/public/model/client4.go:1760.92,1762.16 2 0
server/public/model/client4.go:1762.16,1764.3 1 0
server/public/model/client4.go:1765.2,1766.30 2 0
server/public/model/client4.go:1770.86,1772.16 2 0
server/public/model/client4.go:1772.16,1774.3 1 0
server/public/model/client4.go:1775.2,1776.30 2 0
server/public/model/client4.go:1780.122,1782.16 2 0
server/public/model/client4.go:1782.16,1784.3 1 0
server/public/model/client4.go:1785.2,1787.16 3 0
server/public/model/client4.go:1787.16,1789.3 1 0
server/public/model/client4.go:1790.2,1790.40 1 0
server/public/model/client4.go:1794.105,1796.16 2 0
server/public/model/client4.go:1796.16,1798.3 1 0
server/public/model/client4.go:1799.2,1800.30 2 0
server/public/model/client4.go:1807.158,1809.27 2 0
server/public/model/client4.go:1809.27,1811.3 1 0
server/public/model/client4.go:1812.2,1814.16 3 0
server/public/model/client4.go:1814.16,1816.3 1 0
server/public/model/client4.go:1817.2,1818.49 2 0
server/public/model/client4.go:1822.132,1827.16 5 0
server/public/model/client4.go:1827.16,1829.3 1 0
server/public/model/client4.go:1830.2,1831.42 2 0
server/public/model/client4.go:1835.89,1838.16 3 0
server/public/model/client4.go:1838.16,1840.3 1 0
server/public/model/client4.go:1841.2,1842.30 2 0
server/public/model/client4.go:1846.109,1848.16 2 0
server/public/model/client4.go:1848.16,1850.3 1 0
server/public/model/client4.go:1851.2,1852.41 2 0
server/public/model/client4.go:1858.95,1861.16 3 0
server/public/model/client4.go:1861.16,1863.3 1 0
server/public/model/client4.go:1864.2,1865.30 2 0
server/public/model/client4.go:1869.97,1871.16 2 0
server/public/model/client4.go:1871.16,1873.3 1 0
server/public/model/client4.go:1874.2,1874.30 1 0
server/public/model/client4.go:1878.103,1883.16 4 0
server/public/model/client4.go:1883.16,1885.3 1 0
server/public/model/client4.go:1887.2,1887.63 1 0
server/public/model/client4.go:1887.63,1889.3 1 0
server/public/model/client4.go:1891.2,1891.38 1 0
server/public/model/client4.go:1891.38,1893.3 1 0
server/public/model/client4.go:1895.2,1896.16 2 0
server/public/model/client4.go:1896.16,1898.3 1 0
server/public/model/client4.go:1899.2,1901.30 2 0
server/public/model/client4.go:1912.144,1915.16 3 0
server/public/model/client4.go:1915.16,1917.3 1 0
server/public/model/client4.go:1918.2,1919.52 2 0
server/public/model/client4.go:1925.122,1930.16 5 0
server/public/model/client4.go:1930.16,1932.3 1 0
server/public/model/client4.go:1933.2,1934.54 2 0
server/public/model/client4.go:1941.112,1943.16 2 0
server/public/model/client4.go:1943.16,1945.3 1 0
server/public/model/client4.go:1946.2,1947.52 2 0
server/public/model/client4.go:1954.140,1959.16 5 0
server/public/model/client4.go:1959.16,1961.3 1 0
server/public/model/client4.go:1962.2,1963.54 2 0
server/public/model/client4.go:1969.97,1972.16 3 0
server/public/model/client4.go:1972.16,1974.3 1 0
server/public/model/client4.go:1975.2,1976.30 2 0
server/public/model/client4.go:1980.133,1982.16 2 0
server/public/model/client4.go:1982.16,1984.3 1 0
server/public/model/client4.go:1985.2,1986.54 2 0
server/public/model/client4.go:1992.98,1995.16 3 0
server/public/model/client4.go:1995.16,1997.3 1 0
server/public/model/client4.go:1998.2,1999.30 2 0
server/public/model/client4.go:2005.97,2008.16 3 0
server/public/model/client4.go:2008.16,2010.3 1 0
server/public/model/client4.go:2011.2,2012.30 2 0
server/public/model/client4.go:2015.123,2017.29 2 0
server/public/model/client4.go:2017.29,2019.3 1 0
server/public/model/client4.go:2020.2,2020.30 1 0
server/public/model/client4.go:2020.30,2022.3 1 0
server/public/model/client4.go:2023.2,2023.26 1 0
server/public/model/client4.go:2023.26,2025.3 1 0
server/public/model/client4.go:2026.2,2026.24 1 0
server/public/model/client4.go:2026.24,2028.3 1 0
server/public/model/client4.go:2029.2,2029.24 1 0
server/public/model/client4.go:2029.24,2031.3 1 0
server/public/model/client4.go:2032.2,2032.26 1 0
server/public/model/client4.go:2032.26,2034.3 1 0
server/public/model/client4.go:2035.2,2035.22 1 0
server/public/model/client4.go:2035.22,2037.3 1 0
server/public/model/client4.go:2038.2,2038.35 1 0
server/public/model/client4.go:2038.35,2040.3 1 0
server/public/model/client4.go:2041.2,2041.26 1 0
server/public/model/client4.go:2041.26,2043.3 1 0
server/public/model/client4.go:2044.2,2044.24 1 0
server/public/model/client4.go:2044.24,2046.3 1 0
server/public/model/client4.go:2047.2,2047.23 1 0
server/public/model/client4.go:2047.23,2049.3 1 0
server/public/model/client4.go:2050.2,2050.29 1 0
server/public/model/client4.go:2050.29,2052.3 1 0
server/public/model/client4.go:2053.2,2053.31 1 0
server/public/model/client4.go:2053.31,2055.3 1 0
server/public/model/client4.go:2056.2,2056.30 1 0
server/public/model/client4.go:2056.30,2058.3 1 0
server/public/model/client4.go:2060.2,2061.16 2 0
server/public/model/client4.go:2061.16,2063.3 1 0
server/public/model/client4.go:2064.2,2065.49 2 0
server/public/model/client4.go:2071.85,2073.16 2 0
server/public/model/client4.go:2073.16,2075.3 1 0
server/public/model/client4.go:2076.2,2077.40 2 0
server/public/model/client4.go:2081.106,2083.16 2 0
server/public/model/client4.go:2083.16,2085.3 1 0
server/public/model/client4.go:2086.2,2087.40 2 0
server/public/model/client4.go:2091.100,2093.16 2 0
server/public/model/client4.go:2093.16,2095.3 1 0
server/public/model/client4.go:2096.2,2097.40 2 0
server/public/model/client4.go:2101.114,2105.16 4 0
server/public/model/client4.go:2105.16,2107.3 1 0
server/public/model/client4.go:2108.2,2109.40 2 0
server/public/model/client4.go:2113.107,2118.16 5 0
server/public/model/client4.go:2118.16,2120.3 1 0
server/public/model/client4.go:2121.2,2122.43 2 0
server/public/model/client4.go:2126.121,2132.16 6 0
server/public/model/client4.go:2132.16,2134.3 1 0
server/public/model/client4.go:2135.2,2136.43 2 0
server/public/model/client4.go:2140.115,2146.16 6 0
server/public/model/client4.go:2146.16,2148.3 1 0
server/public/model/client4.go:2149.2,2150.43 2 0
server/public/model/client4.go:2154.94,2156.16 2 0
server/public/model/client4.go:2156.16,2158.3 1 0
server/public/model/client4.go:2159.2,2160.40 2 0
server/public/model/client4.go:2164.93,2166.16 2 0
server/public/model/client4.go:2166.16,2168.3 1 0
server/public/model/client4.go:2169.2,2170.40 2 0
server/public/model/client4.go:2174.105,2176.16 2 0
server/public/model/client4.go:2176.16,2178.3 1 0
server/public/model/client4.go:2179.2,2180.40 2 0
server/public/model/client4.go:2186.89,2188.16 2 0
server/public/model/client4.go:2188.16,2190.3 1 0
server/public/model/client4.go:2191.2,2192.41 2 0
server/public/model/client4.go:2196.95,2198.16 2 0
server/public/model/client4.go:2198.16,2200.3 1 0
server/public/model/client4.go:2201.2,2202.41 2 0
server/public/model/client4.go:2206.127,2212.16 5 0
server/public/model/client4.go:2212.16,2214.3 1 0
server/public/model/client4.go:2215.2,2216.41 2 0
server/public/model/client4.go:2220.116,2225.16 5 0
server/public/model/client4.go:2225.16,2227.3 1 0
server/public/model/client4.go:2228.2,2229.43 2 0
server/public/model/client4.go:2233.137,2239.16 6 0
server/public/model/client4.go:2239.16,2241.3 1 0
server/public/model/client4.go:2242.2,2244.16 3 0
server/public/model/client4.go:2244.16,2246.3 1 0
server/public/model/client4.go:2247.2,2247.65 1 0
server/public/model/client4.go:2252.140,2258.16 6 0
server/public/model/client4.go:2258.16,2260.3 1 0
server/public/model/client4.go:2261.2,2262.43 2 0
server/public/model/client4.go:2266.99,2268.16 2 0
server/public/model/client4.go:2268.16,2270.3 1 0
server/public/model/client4.go:2271.2,2272.41 2 0
server/public/model/client4.go:2276.100,2278.16 2 0
server/public/model/client4.go:2278.16,2280.3 1 0
server/public/model/client4.go:2281.2,2282.43 2 0
server/public/model/client4.go:2286.112,2287.24 1 0
[...]
server/public/model/utils.go:679.2,679.35 1 0
server/public/model/utils.go:679.35,681.3 1 0
server/public/model/utils.go:682.2,682.13 1 0
server/public/model/utils.go:705.46,707.2 1 0
server/public/model/utils.go:717.37,719.2 1 0
server/public/model/utils.go:721.70,722.16 1 0
server/public/model/utils.go:722.16,724.3 1 0
server/public/model/utils.go:725.2,725.59 1 0
server/public/model/utils.go:728.57,730.2 1 0
server/public/model/utils.go:732.32,736.29 3 0
server/public/model/utils.go:736.29,738.3 1 0
server/public/model/utils.go:740.2,740.22 1 0
server/public/model/utils.go:750.50,755.29 4 0
server/public/model/utils.go:755.29,763.37 4 0
server/public/model/utils.go:763.37,765.4 1 0
server/public/model/utils.go:765.9,767.4 1 0
server/public/model/utils.go:769.2,771.31 2 0
server/public/model/utils.go:771.31,774.21 3 0
server/public/model/utils.go:774.21,776.4 1 0
server/public/model/utils.go:776.9,778.4 1 0
server/public/model/utils.go:781.2,781.82 1 0
server/public/model/utils.go:784.43,788.2 3 0
server/public/model/utils.go:790.41,791.85 1 0
server/public/model/utils.go:791.85,793.3 1 0
server/public/model/utils.go:795.2,795.89 1 0
server/public/model/utils.go:795.89,797.3 1 0
server/public/model/utils.go:799.2,799.13 1 0
server/public/model/utils.go:802.35,803.22 1 0
server/public/model/utils.go:803.22,805.3 1 0
server/public/model/utils.go:807.2,807.26 1 0
server/public/model/utils.go:807.26,808.51 1 0
server/public/model/utils.go:808.51,810.4 1 0
server/public/model/utils.go:813.2,813.13 1 0
server/public/model/utils.go:818.51,821.18 1 0
server/public/model/utils.go:821.18,823.3 1 0
server/public/model/utils.go:824.2,826.31 3 0
server/public/model/utils.go:826.31,827.21 1 0
server/public/model/utils.go:827.21,828.12 1 0
server/public/model/utils.go:830.3,831.16 2 0
server/public/model/utils.go:833.2,833.17 1 0
server/public/model/utils.go:838.58,841.26 3 0
server/public/model/utils.go:841.26,842.40 1 0
server/public/model/utils.go:842.40,845.4 2 0
server/public/model/utils.go:847.2,847.13 1 0
server/public/model/utils.go:850.54,851.48 1 0
server/public/model/utils.go:851.48,853.3 1 0
server/public/model/utils.go:855.2,855.35 1 0
server/public/model/utils.go:859.39,861.2 1 0
server/public/model/utils.go:865.35,867.11 2 0
server/public/model/utils.go:868.26,869.14 1 0
server/public/model/utils.go:870.26,871.14 1 0
server/public/model/utils.go:872.26,873.14 1 0
server/public/model/utils.go:874.56,875.14 1 0
server/public/model/utils.go:876.26,877.14 1 0
server/public/model/utils.go:878.26,879.14 1 0
server/public/model/utils.go:880.26,881.14 1 0
server/public/model/utils.go:882.36,883.14 1 0
server/public/model/utils.go:884.16,885.14 1 0
server/public/model/utils.go:886.16,887.14 1 0
server/public/model/utils.go:891.2,891.40 1 0
server/public/model/utils.go:891.40,893.3 1 0
server/public/model/utils.go:896.2,896.40 1 0
server/public/model/utils.go:896.40,898.3 1 0
server/public/model/utils.go:900.2,900.10 1 0
server/public/model/utils.go:903.21,905.2 1 0
server/public/model/utils.go:907.48,909.19 2 1
server/public/model/utils.go:909.19,911.3 1 1
server/public/model/utils.go:913.2,913.22 1 1
server/public/model/utils.go:913.22,914.26 1 0
server/public/model/utils.go:917.2,917.10 1 1
server/public/model/utils.go:922.56,924.27 2 0
server/public/model/utils.go:924.27,926.3 1 0
server/public/model/utils.go:928.2,928.17 1 0
server/public/model/utils.go:933.56,934.23 1 0
server/public/model/utils.go:934.23,936.3 1 0
server/public/model/utils.go:937.2,937.17 1 0
server/public/model/utils_serial_gen.go:13.62,16.16 3 0
server/public/model/utils_serial_gen.go:16.16,19.3 2 0
server/public/model/utils_serial_gen.go:20.2,20.30 1 0
server/public/model/utils_serial_gen.go:20.30,22.3 1 0
server/public/model/utils_serial_gen.go:22.8,24.3 1 0
server/public/model/utils_serial_gen.go:25.2,25.25 1 0
server/public/model/utils_serial_gen.go:25.25,27.17 2 0
server/public/model/utils_serial_gen.go:27.17,30.4 2 0
server/public/model/utils_serial_gen.go:32.2,32.8 1 0
server/public/model/utils_serial_gen.go:36.61,38.16 2 0
server/public/model/utils_serial_gen.go:38.16,41.3 2 0
server/public/model/utils_serial_gen.go:42.2,42.24 1 0
server/public/model/utils_serial_gen.go:42.24,44.17 2 0
server/public/model/utils_serial_gen.go:44.17,47.4 2 0
server/public/model/utils_serial_gen.go:49.2,49.8 1 0
server/public/model/utils_serial_gen.go:53.65,56.24 3 0
server/public/model/utils_serial_gen.go:56.24,58.3 1 0
server/public/model/utils_serial_gen.go:59.2,59.8 1 0
server/public/model/utils_serial_gen.go:63.70,66.16 3 0
server/public/model/utils_serial_gen.go:66.16,69.3 2 0
server/public/model/utils_serial_gen.go:70.2,70.30 1 0
server/public/model/utils_serial_gen.go:70.30,72.3 1 0
server/public/model/utils_serial_gen.go:72.8,74.3 1 0
server/public/model/utils_serial_gen.go:75.2,75.25 1 0
server/public/model/utils_serial_gen.go:75.25,77.17 2 0
server/public/model/utils_serial_gen.go:77.17,80.4 2 0
server/public/model/utils_serial_gen.go:82.2,83.8 2 0
server/public/model/utils_serial_gen.go:87.40,89.24 2 0
server/public/model/utils_serial_gen.go:89.24,91.3 1 0
server/public/model/utils_serial_gen.go:92.2,92.8 1 0
server/public/model/version.go:160.13,164.35 3 1
server/public/model/version.go:164.35,168.25 3 1
server/public/model/version.go:168.25,171.4 2 1
server/public/model/version.go:175.57,182.20 5 1
server/public/model/version.go:182.20,184.3 1 1
server/public/model/version.go:186.2,186.20 1 1
server/public/model/version.go:186.20,188.3 1 1
server/public/model/version.go:190.2,190.20 1 1
server/public/model/version.go:190.20,192.3 1 1
server/public/model/version.go:194.2,194.28 1 1
server/public/model/version.go:197.48,201.48 3 0
server/public/model/version.go:201.48,202.60 1 0
server/public/model/version.go:202.60,204.4 1 0
server/public/model/version.go:207.2,207.11 1 0
server/public/model/version.go:210.51,214.66 3 0
server/public/model/version.go:214.66,216.3 1 0
server/public/model/version.go:217.2,217.14 1 0
server/public/model/version.go:220.62,225.53 3 0
server/public/model/version.go:225.53,227.3 1 0
server/public/model/version.go:230.2,230.53 1 0
server/public/model/version.go:230.53,232.3 1 0
server/public/model/version.go:235.2,235.53 1 0
server/public/model/version.go:235.53,237.3 1 0
server/public/model/version.go:240.2,240.53 1 0
server/public/model/version.go:240.53,242.3 1 0
server/public/model/version.go:244.2,244.14 1 0
server/public/model/view.go:56.59,58.16 2 0
server/public/model/view.go:58.16,60.3 1 0
server/public/model/view.go:61.2,62.48 2 0
server/public/model/view.go:62.48,64.3 1 0
server/public/model/view.go:65.2,65.15 1 0
server/public/model/view.go:69.72,71.16 2 0
server/public/model/view.go:71.16,73.3 1 0
server/public/model/view.go:74.2,75.49 2 0
server/public/model/view.go:75.49,77.3 1 0
server/public/model/view.go:78.2,78.17 1 0
server/public/model/view.go:118.43,128.2 1 0
server/public/model/view.go:130.30,131.14 1 0
server/public/model/view.go:131.14,133.3 1 0
server/public/model/view.go:134.2,135.20 2 0
server/public/model/view.go:135.20,138.3 2 0
server/public/model/view.go:139.2,139.11 1 0
server/public/model/view.go:142.36,143.22 1 0
server/public/model/view.go:143.22,145.3 1 0
server/public/model/view.go:147.2,147.29 1 0
server/public/model/view.go:147.29,149.3 1 0
server/public/model/view.go:151.2,151.29 1 0
server/public/model/view.go:151.29,153.3 1 0
server/public/model/view.go:155.2,155.30 1 0
server/public/model/view.go:155.30,157.3 1 0
server/public/model/view.go:159.2,159.93 1 0
server/public/model/view.go:159.93,161.3 1 0
server/public/model/view.go:163.2,163.69 1 0
server/public/model/view.go:163.69,165.3 1 0
server/public/model/view.go:167.2,167.21 1 0
server/public/model/view.go:167.21,169.3 1 0
server/public/model/view.go:171.2,171.21 1 0
server/public/model/view.go:171.21,173.3 1 0
server/public/model/view.go:175.2,175.59 1 0
server/public/model/view.go:175.59,177.3 1 0
server/public/model/view.go:179.2,179.12 1 0
server/public/model/view.go:183.76,184.32 1 0
server/public/model/view.go:184.32,186.3 1 0
server/public/model/view.go:187.2,187.12 1 0
server/public/model/view.go:190.59,191.18 1 0
server/public/model/view.go:191.18,193.3 1 0
server/public/model/view.go:195.2,196.16 2 0
server/public/model/view.go:196.16,198.3 1 0
server/public/model/view.go:200.2,200.40 1 0
server/public/model/view.go:200.40,202.3 1 0
server/public/model/view.go:204.2,204.38 1 0
server/public/model/view.go:204.38,206.3 1 0
server/public/model/view.go:208.2,208.52 1 0
server/public/model/view.go:208.52,210.3 1 0
server/public/model/view.go:212.2,212.45 1 0
server/public/model/view.go:212.45,213.25 1 0
server/public/model/view.go:213.25,215.4 1 0
server/public/model/view.go:216.3,216.40 1 0
server/public/model/view.go:216.40,218.4 1 0
server/public/model/view.go:219.3,219.30 1 0
server/public/model/view.go:219.30,221.4 1 0
server/public/model/view.go:224.2,224.12 1 0
server/public/model/view.go:227.26,228.16 1 0
server/public/model/view.go:228.16,230.3 1 0
server/public/model/view.go:232.2,232.21 1 0
server/public/model/view.go:232.21,234.3 1 0
server/public/model/view.go:235.2,236.16 2 0
server/public/model/view.go:239.28,241.2 1 0
server/public/model/view.go:243.40,244.18 1 0
server/public/model/view.go:244.18,246.3 1 0
server/public/model/view.go:247.2,247.24 1 0
server/public/model/view.go:247.24,249.3 1 0
server/public/model/view.go:250.2,250.30 1 0
server/public/model/view.go:250.30,252.3 1 0
server/public/model/view.go:253.2,253.28 1 0
server/public/model/view.go:253.28,255.3 1 0
server/public/model/view.go:256.2,256.24 1 0
server/public/model/view.go:256.24,259.3 2 0
server/public/model/websocket_client.go:67.74,69.2 1 0
server/public/model/websocket_client.go:71.158,74.20 3 0
server/public/model/websocket_client.go:74.20,78.3 1 0
server/public/model/websocket_client.go:80.2,80.63 1 0
server/public/model/websocket_client.go:85.110,87.2 1 0
server/public/model/websocket_client.go:89.124,91.16 2 0
server/public/model/websocket_client.go:91.16,93.3 1 0
server/public/model/websocket_client.go:95.2,116.20 5 0
server/public/model/websocket_client.go:121.75,123.2 1 0
server/public/model/websocket_client.go:127.111,129.2 1 0
server/public/model/websocket_client.go:133.49,135.2 1 0
server/public/model/websocket_client.go:139.83,142.16 3 0
server/public/model/websocket_client.go:142.16,144.3 1 0
server/public/model/websocket_client.go:147.2,149.51 2 0
server/public/model/websocket_client.go:149.51,155.3 5 0
server/public/model/websocket_client.go:157.2,162.12 4 0
server/public/model/websocket_client.go:167.37,169.52 1 0
server/public/model/websocket_client.go:169.52,171.3 1 0
server/public/model/websocket_client.go:172.2,176.18 3 0
server/public/model/websocket_client.go:180.38,181.6 1 0
server/public/model/websocket_client.go:181.6,182.10 1 0
server/public/model/websocket_client.go:183.31,184.23 1 0
server/public/model/websocket_client.go:185.21,186.33 1 0
server/public/model/websocket_client.go:187.23,188.42 1 0
server/public/model/websocket_client.go:188.42,190.6 1 0
server/public/model/websocket_client.go:191.21,192.59 1 0
server/public/model/websocket_client.go:194.29,195.10 1 0
server/public/model/websocket_client.go:201.38,214.12 1 0
server/public/model/websocket_client.go:214.12,215.16 1 0
server/public/model/websocket_client.go:215.16,221.54 5 0
server/public/model/websocket_client.go:221.54,223.5 1 0
server/public/model/websocket_client.go:224.4,226.20 3 0
server/public/model/websocket_client.go:229.3,232.7 3 0
server/public/model/websocket_client.go:232.7,236.18 3 0
server/public/model/websocket_client.go:236.18,237.100 1 0
server/public/model/websocket_client.go:237.100,239.6 1 0
server/public/model/websocket_client.go:240.5,240.11 1 0
server/public/model/websocket_client.go:243.4,244.18 2 0
server/public/model/websocket_client.go:244.18,250.5 2 0
server/public/model/websocket_client.go:252.4,253.22 2 0
server/public/model/websocket_client.go:253.22,255.13 2 0
server/public/model/websocket_client.go:257.4,257.23 1 0
server/public/model/websocket_client.go:257.23,259.13 2 0
server/public/model/websocket_client.go:262.4,263.87 2 0
server/public/model/websocket_client.go:263.87,265.13 2 0
server/public/model/websocket_client.go:271.77,282.2 6 0
server/public/model/websocket_client.go:284.89,291.16 6 0
server/public/model/websocket_client.go:291.16,293.3 1 0
server/public/model/websocket_client.go:295.2,301.12 3 0
server/public/model/websocket_client.go:306.68,313.2 2 0
server/public/model/websocket_client.go:316.43,318.2 1 0
server/public/model/websocket_client.go:322.64,327.2 2 0
server/public/model/websocket_client.go:330.67,335.2 2 0
server/public/model/websocket_client.go:338.61,343.2 2 0
server/public/model/websocket_client.go:346.85,352.2 2 0
server/public/model/websocket_client.go:354.53,358.2 3 0
server/public/model/websocket_client.go:360.63,361.40 1 0
server/public/model/websocket_client.go:361.40,363.3 1 0
server/public/model/websocket_client.go:364.2,368.12 3 0
server/public/model/websocket_client.go:376.44,377.6 1 0
server/public/model/websocket_client.go:377.6,378.10 1 0
server/public/model/websocket_client.go:379.29,380.36 1 0
server/public/model/websocket_client.go:380.36,382.5 1 0
server/public/model/websocket_client.go:383.4,383.77 1 0
server/public/model/websocket_client.go:385.33,387.77 2 0
server/public/model/websocket_client.go:388.31,389.10 1 0
server/public/model/websocket_message.go:170.58,171.15 1 0
server/public/model/websocket_message.go:171.15,173.3 1 0
server/public/model/websocket_message.go:175.2,176.25 2 0
server/public/model/websocket_message.go:176.25,179.3 2 0
server/public/model/websocket_message.go:180.2,189.11 9 0
server/public/model/websocket_message.go:192.79,195.2 2 0
server/public/model/websocket_message.go:203.79,204.14 1 0
server/public/model/websocket_message.go:204.14,206.3 1 0
server/public/model/websocket_message.go:208.2,210.20 2 0
server/public/model/websocket_message.go:210.20,213.3 2 0
server/public/model/websocket_message.go:215.2,215.19 1 0
server/public/model/websocket_message.go:215.19,218.3 2 0
server/public/model/websocket_message.go:220.2,220.24 1 0
server/public/model/websocket_message.go:220.24,223.3 2 0
server/public/model/websocket_message.go:225.2,225.11 1 0
server/public/model/websocket_message.go:247.60,258.2 6 0
server/public/model/websocket_message.go:260.67,264.2 3 0
server/public/model/websocket_message.go:269.97,273.43 3 0
server/public/model/websocket_message.go:273.43,275.3 1 0
server/public/model/websocket_message.go:277.2,283.32 5 0
server/public/model/websocket_message.go:286.54,288.2 1 0
server/public/model/websocket_message.go:290.152,301.2 1 0
server/public/model/websocket_message.go:303.50,312.2 2 0
server/public/model/websocket_message.go:314.54,323.2 2 0
server/public/model/websocket_message.go:325.52,327.2 1 0
server/public/model/websocket_message.go:329.62,331.2 1 0
server/public/model/websocket_message.go:333.47,335.2 1 0
server/public/model/websocket_message.go:337.78,341.2 3 0
server/public/model/websocket_message.go:343.72,347.2 3 0
server/public/model/websocket_message.go:349.87,353.2 3 0
server/public/model/websocket_message.go:355.66,359.2 3 0
server/public/model/websocket_message.go:361.42,363.2 1 0
server/public/model/websocket_message.go:365.58,367.2 1 0
server/public/model/websocket_message.go:369.52,370.31 1 0
server/public/model/websocket_message.go:370.31,372.3 1 0
server/public/model/websocket_message.go:373.2,378.4 1 0
server/public/model/websocket_message.go:382.74,383.31 1 0
server/public/model/websocket_message.go:383.31,386.3 2 0
server/public/model/websocket_message.go:388.2,393.4 1 0
server/public/model/websocket_message.go:398.55,408.2 1 0
server/public/model/websocket_message.go:410.70,413.57 3 0
server/public/model/websocket_message.go:413.57,415.3 1 0
server/public/model/websocket_message.go:416.2,417.33 2 0
server/public/model/websocket_message.go:417.33,421.17 2 0
server/public/model/websocket_message.go:421.17,423.4 1 0
server/public/model/websocket_message.go:425.3,426.51 2 0
server/public/model/websocket_message.go:426.51,428.4 1 0
server/public/model/websocket_message.go:429.3,429.25 1 0
server/public/model/websocket_message.go:431.2,434.17 4 0
server/public/model/websocket_message.go:447.56,449.2 1 0
server/public/model/websocket_message.go:451.98,453.2 1 0
server/public/model/websocket_message.go:455.74,457.2 1 0
server/public/model/websocket_message.go:459.44,461.2 1 0
server/public/model/websocket_message.go:463.60,465.2 1 0
server/public/model/websocket_message.go:467.54,469.2 1 0
server/public/model/websocket_message.go:471.76,474.2 2 0
server/public/model/websocket_message.go:476.36,478.2 1 0
server/public/model/websocket_message.go:480.45,482.2 1 0
server/public/model/websocket_request.go:30.63,32.16 2 0
server/public/model/websocket_request.go:32.16,34.3 1 0
server/public/model/websocket_request.go:35.2,37.16 3 0
server/public/model/websocket_request.go:37.16,39.3 1 0
server/public/model/websocket_request.go:40.2,40.18 1 0
server/public/model/wrangler.go:17.45,19.2 1 0
server/public/model/wrangler.go:22.47,23.24 1 0
server/public/model/wrangler.go:23.24,25.3 1 0
server/public/model/wrangler.go:27.2,27.21 1 0
server/public/model/wrangler.go:31.61,33.2 1 0
server/public/model/xml_helpers.go:20.77,21.14 1 0
server/public/model/xml_helpers.go:21.14,23.3 1 0
server/public/model/xml_helpers.go:25.2,25.45 1 0
server/public/model/xml_helpers.go:25.45,27.3 1 0
server/public/model/xml_helpers.go:30.2,31.19 2 0
server/public/model/xml_helpers.go:31.19,33.3 1 0
server/public/model/xml_helpers.go:34.2,36.25 2 0
server/public/model/xml_helpers.go:36.25,38.98 2 0
server/public/model/xml_helpers.go:38.98,40.4 1 0
server/public/model/xml_helpers.go:43.2,43.35 1 0
server/public/model/xml_helpers.go:47.80,50.6 2 0
server/public/model/xml_helpers.go:50.6,52.17 2 0
server/public/model/xml_helpers.go:52.17,54.4 1 0
server/public/model/xml_helpers.go:56.3,56.26 1 0
server/public/model/xml_helpers.go:57.25,58.31 1 0
server/public/model/xml_helpers.go:58.31,60.55 2 0
server/public/model/xml_helpers.go:60.55,62.6 1 0
server/public/model/xml_helpers.go:63.5,63.34 1 0
server/public/model/xml_helpers.go:64.10,65.36 1 0
server/public/model/xml_helpers.go:65.36,67.6 1 0
server/public/model/xml_helpers.go:69.23,70.14 1 0
server/public/model/xml_helpers.go:85.83,86.14 1 0
server/public/model/xml_helpers.go:86.14,88.3 1 0
server/public/model/xml_helpers.go:90.2,90.45 1 0
server/public/model/xml_helpers.go:90.45,92.3 1 0
server/public/model/xml_helpers.go:95.2,96.19 2 0
server/public/model/xml_helpers.go:96.19,98.3 1 0
server/public/model/xml_helpers.go:99.2,101.25 2 0
server/public/model/xml_helpers.go:101.25,105.26 3 0
server/public/model/xml_helpers.go:106.15,107.21 1 0
server/public/model/xml_helpers.go:108.12,110.24 2 0
server/public/model/xml_helpers.go:111.11,113.18 2 0
server/public/model/xml_helpers.go:113.18,115.5 1 0
server/public/model/xml_helpers.go:116.4,117.27 2 0
server/public/model/xml_helpers.go:120.3,120.98 1 0
server/public/model/xml_helpers.go:120.98,122.4 1 0
server/public/model/xml_helpers.go:125.2,125.35 1 0
server/public/model/xml_helpers.go:130.86,133.6 2 0
server/public/model/xml_helpers.go:133.6,135.17 2 0
server/public/model/xml_helpers.go:135.17,137.4 1 0
server/public/model/xml_helpers.go:139.3,139.26 1 0
server/public/model/xml_helpers.go:140.25,141.31 1 0
server/public/model/xml_helpers.go:141.31,143.55 2 0
server/public/model/xml_helpers.go:143.55,145.6 1 0
server/public/model/xml_helpers.go:146.5,146.33 1 0
server/public/model/xml_helpers.go:146.33,148.68 2 0
server/public/model/xml_helpers.go:148.68,150.7 1 0
server/public/model/xml_helpers.go:151.6,151.25 1 0
server/public/model/xml_helpers.go:152.11,154.6 1 0
server/public/model/xml_helpers.go:155.10,156.36 1 0
server/public/model/xml_helpers.go:156.36,158.6 1 0
server/public/model/xml_helpers.go:160.23,161.14 1 0
